#
# There is insufficient memory for the Java Runtime Environment to continue.
# Native memory allocation (mmap) failed to map 264241152 bytes for G1 virtual space
# Possible reasons:
#   The system is out of physical RAM or swap space
#   The process is running with CompressedOops enabled, and the Java Heap may be blocking the growth of the native heap
# Possible solutions:
#   Reduce memory load on the system
#   Increase physical memory or swap space
#   Check if swap backing store is full
#   Decrease Java heap size (-Xmx/-Xms)
#   Decrease number of Java threads
#   Decrease Java thread stack sizes (-Xss)
#   Set larger code cache with -XX:ReservedCodeCacheSize=
#   JVM is running with Zero Based Compressed Oops mode in which the Java heap is
#     placed in the first 32GB address space. The Java Heap base address is the
#     maximum limit for the native heap growth. Please use -XX:HeapBaseMinAddress
#     to set the Java Heap base and to place the Java Heap above 32GB virtual address.
# This output file may be truncated or incomplete.
#
#  Out of Memory Error (os_windows.cpp:3528), pid=4192, tid=38188
#
# JRE version:  (20.0.2+9) (build )
# Java VM: Java HotSpot(TM) 64-Bit Server VM (20.0.2+9-78, mixed mode, sharing, tiered, compressed oops, compressed class ptrs, g1 gc, windows-amd64)
# No core dump will be written. Minidumps are not enabled by default on client versions of Windows
#

---------------  S U M M A R Y ------------

Command Line: -XX:+ShowCodeDetailsInExceptionMessages GUI.login_page

Host: 11th Gen Intel(R) Core(TM) i5-11300H @ 3.10GHz, 8 cores, 15G,  Windows 11 , 64 bit Build 22621 (10.0.22621.4391)
Time: Sun Dec  1 01:18:24 2024 SE Asia Standard Time elapsed time: 0.013111 seconds (0d 0h 0m 0s)

---------------  T H R E A D  ---------------

Current thread (0x00000284b0c22960):  JavaThread "Unknown thread" [_thread_in_vm, id=38188, stack(0x000000b9ad700000,0x000000b9ad800000)]

Stack: [0x000000b9ad700000,0x000000b9ad800000]
Native frames: (J=compiled Java code, j=interpreted, Vv=VM code, C=native code)
V  [jvm.dll+0x6bc25a]
V  [jvm.dll+0x84971a]
V  [jvm.dll+0x84b315]
V  [jvm.dll+0x84ba13]
V  [jvm.dll+0x280e4f]
V  [jvm.dll+0x6b8fe9]
V  [jvm.dll+0x6adbca]
V  [jvm.dll+0x35b165]
V  [jvm.dll+0x363386]
V  [jvm.dll+0x3b400e]
V  [jvm.dll+0x3b4295]
V  [jvm.dll+0x32b86a]
V  [jvm.dll+0x32c68b]
V  [jvm.dll+0x8123df]
V  [jvm.dll+0x3c1261]
V  [jvm.dll+0x7fe103]
V  [jvm.dll+0x44ccaf]
V  [jvm.dll+0x44e621]
C  [jli.dll+0x5287]
C  [ucrtbase.dll+0x29333]
C  [KERNEL32.DLL+0x1259d]
C  [ntdll.dll+0x5af38]


---------------  P R O C E S S  ---------------

Threads class SMR info:
_java_thread_list=0x00007ffedba9b118, length=0, elements={
}

Java Threads: ( => current thread )

Other Threads:
  0x00000284b0c9b200 WorkerThread "GC Thread#0" [stack: 0x000000b9ad800000,0x000000b9ad900000] [id=39656]
  0x00000284b0cabdf0 ConcurrentGCThread "G1 Main Marker" [stack: 0x000000b9ad900000,0x000000b9ada00000] [id=37328]
  0x00000284b0cacfd0 WorkerThread "G1 Conc#0" [stack: 0x000000b9ada00000,0x000000b9adb00000] [id=29992]

[error occurred during error reporting (printing all threads), id 0xc0000005, EXCEPTION_ACCESS_VIOLATION (0xc0000005) at pc=0x00007ffedb27eea7]
VM state: not at safepoint (not fully initialized)

VM Mutex/Monitor currently owned by a thread:  ([mutex/lock_event])
[0x00000284b0c1dbb0] Heap_lock - owner thread: 0x00000284b0c22960

Heap address: 0x0000000704c00000, size: 4020 MB, Compressed Oops mode: Zero based, Oop shift amount: 3

CDS archive(s) mapped at: [0x0000000000000000-0x0000000000000000-0x0000000000000000), size 0, SharedBaseAddress: 0x0000000800000000, ArchiveRelocationMode: 1.
Narrow klass base: 0x0000000000000000, Narrow klass shift: 0, Narrow klass range: 0x0

GC Precious Log:
 CardTable entry size: 512
 Card Set container configuration: InlinePtr #cards 4 size 8 Array Of Cards #cards 16 size 48 Howl #buckets 8 coarsen threshold 3686 Howl Bitmap #cards 512 size 80 coarsen threshold 460 Card regions per heap region 1 cards per card region 4096

Heap:
 garbage-first heap   total 0K, used 0K [0x0000000704c00000, 0x0000000800000000)
  region size 2048K, 0 young (0K), 0 survivors (0K)

[error occurred during error reporting (printing heap information), id 0xc0000005, EXCEPTION_ACCESS_VIOLATION (0xc0000005) at pc=0x00007ffedb6547b9]
GC Heap History (0 events):
No events

Dll operation events (1 events):
Event: 0.008 Loaded shared library C:\Program Files\Java\jdk-20\bin\java.dll

Deoptimization events (0 events):
No events

Classes loaded (0 events):
No events

Classes unloaded (0 events):
No events

Classes redefined (0 events):
No events

Internal exceptions (0 events):
No events

VM Operations (0 events):
No events

Events (0 events):
No events


Dynamic libraries:
0x00007ff6724c0000 - 0x00007ff6724d0000 	C:\Program Files\Java\jdk-20\bin\java.exe
0x00007fff64030000 - 0x00007fff64247000 	C:\WINDOWS\SYSTEM32\ntdll.dll
0x00007fff638a0000 - 0x00007fff63964000 	C:\WINDOWS\System32\KERNEL32.DLL
0x00007fff61480000 - 0x00007fff61839000 	C:\WINDOWS\System32\KERNELBASE.dll
0x00007fff61360000 - 0x00007fff61471000 	C:\WINDOWS\System32\ucrtbase.dll
0x00007fff4fff0000 - 0x00007fff50009000 	C:\Program Files\Java\jdk-20\bin\jli.dll
0x00007fff50010000 - 0x00007fff5002b000 	C:\Program Files\Java\jdk-20\bin\VCRUNTIME140.dll
0x00007fff62c80000 - 0x00007fff62d32000 	C:\WINDOWS\System32\ADVAPI32.dll
0x00007fff62de0000 - 0x00007fff62e87000 	C:\WINDOWS\System32\msvcrt.dll
0x00007fff61f00000 - 0x00007fff61fa7000 	C:\WINDOWS\System32\sechost.dll
0x00007fff61a10000 - 0x00007fff61a38000 	C:\WINDOWS\System32\bcrypt.dll
0x00007fff62690000 - 0x00007fff627a4000 	C:\WINDOWS\System32\RPCRT4.dll
0x00007fff62140000 - 0x00007fff622ee000 	C:\WINDOWS\System32\USER32.dll
0x00007fff4a1b0000 - 0x00007fff4a442000 	C:\WINDOWS\WinSxS\amd64_microsoft.windows.common-controls_6595b64144ccf1df_6.0.22621.4391_none_2715d37f73803e96\COMCTL32.dll
0x00007fff61330000 - 0x00007fff61356000 	C:\WINDOWS\System32\win32u.dll
0x00007fff62d50000 - 0x00007fff62d79000 	C:\WINDOWS\System32\GDI32.dll
0x00007fff61ac0000 - 0x00007fff61bdb000 	C:\WINDOWS\System32\gdi32full.dll
0x00007fff61970000 - 0x00007fff61a0a000 	C:\WINDOWS\System32\msvcp_win.dll
0x00007fff5aad0000 - 0x00007fff5aada000 	C:\WINDOWS\SYSTEM32\VERSION.dll
0x00007fff62da0000 - 0x00007fff62dd1000 	C:\WINDOWS\System32\IMM32.DLL
0x00007fff584e0000 - 0x00007fff584ec000 	C:\Program Files\Java\jdk-20\bin\vcruntime140_1.dll
0x00007fff4c020000 - 0x00007fff4c0ae000 	C:\Program Files\Java\jdk-20\bin\msvcp140.dll
0x00007ffedaf40000 - 0x00007ffedbbd8000 	C:\Program Files\Java\jdk-20\bin\server\jvm.dll
0x00007fff4a570000 - 0x00007fff4a579000 	C:\WINDOWS\SYSTEM32\WSOCK32.dll
0x00007fff55d60000 - 0x00007fff55d94000 	C:\WINDOWS\SYSTEM32\WINMM.dll
0x00007fff63820000 - 0x00007fff63891000 	C:\WINDOWS\System32\WS2_32.dll
0x00007fff60420000 - 0x00007fff60438000 	C:\WINDOWS\SYSTEM32\kernel.appcore.dll
0x00007fff584b0000 - 0x00007fff584ba000 	C:\Program Files\Java\jdk-20\bin\jimage.dll
0x00007fff5e960000 - 0x00007fff5eb92000 	C:\WINDOWS\SYSTEM32\DBGHELP.DLL
0x00007fff62300000 - 0x00007fff6268f000 	C:\WINDOWS\System32\combase.dll
0x00007fff62b30000 - 0x00007fff62c07000 	C:\WINDOWS\System32\OLEAUT32.dll
0x00007fff4f610000 - 0x00007fff4f642000 	C:\WINDOWS\SYSTEM32\dbgcore.DLL
0x00007fff61a40000 - 0x00007fff61abb000 	C:\WINDOWS\System32\bcryptPrimitives.dll
0x00007fff4c200000 - 0x00007fff4c226000 	C:\Program Files\Java\jdk-20\bin\java.dll

dbghelp: loaded successfully - version: 4.0.5 - missing functions: none
symbol engine: initialized successfully - sym options: 0x614 - pdb path: .;C:\Program Files\Java\jdk-20\bin;C:\WINDOWS\SYSTEM32;C:\WINDOWS\WinSxS\amd64_microsoft.windows.common-controls_6595b64144ccf1df_6.0.22621.4391_none_2715d37f73803e96;C:\Program Files\Java\jdk-20\bin\server

VM Arguments:
jvm_args: -XX:+ShowCodeDetailsInExceptionMessages 
java_command: GUI.login_page
java_class_path (initial): C:\Users\ADMIN\AppData\Roaming\Code\User\workspaceStorage\d8e4a8245b05ebeb6f99ddf1f80dc7f7\redhat.java\jdt_ws\AppSieuThiMini-Java-CNPM_9f335179\bin;d:\CNTT_K22_SGU\Nam3\CNPM\AppSieuThiMini-Java-CNPM\lib\lib\commons-logging-1.2.jar;d:\CNTT_K22_SGU\Nam3\CNPM\AppSieuThiMini-Java-CNPM\lib\lib\commons-io-2.11.0.jar;d:\CNTT_K22_SGU\Nam3\CNPM\AppSieuThiMini-Java-CNPM\lib\lib\poi-5.2.3.jar;d:\CNTT_K22_SGU\Nam3\CNPM\AppSieuThiMini-Java-CNPM\lib\slf4j-api-1.7.25.jar;d:\CNTT_K22_SGU\Nam3\CNPM\AppSieuThiMini-Java-CNPM\lib\lib\poi-scratchpad-5.2.3.jar;d:\CNTT_K22_SGU\Nam3\CNPM\AppSieuThiMini-Java-CNPM\lib\flatlaf-3.0.jar;d:\CNTT_K22_SGU\Nam3\CNPM\AppSieuThiMini-Java-CNPM\lib\lib\poi-ooxml-5.2.3.jar;d:\CNTT_K22_SGU\Nam3\CNPM\AppSieuThiMini-Java-CNPM\lib\lib\commons-collections4-4.4.jar;d:\CNTT_K22_SGU\Nam3\CNPM\AppSieuThiMini-Java-CNPM\lib\slf4j-simple-1.7.25.jar;d:\CNTT_K22_SGU\Nam3\CNPM\AppSieuThiMini-Java-CNPM\lib\lib\commons-codec-1.15.jar;d:\CNTT_K22_SGU\Nam3\CNPM\AppSieuThiMini-Java-CNPM\lib\mysql-connector.jar;d:\CNTT_K22_SGU\Nam3\CNPM\AppSieuThiMini-Java-CNPM\lib\flatlaf-extras-3.1.jar;d:\CNTT_K22_SGU\Nam3\CNPM\AppSieuThiMini-Java-CNPM\lib\javax.activation-1.2.0.jar;d:\CNTT_K22_SGU\Nam3\CNPM\AppSieuThiMini-Java-CNPM\lib\lib\commons-compress-1.21.jar;d:\CNTT_K22_SGU\Nam3\CNPM\AppSieuThiMini-Java-CNPM\lib\lib\SparseBitSet-1.2.jar;d:\CNTT_K22_SGU\Nam3\CNPM\AppSieuThiMini-Java-CNPM\lib\lib\jakarta.activation-2.0.1.jar;d:\CNTT_K22_SGU\Nam3\CNPM\AppSieuThiMini-Java-CNPM\lib\mysql-connector-java-8.0.30.jar;d:\CNTT_K22_SGU\Nam3\CNPM\AppSieuThiMini-Java-CNPM\lib\zxing-1.7-javase.jar;d:\CNTT_K22_SGU\Nam3\CNPM\AppSieuThiMini-Java-CNPM\lib\lib\poi-examples-5.2.3.jar;d:\CNTT_K22_SGU\Nam3\CNPM\AppSieuThiMini-Java-CNPM\lib\log4j-core-2.20.0.jar;d:\CNTT_K22_SGU\Nam3\CNPM\AppSieuThiMini-Java-CNPM\lib\zxing-core-2.0.jar;d:\CNTT_K22_SGU\Nam3\CNPM\AppSieuThiMini-Java-CNPM\lib\lib\curvesapi-1.07.jar;d:\CNTT_K22_SGU\Nam3\CNPM\AppSieuThiMini-Java-CNPM\lib\lib\poi-javadoc-5.2.3.jar;d:\CNTT_K22_SGU\Nam3\CNPM\AppSieuThiMini-Java-CNPM\lib\lib\xmlbeans-5.1.1.jar;d:\CNTT_K22_SGU\Nam3\CNPM\AppSieuThiMini-Java-CNPM\lib\lib\commons-math3-3.6.1.jar;d:\CNTT_K22_SGU\Nam3\CNPM\AppSieuThiMini-Java-CNPM\lib\javase-3.3.0.jar;d:\CNTT_K22_SGU\Nam3\CNPM\AppSieuThiMini-Java-CNPM\lib\webcam-capture-0.3.12.jar;d:\CNTT_K22_SGU\Nam3\CNPM\AppSieuThiMini-Java-CNPM\lib\core-3.3.0.jar;d:\CNTT_K22_SGU\Nam3\CNPM\AppSieuThiMini-Java-CNPM\lib\lib\jakarta.xml.bind-api-3.0.1.jar;d:\CNTT_K22_SGU\Nam3\CNPM\AppSieuThiMini-Java-CNPM\lib\lib\poi-ooxml-full-5.2.3.jar;d:\CNTT_K22_SGU\Nam3\CNPM\AppSieuThiMini-Java-CNPM\lib\lib\slf4j-api-1.7.36.jar;d:\CNTT_K22_SGU\Nam3\CNPM\AppSieuThiMini-Java-CNPM\lib\bridj-0.7.0.jar;d:\CNTT_K22_SGU\Nam3\CNPM\AppSieuThiMini-Java-CNPM\lib\lib\log4j-api-2.18.0.jar;d:\CNTT_K22_SGU\Nam3\CNPM\AppSieuThiMini-Java-CNPM\lib\flatlaf-fonts-roboto-2.137.jar;d:\CNTT_K22_SGU\Nam3\CNPM\AppSieuThiMini-Java-CNPM\lib\TimingFramework-0.55.jar;d:\CNTT_K22_SGU\Nam3\CNPM\AppSieuThiMini-Java-CNPM\lib\slf4j-api-1.7.2.jar;d:\CNTT_K22_SGU\Nam3\CNPM\AppSieuThiMini-Java-CNPM\lib\lib\poi-excelant-5.2.3.jar;d:\CNTT_K22_SGU\Nam3\CNPM\AppSieuThiMini-Java-CNPM\lib\lib\poi-ooxml-lite-5.2.3.jar;d:\CNTT_K22_SGU\Nam3\CNPM\AppSieuThiMini-Java-CNPM\lib\svgSalamander-1.1.4.jar;d:\CNTT_K22_SGU\Nam3\CNPM\AppSieuThiMini-Java-CNPM\lib\jcalendar-1.4.jar;d:\CNTT_K22_SGU\Nam3\CNPM\AppSieuThiMini-Java-CNPM\lib\swingx-all-1.6.4.jar;d:\CNTT_K22_SGU\Nam3\CNPM\AppSieuThiMini-Java-CNPM\lib\itextpdf-5.5.12.jar;d:\CNTT_K22_SGU\Nam3\CNPM\AppSieuThiMini-Java-CNPM\lib\javax.mail.jar
Launcher Type: SUN_STANDARD

[Global flags]
     intx CICompilerCount                          = 4                                         {product} {ergonomic}
     uint ConcGCThreads                            = 2                                         {product} {ergonomic}
     uint G1ConcRefinementThreads                  = 8                                         {product} {ergonomic}
   size_t G1HeapRegionSize                         = 2097152                                   {product} {ergonomic}
    uintx GCDrainStackTargetSize                   = 64                                        {product} {ergonomic}
   size_t InitialHeapSize                          = 264241152                                 {product} {ergonomic}
   size_t MarkStackSize                            = 4194304                                   {product} {ergonomic}
   size_t MaxHeapSize                              = 4215275520                                {product} {ergonomic}
   size_t MinHeapDeltaBytes                        = 2097152                                   {product} {ergonomic}
   size_t MinHeapSize                              = 8388608                                   {product} {ergonomic}
    uintx NonNMethodCodeHeapSize                   = 5839372                                {pd product} {ergonomic}
    uintx NonProfiledCodeHeapSize                  = 122909434                              {pd product} {ergonomic}
    uintx ProfiledCodeHeapSize                     = 122909434                              {pd product} {ergonomic}
    uintx ReservedCodeCacheSize                    = 251658240                              {pd product} {ergonomic}
     bool SegmentedCodeCache                       = true                                      {product} {ergonomic}
     bool ShowCodeDetailsInExceptionMessages       = true                                   {manageable} {command line}
   size_t SoftMaxHeapSize                          = 4215275520                             {manageable} {ergonomic}
     bool UseCompressedClassPointers               = true                           {product lp64_product} {ergonomic}
     bool UseCompressedOops                        = true                           {product lp64_product} {ergonomic}
     bool UseG1GC                                  = true                                      {product} {ergonomic}
     bool UseLargePagesIndividualAllocation        = false                                  {pd product} {ergonomic}

Logging:
Log output configuration:
 #0: stdout all=warning uptime,level,tags foldmultilines=false
 #1: stderr all=off uptime,level,tags foldmultilines=false

Environment Variables:
PATH=C:\Users\ADMIN\Downloads\WINDOWS.X64_193000_db_home\bin;C:\Program Files\Common Files\Oracle\Java\javapath;C:\Program Files (x86)\Common Files\Oracle\Java\javapath;C:\Windows\system32;C:\Windows;C:\Windows\System32\Wbem;C:\Windows\System32\WindowsPowerShell\v1.0\;C:\Windows\System32\OpenSSH\;C:\Program Files (x86)\NVIDIA Corporation\PhysX\Common;C:\Program Files\NVIDIA Corporation\NVIDIA NvDLISR;C:\WINDOWS\system32;C:\WINDOWS;C:\WINDOWS\System32\Wbem;C:\WINDOWS\System32\WindowsPowerShell\v1.0\;C:\WINDOWS\System32\OpenSSH\;C:\Program Files\Azure Data Studio\bin;C:\Program Files (x86)\Microsoft SQL Server\160\DTS\Binn\;C:\Program Files\nodejs\;C:\Program Files\Git\cmd;C:\Program Files\Git\bin;C:\Users\ADMIN\AppData\Local\Programs\Python\Python312;C:\Users\ADMIN\AppData\Local\Programs\Python\Python312\Scripts;D:\xampp\php;D:\composer;C:\Users\ADMIN\AppData\Local\Programs\Python\Python310;C:\Users\ADMIN\AppData\Local\Programs\Python\Python310\Scripts;C:\Users\ADMIN\AppData\Local\Programs\Python\Launcher\;C:\Users\ADMIN\AppData\Local\Microsoft\WindowsApps;C:\msys64\mingw64\bin;C:\Users\ADMIN\AppData\Local\Programs\Microsoft VS Code\bin;C:\Program Files\Azure Data Studio\bin;C:\Users\ADMIN\AppData\Roaming\npm;C:\Program Files\Tesseract-OCR;C:\Users\ADMIN\AppData\Roaming\Composer\vendor\bin
USERNAME=ADMIN
LANG=en_US.UTF-8
OS=Windows_NT
PROCESSOR_IDENTIFIER=Intel64 Family 6 Model 140 Stepping 1, GenuineIntel
TMP=C:\Users\ADMIN\AppData\Local\Temp
TEMP=C:\Users\ADMIN\AppData\Local\Temp




---------------  S Y S T E M  ---------------

OS:
 Windows 11 , 64 bit Build 22621 (10.0.22621.4391)
OS uptime: 0 days 16:43 hours
Hyper-V role detected

CPU: total 8 (initial active 8) (4 cores per cpu, 2 threads per core) family 6 model 140 stepping 1 microcode 0x86, cx8, cmov, fxsr, ht, mmx, 3dnowpref, sse, sse2, sse3, ssse3, sse4.1, sse4.2, popcnt, lzcnt, tsc, tscinvbit, avx, avx2, aes, erms, clmul, bmi1, bmi2, adx, avx512f, avx512dq, avx512cd, avx512bw, avx512vl, sha, fma, vzeroupper, avx512_vpopcntdq, avx512_vpclmulqdq, avx512_vaes, avx512_vnni, clflush, clflushopt, clwb, avx512_vbmi2, avx512_vbmi, hv, rdtscp, rdpid, fsrm, gfni, avx512_bitalg, f16c, cet_ibt, cet_ss, avx512_ifma

Memory: 4k page, system-wide physical 16075M (1613M free)
TotalPageFile size 49141M (AvailPageFile size 57M)
current process WorkingSet (physical memory assigned to process): 11M, peak: 11M
current process commit charge ("private bytes"): 60M, peak: 312M

vm_info: Java HotSpot(TM) 64-Bit Server VM (20.0.2+9-78) for windows-amd64 JRE (20.0.2+9-78), built on 2023-06-14T10:08:48Z by "mach5one" with MS VC++ 17.1 (VS2022)

END.
