#
# There is insufficient memory for the Java Runtime Environment to continue.
# Native memory allocation (mmap) failed to map 74448896 bytes for G1 virtual space
# Possible reasons:
#   The system is out of physical RAM or swap space
#   The process is running with CompressedOops enabled, and the Java Heap may be blocking the growth of the native heap
# Possible solutions:
#   Reduce memory load on the system
#   Increase physical memory or swap space
#   Check if swap backing store is full
#   Decrease Java heap size (-Xmx/-Xms)
#   Decrease number of Java threads
#   Decrease Java thread stack sizes (-Xss)
#   Set larger code cache with -XX:ReservedCodeCacheSize=
#   JVM is running with Unscaled Compressed Oops mode in which the Java heap is
#     placed in the first 4GB address space. The Java Heap base address is the
#     maximum limit for the native heap growth. Please use -XX:HeapBaseMinAddress
#     to set the Java Heap base and to place the Java Heap above 4GB virtual address.
# This output file may be truncated or incomplete.
#
#  Out of Memory Error (os_windows.cpp:3600), pid=8632, tid=21920
#
# JRE version: Java(TM) SE Runtime Environment (21.0.1+12) (build 21.0.1+12-LTS-29)
# Java VM: Java HotSpot(TM) 64-Bit Server VM (21.0.1+12-LTS-29, mixed mode, sharing, tiered, compressed oops, compressed class ptrs, g1 gc, windows-amd64)
# No core dump will be written. Minidumps are not enabled by default on client versions of Windows
#

---------------  S U M M A R Y ------------

Command Line: -Dfile.encoding=UTF-8 --module-path=D:\AppSieuThiMini-Java-CNPM\build\classes GUI.login_page

Host: AMD Ryzen 5 4600H with Radeon Graphics         , 12 cores, 7G,  Windows 11 , 64 bit Build 22621 (10.0.22621.3958)
Time: Fri Dec  6 03:48:19 2024 Pacific Standard Time elapsed time: 9.856397 seconds (0d 0h 0m 9s)

---------------  T H R E A D  ---------------

Current thread (0x0000016c785b6b00):  VMThread "VM Thread"          [id=21920, stack(0x0000000684700000,0x0000000684800000) (1024K)]

Stack: [0x0000000684700000,0x0000000684800000]
Native frames: (J=compiled Java code, j=interpreted, Vv=VM code, C=native code)
V  [jvm.dll+0x6c9029]
V  [jvm.dll+0x854b81]
V  [jvm.dll+0x856e5e]
V  [jvm.dll+0x857543]
V  [jvm.dll+0x280c06]
V  [jvm.dll+0x6c5715]
V  [jvm.dll+0x6ba10a]
V  [jvm.dll+0x3557ea]
V  [jvm.dll+0x35d436]
V  [jvm.dll+0x3ae1be]
V  [jvm.dll+0x3ae468]
V  [jvm.dll+0x3291fc]
V  [jvm.dll+0x32baa6]
V  [jvm.dll+0x3359fe]
V  [jvm.dll+0x36bc65]
V  [jvm.dll+0x85d048]
V  [jvm.dll+0x85e144]
V  [jvm.dll+0x85e680]
V  [jvm.dll+0x85e923]
V  [jvm.dll+0x7fd728]
V  [jvm.dll+0x6c777d]
C  [ucrtbase.dll+0x29333]
C  [KERNEL32.DLL+0x1257d]
C  [ntdll.dll+0x5af28]

VM_Operation (0x00000006842ff5d0): G1PauseRemark, mode: safepoint, requested by thread 0x0000016c68b61e80


---------------  P R O C E S S  ---------------

Threads class SMR info:
_java_thread_list=0x0000016c547b34a0, length=20, elements={
0x0000016c785ce5d0, 0x0000016c785cf2f0, 0x0000016c785d5950, 0x0000016c785d63b0,
0x0000016c785d6e10, 0x0000016c785d99b0, 0x0000016c785fdd80, 0x0000016c785ff960,
0x0000016c78845210, 0x0000016c788f4490, 0x0000016c7d2d6a30, 0x0000016c7d4ccec0,
0x0000016c7db25db0, 0x0000016c7dba7d00, 0x0000016c7db98200, 0x0000016c689622a0,
0x0000016c7884ec20, 0x0000016c7e851c00, 0x0000016c54544b50, 0x0000016c54432720
}

Java Threads: ( => current thread )
  0x0000016c785ce5d0 JavaThread "Reference Handler"          daemon [_thread_blocked, id=13740, stack(0x0000000684800000,0x0000000684900000) (1024K)]
  0x0000016c785cf2f0 JavaThread "Finalizer"                  daemon [_thread_blocked, id=23080, stack(0x0000000684900000,0x0000000684a00000) (1024K)]
  0x0000016c785d5950 JavaThread "Signal Dispatcher"          daemon [_thread_blocked, id=23856, stack(0x0000000684a00000,0x0000000684b00000) (1024K)]
  0x0000016c785d63b0 JavaThread "Attach Listener"            daemon [_thread_blocked, id=308, stack(0x0000000684b00000,0x0000000684c00000) (1024K)]
  0x0000016c785d6e10 JavaThread "Service Thread"             daemon [_thread_blocked, id=28628, stack(0x0000000684c00000,0x0000000684d00000) (1024K)]
  0x0000016c785d99b0 JavaThread "Monitor Deflation Thread"   daemon [_thread_blocked, id=22356, stack(0x0000000684d00000,0x0000000684e00000) (1024K)]
  0x0000016c785fdd80 JavaThread "C2 CompilerThread0"         daemon [_thread_blocked, id=6344, stack(0x0000000684e00000,0x0000000684f00000) (1024K)]
  0x0000016c785ff960 JavaThread "C1 CompilerThread0"         daemon [_thread_blocked, id=26948, stack(0x0000000684f00000,0x0000000685000000) (1024K)]
  0x0000016c78845210 JavaThread "Common-Cleaner"             daemon [_thread_blocked, id=19824, stack(0x0000000685000000,0x0000000685100000) (1024K)]
  0x0000016c788f4490 JavaThread "Notification Thread"        daemon [_thread_blocked, id=25940, stack(0x0000000685200000,0x0000000685300000) (1024K)]
  0x0000016c7d2d6a30 JavaThread "Java2D Disposer"            daemon [_thread_blocked, id=30572, stack(0x0000000685300000,0x0000000685400000) (1024K)]
  0x0000016c7d4ccec0 JavaThread "AWT-Shutdown"                      [_thread_blocked, id=24780, stack(0x0000000685800000,0x0000000685900000) (1024K)]
  0x0000016c7db25db0 JavaThread "AWT-Windows"                daemon [_thread_in_native, id=21512, stack(0x0000000685900000,0x0000000685a00000) (1024K)]
  0x0000016c7dba7d00 JavaThread "Image Fetcher 0"            daemon [_thread_blocked, id=1164, stack(0x0000000686400000,0x0000000686500000) (1024K)]
  0x0000016c7db98200 JavaThread "AWT-EventQueue-0"                  [_thread_blocked, id=13652, stack(0x0000000686500000,0x0000000686600000) (1024K)]
  0x0000016c689622a0 JavaThread "DestroyJavaVM"                     [_thread_blocked, id=29424, stack(0x0000000684000000,0x0000000684100000) (1024K)]
  0x0000016c7884ec20 JavaThread "D3D Screen Updater"         daemon [_thread_blocked, id=24588, stack(0x0000000686700000,0x0000000686800000) (1024K)]
  0x0000016c7e851c00 JavaThread "TimerQueue"                 daemon [_thread_blocked, id=27508, stack(0x0000000686800000,0x0000000686900000) (1024K)]
  0x0000016c54544b50 JavaThread "mysql-cj-abandoned-connection-cleanup" daemon [_thread_blocked, id=29824, stack(0x0000000685100000,0x0000000685200000) (1024K)]
  0x0000016c54432720 JavaThread "Image Fetcher 1"            daemon [_thread_blocked, id=27692, stack(0x0000000686900000,0x0000000686a00000) (1024K)]
Total: 20

Other Threads:
=>0x0000016c785b6b00 VMThread "VM Thread"                           [id=21920, stack(0x0000000684700000,0x0000000684800000) (1024K)]
  0x0000016c7859a040 WatcherThread "VM Periodic Task Thread"        [id=30164, stack(0x0000000684600000,0x0000000684700000) (1024K)]
  0x0000016c68b52060 WorkerThread "GC Thread#0"                     [id=12688, stack(0x0000000684100000,0x0000000684200000) (1024K)]
  0x0000016c7d3197f0 WorkerThread "GC Thread#1"                     [id=6644, stack(0x0000000685400000,0x0000000685500000) (1024K)]
  0x0000016c7d4cf090 WorkerThread "GC Thread#2"                     [id=32756, stack(0x0000000685500000,0x0000000685600000) (1024K)]
  0x0000016c7d41e0f0 WorkerThread "GC Thread#3"                     [id=31472, stack(0x0000000685600000,0x0000000685700000) (1024K)]
  0x0000016c7d41e490 WorkerThread "GC Thread#4"                     [id=24984, stack(0x0000000685700000,0x0000000685800000) (1024K)]
  0x0000016c7e1acae0 WorkerThread "GC Thread#5"                     [id=11012, stack(0x0000000686a00000,0x0000000686b00000) (1024K)]
  0x0000016c7e1ae0a0 WorkerThread "GC Thread#6"                     [id=32692, stack(0x0000000686b00000,0x0000000686c00000) (1024K)]
  0x0000016c7e1ad220 WorkerThread "GC Thread#7"                     [id=9136, stack(0x0000000686c00000,0x0000000686d00000) (1024K)]
  0x0000016c7e1ad5c0 WorkerThread "GC Thread#8"                     [id=22732, stack(0x0000000686d00000,0x0000000686e00000) (1024K)]
  0x0000016c7e1add00 WorkerThread "GC Thread#9"                     [id=25032, stack(0x0000000686e00000,0x0000000686f00000) (1024K)]
  0x0000016c68b61e80 ConcurrentGCThread "G1 Main Marker"            [id=30680, stack(0x0000000684200000,0x0000000684300000) (1024K)]
  0x0000016c68b63840 WorkerThread "G1 Conc#0"                       [id=25048, stack(0x0000000684300000,0x0000000684400000) (1024K)]
  0x0000016c7e227b50 WorkerThread "G1 Conc#1"                       [id=21196, stack(0x0000000687000000,0x0000000687100000) (1024K)]
  0x0000016c7e226590 WorkerThread "G1 Conc#2"                       [id=31008, stack(0x0000000687100000,0x0000000687200000) (1024K)]
  0x0000016c68bbe640 ConcurrentGCThread "G1 Refine#0"               [id=27324, stack(0x0000000684400000,0x0000000684500000) (1024K)]
  0x0000016c784712c0 ConcurrentGCThread "G1 Service"                [id=29888, stack(0x0000000684500000,0x0000000684600000) (1024K)]
Total: 18

Threads with active compile tasks:
Total: 0

VM state: at safepoint (normal execution)

VM Mutex/Monitor currently owned by a thread:  ([mutex/lock_event])
[0x00007ffbf6d7a5f8] Threads_lock - owner thread: 0x0000016c785b6b00
[0x00007ffbf6d7a6f8] Heap_lock - owner thread: 0x0000016c68b61e80

Heap address: 0x0000000089400000, size: 1900 MB, Compressed Oops mode: 32-bit

CDS archive(s) mapped at: [0x0000016c0f000000-0x0000016c0fc90000-0x0000016c0fc90000), size 13172736, SharedBaseAddress: 0x0000016c0f000000, ArchiveRelocationMode: 1.
Compressed class space mapped at: 0x0000016c10000000-0x0000016c50000000, reserved size: 1073741824
Narrow klass base: 0x0000016c0f000000, Narrow klass shift: 0, Narrow klass range: 0x100000000

GC Precious Log:
 CardTable entry size: 512
 Card Set container configuration: InlinePtr #cards 5 size 8 Array Of Cards #cards 12 size 40 Howl #buckets 4 coarsen threshold 1843 Howl Bitmap #cards 512 size 80 coarsen threshold 460 Card regions per heap region 1 cards per card region 2048
 CPUs: 12 total, 12 available
 Memory: 7597M
 Large Page Support: Disabled
 NUMA Support: Disabled
 Compressed Oops: Enabled (32-bit)
 Heap Region Size: 1M
 Heap Min Capacity: 8M
 Heap Initial Capacity: 120M
 Heap Max Capacity: 1900M
 Pre-touch: Disabled
 Parallel Workers: 10
 Concurrent Workers: 3
 Concurrent Refinement Workers: 10
 Periodic GC: Disabled

Heap:
 garbage-first heap   total 183296K, used 152113K [0x0000000089400000, 0x0000000100000000)
  region size 1024K, 3 young (3072K), 1 survivors (1024K)
 Metaspace       used 24262K, committed 24640K, reserved 1114112K
  class space    used 2669K, committed 2816K, reserved 1048576K

Heap Regions: E=young(eden), S=young(survivor), O=old, HS=humongous(starts), HC=humongous(continues), CS=collection set, F=free, TAMS=top-at-mark-start, PB=parsable bottom
|   0|0x0000000089400000, 0x0000000089500000, 0x0000000089500000|100%| O|  |TAMS 0x0000000089500000| PB 0x0000000089500000| Untracked 
|   1|0x0000000089500000, 0x0000000089600000, 0x0000000089600000|100%| O|  |TAMS 0x0000000089600000| PB 0x0000000089600000| Untracked 
|   2|0x0000000089600000, 0x0000000089700000, 0x0000000089700000|100%| O|  |TAMS 0x0000000089700000| PB 0x0000000089700000| Untracked 
|   3|0x0000000089700000, 0x0000000089800000, 0x0000000089800000|100%| O|  |TAMS 0x0000000089800000| PB 0x0000000089800000| Untracked 
|   4|0x0000000089800000, 0x0000000089800000, 0x0000000089900000|  0%| F|  |TAMS 0x0000000089800000| PB 0x0000000089800000| Untracked 
|   5|0x0000000089900000, 0x0000000089a00000, 0x0000000089a00000|100%| O|  |TAMS 0x0000000089a00000| PB 0x0000000089a00000| Untracked 
|   6|0x0000000089a00000, 0x0000000089b00000, 0x0000000089b00000|100%| O|  |TAMS 0x0000000089b00000| PB 0x0000000089b00000| Untracked 
|   7|0x0000000089b00000, 0x0000000089c00000, 0x0000000089c00000|100%| O|  |TAMS 0x0000000089c00000| PB 0x0000000089c00000| Updating 
|   8|0x0000000089c00000, 0x0000000089d00000, 0x0000000089d00000|100%|HS|  |TAMS 0x0000000089d00000| PB 0x0000000089c00000| Complete 
|   9|0x0000000089d00000, 0x0000000089e00000, 0x0000000089e00000|100%|HC|  |TAMS 0x0000000089e00000| PB 0x0000000089d00000| Complete 
|  10|0x0000000089e00000, 0x0000000089f00000, 0x0000000089f00000|100%|HS|  |TAMS 0x0000000089f00000| PB 0x0000000089e00000| Complete 
|  11|0x0000000089f00000, 0x000000008a000000, 0x000000008a000000|100%| O|  |TAMS 0x000000008a000000| PB 0x000000008a000000| Untracked 
|  12|0x000000008a000000, 0x000000008a100000, 0x000000008a100000|100%| O|  |TAMS 0x000000008a100000| PB 0x000000008a100000| Untracked 
|  13|0x000000008a100000, 0x000000008a200000, 0x000000008a200000|100%| O|  |TAMS 0x000000008a200000| PB 0x000000008a200000| Updating 
|  14|0x000000008a200000, 0x000000008a300000, 0x000000008a300000|100%|HS|  |TAMS 0x000000008a300000| PB 0x000000008a200000| Complete 
|  15|0x000000008a300000, 0x000000008a400000, 0x000000008a400000|100%|HS|  |TAMS 0x000000008a400000| PB 0x000000008a300000| Complete 
|  16|0x000000008a400000, 0x000000008a500000, 0x000000008a500000|100%|HC|  |TAMS 0x000000008a500000| PB 0x000000008a400000| Complete 
|  17|0x000000008a500000, 0x000000008a600000, 0x000000008a600000|100%| O|  |TAMS 0x000000008a600000| PB 0x000000008a600000| Untracked 
|  18|0x000000008a600000, 0x000000008a700000, 0x000000008a700000|100%| O|  |TAMS 0x000000008a700000| PB 0x000000008a700000| Untracked 
|  19|0x000000008a700000, 0x000000008a700000, 0x000000008a800000|  0%| F|  |TAMS 0x000000008a700000| PB 0x000000008a700000| Untracked 
|  20|0x000000008a800000, 0x000000008a900000, 0x000000008a900000|100%|HS|  |TAMS 0x000000008a900000| PB 0x000000008a800000| Complete 
|  21|0x000000008a900000, 0x000000008aa00000, 0x000000008aa00000|100%|HC|  |TAMS 0x000000008aa00000| PB 0x000000008a900000| Complete 
|  22|0x000000008aa00000, 0x000000008ab00000, 0x000000008ab00000|100%|HC|  |TAMS 0x000000008ab00000| PB 0x000000008aa00000| Complete 
|  23|0x000000008ab00000, 0x000000008ac00000, 0x000000008ac00000|100%|HC|  |TAMS 0x000000008ac00000| PB 0x000000008ab00000| Complete 
|  24|0x000000008ac00000, 0x000000008ad00000, 0x000000008ad00000|100%|HS|  |TAMS 0x000000008ad00000| PB 0x000000008ac00000| Complete 
|  25|0x000000008ad00000, 0x000000008ae00000, 0x000000008ae00000|100%|HC|  |TAMS 0x000000008ae00000| PB 0x000000008ad00000| Complete 
|  26|0x000000008ae00000, 0x000000008af00000, 0x000000008af00000|100%|HC|  |TAMS 0x000000008af00000| PB 0x000000008ae00000| Complete 
|  27|0x000000008af00000, 0x000000008b000000, 0x000000008b000000|100%|HC|  |TAMS 0x000000008b000000| PB 0x000000008af00000| Complete 
|  28|0x000000008b000000, 0x000000008b100000, 0x000000008b100000|100%|HS|  |TAMS 0x000000008b100000| PB 0x000000008b000000| Complete 
|  29|0x000000008b100000, 0x000000008b200000, 0x000000008b200000|100%|HC|  |TAMS 0x000000008b200000| PB 0x000000008b100000| Complete 
|  30|0x000000008b200000, 0x000000008b300000, 0x000000008b300000|100%|HC|  |TAMS 0x000000008b300000| PB 0x000000008b200000| Complete 
|  31|0x000000008b300000, 0x000000008b400000, 0x000000008b400000|100%|HC|  |TAMS 0x000000008b400000| PB 0x000000008b300000| Complete 
|  32|0x000000008b400000, 0x000000008b500000, 0x000000008b500000|100%|HS|  |TAMS 0x000000008b500000| PB 0x000000008b400000| Complete 
|  33|0x000000008b500000, 0x000000008b600000, 0x000000008b600000|100%|HC|  |TAMS 0x000000008b600000| PB 0x000000008b500000| Complete 
|  34|0x000000008b600000, 0x000000008b700000, 0x000000008b700000|100%|HC|  |TAMS 0x000000008b700000| PB 0x000000008b600000| Complete 
|  35|0x000000008b700000, 0x000000008b800000, 0x000000008b800000|100%|HC|  |TAMS 0x000000008b800000| PB 0x000000008b700000| Complete 
|  36|0x000000008b800000, 0x000000008b900000, 0x000000008b900000|100%|HS|  |TAMS 0x000000008b900000| PB 0x000000008b800000| Complete 
|  37|0x000000008b900000, 0x000000008ba00000, 0x000000008ba00000|100%|HC|  |TAMS 0x000000008ba00000| PB 0x000000008b900000| Complete 
|  38|0x000000008ba00000, 0x000000008bb00000, 0x000000008bb00000|100%|HC|  |TAMS 0x000000008bb00000| PB 0x000000008ba00000| Complete 
|  39|0x000000008bb00000, 0x000000008bc00000, 0x000000008bc00000|100%|HC|  |TAMS 0x000000008bc00000| PB 0x000000008bb00000| Complete 
|  40|0x000000008bc00000, 0x000000008bd00000, 0x000000008bd00000|100%|HS|  |TAMS 0x000000008bd00000| PB 0x000000008bc00000| Complete 
|  41|0x000000008bd00000, 0x000000008be00000, 0x000000008be00000|100%|HC|  |TAMS 0x000000008be00000| PB 0x000000008bd00000| Complete 
|  42|0x000000008be00000, 0x000000008bf00000, 0x000000008bf00000|100%|HC|  |TAMS 0x000000008bf00000| PB 0x000000008be00000| Complete 
|  43|0x000000008bf00000, 0x000000008c000000, 0x000000008c000000|100%|HC|  |TAMS 0x000000008c000000| PB 0x000000008bf00000| Complete 
|  44|0x000000008c000000, 0x000000008c100000, 0x000000008c100000|100%|HS|  |TAMS 0x000000008c100000| PB 0x000000008c000000| Complete 
|  45|0x000000008c100000, 0x000000008c200000, 0x000000008c200000|100%|HC|  |TAMS 0x000000008c200000| PB 0x000000008c100000| Complete 
|  46|0x000000008c200000, 0x000000008c300000, 0x000000008c300000|100%|HC|  |TAMS 0x000000008c300000| PB 0x000000008c200000| Complete 
|  47|0x000000008c300000, 0x000000008c400000, 0x000000008c400000|100%|HC|  |TAMS 0x000000008c400000| PB 0x000000008c300000| Complete 
|  48|0x000000008c400000, 0x000000008c500000, 0x000000008c500000|100%|HS|  |TAMS 0x000000008c500000| PB 0x000000008c400000| Complete 
|  49|0x000000008c500000, 0x000000008c600000, 0x000000008c600000|100%|HC|  |TAMS 0x000000008c600000| PB 0x000000008c500000| Complete 
|  50|0x000000008c600000, 0x000000008c700000, 0x000000008c700000|100%|HC|  |TAMS 0x000000008c700000| PB 0x000000008c600000| Complete 
|  51|0x000000008c700000, 0x000000008c800000, 0x000000008c800000|100%|HC|  |TAMS 0x000000008c800000| PB 0x000000008c700000| Complete 
|  52|0x000000008c800000, 0x000000008c900000, 0x000000008c900000|100%|HS|  |TAMS 0x000000008c900000| PB 0x000000008c800000| Complete 
|  53|0x000000008c900000, 0x000000008ca00000, 0x000000008ca00000|100%|HC|  |TAMS 0x000000008ca00000| PB 0x000000008c900000| Complete 
|  54|0x000000008ca00000, 0x000000008cb00000, 0x000000008cb00000|100%|HC|  |TAMS 0x000000008cb00000| PB 0x000000008ca00000| Complete 
|  55|0x000000008cb00000, 0x000000008cc00000, 0x000000008cc00000|100%|HC|  |TAMS 0x000000008cc00000| PB 0x000000008cb00000| Complete 
|  56|0x000000008cc00000, 0x000000008cd00000, 0x000000008cd00000|100%|HS|  |TAMS 0x000000008cd00000| PB 0x000000008cc00000| Complete 
|  57|0x000000008cd00000, 0x000000008ce00000, 0x000000008ce00000|100%|HC|  |TAMS 0x000000008ce00000| PB 0x000000008cd00000| Complete 
|  58|0x000000008ce00000, 0x000000008cf00000, 0x000000008cf00000|100%|HC|  |TAMS 0x000000008cf00000| PB 0x000000008ce00000| Complete 
|  59|0x000000008cf00000, 0x000000008d000000, 0x000000008d000000|100%|HC|  |TAMS 0x000000008d000000| PB 0x000000008cf00000| Complete 
|  60|0x000000008d000000, 0x000000008d100000, 0x000000008d100000|100%|HS|  |TAMS 0x000000008d100000| PB 0x000000008d000000| Complete 
|  61|0x000000008d100000, 0x000000008d200000, 0x000000008d200000|100%|HC|  |TAMS 0x000000008d200000| PB 0x000000008d100000| Complete 
|  62|0x000000008d200000, 0x000000008d300000, 0x000000008d300000|100%|HC|  |TAMS 0x000000008d300000| PB 0x000000008d200000| Complete 
|  63|0x000000008d300000, 0x000000008d400000, 0x000000008d400000|100%|HC|  |TAMS 0x000000008d400000| PB 0x000000008d300000| Complete 
|  64|0x000000008d400000, 0x000000008d500000, 0x000000008d500000|100%|HS|  |TAMS 0x000000008d500000| PB 0x000000008d400000| Complete 
|  65|0x000000008d500000, 0x000000008d600000, 0x000000008d600000|100%|HC|  |TAMS 0x000000008d600000| PB 0x000000008d500000| Complete 
|  66|0x000000008d600000, 0x000000008d700000, 0x000000008d700000|100%|HC|  |TAMS 0x000000008d700000| PB 0x000000008d600000| Complete 
|  67|0x000000008d700000, 0x000000008d800000, 0x000000008d800000|100%|HC|  |TAMS 0x000000008d800000| PB 0x000000008d700000| Complete 
|  68|0x000000008d800000, 0x000000008d900000, 0x000000008d900000|100%|HS|  |TAMS 0x000000008d900000| PB 0x000000008d800000| Complete 
|  69|0x000000008d900000, 0x000000008da00000, 0x000000008da00000|100%|HC|  |TAMS 0x000000008da00000| PB 0x000000008d900000| Complete 
|  70|0x000000008da00000, 0x000000008db00000, 0x000000008db00000|100%|HC|  |TAMS 0x000000008db00000| PB 0x000000008da00000| Complete 
|  71|0x000000008db00000, 0x000000008dc00000, 0x000000008dc00000|100%|HC|  |TAMS 0x000000008dc00000| PB 0x000000008db00000| Complete 
|  72|0x000000008dc00000, 0x000000008dd00000, 0x000000008dd00000|100%|HS|  |TAMS 0x000000008dd00000| PB 0x000000008dc00000| Complete 
|  73|0x000000008dd00000, 0x000000008de00000, 0x000000008de00000|100%|HC|  |TAMS 0x000000008de00000| PB 0x000000008dd00000| Complete 
|  74|0x000000008de00000, 0x000000008df00000, 0x000000008df00000|100%|HC|  |TAMS 0x000000008df00000| PB 0x000000008de00000| Complete 
|  75|0x000000008df00000, 0x000000008e000000, 0x000000008e000000|100%|HC|  |TAMS 0x000000008e000000| PB 0x000000008df00000| Complete 
|  76|0x000000008e000000, 0x000000008e100000, 0x000000008e100000|100%|HS|  |TAMS 0x000000008e100000| PB 0x000000008e000000| Complete 
|  77|0x000000008e100000, 0x000000008e200000, 0x000000008e200000|100%|HC|  |TAMS 0x000000008e200000| PB 0x000000008e100000| Complete 
|  78|0x000000008e200000, 0x000000008e300000, 0x000000008e300000|100%|HC|  |TAMS 0x000000008e300000| PB 0x000000008e200000| Complete 
|  79|0x000000008e300000, 0x000000008e400000, 0x000000008e400000|100%|HC|  |TAMS 0x000000008e400000| PB 0x000000008e300000| Complete 
|  80|0x000000008e400000, 0x000000008e500000, 0x000000008e500000|100%|HS|  |TAMS 0x000000008e500000| PB 0x000000008e400000| Complete 
|  81|0x000000008e500000, 0x000000008e600000, 0x000000008e600000|100%|HC|  |TAMS 0x000000008e600000| PB 0x000000008e500000| Complete 
|  82|0x000000008e600000, 0x000000008e700000, 0x000000008e700000|100%|HC|  |TAMS 0x000000008e700000| PB 0x000000008e600000| Complete 
|  83|0x000000008e700000, 0x000000008e800000, 0x000000008e800000|100%|HC|  |TAMS 0x000000008e800000| PB 0x000000008e700000| Complete 
|  84|0x000000008e800000, 0x000000008e900000, 0x000000008e900000|100%|HS|  |TAMS 0x000000008e900000| PB 0x000000008e800000| Complete 
|  85|0x000000008e900000, 0x000000008ea00000, 0x000000008ea00000|100%|HC|  |TAMS 0x000000008ea00000| PB 0x000000008e900000| Complete 
|  86|0x000000008ea00000, 0x000000008eb00000, 0x000000008eb00000|100%|HC|  |TAMS 0x000000008eb00000| PB 0x000000008ea00000| Complete 
|  87|0x000000008eb00000, 0x000000008ec00000, 0x000000008ec00000|100%|HC|  |TAMS 0x000000008ec00000| PB 0x000000008eb00000| Complete 
|  88|0x000000008ec00000, 0x000000008ec00000, 0x000000008ed00000|  0%| F|  |TAMS 0x000000008ec00000| PB 0x000000008ec00000| Untracked 
|  89|0x000000008ed00000, 0x000000008ed00000, 0x000000008ee00000|  0%| F|  |TAMS 0x000000008ed00000| PB 0x000000008ed00000| Untracked 
|  90|0x000000008ee00000, 0x000000008ef00000, 0x000000008ef00000|100%|HS|  |TAMS 0x000000008ef00000| PB 0x000000008ee00000| Complete 
|  91|0x000000008ef00000, 0x000000008f000000, 0x000000008f000000|100%|HC|  |TAMS 0x000000008f000000| PB 0x000000008ef00000| Complete 
|  92|0x000000008f000000, 0x000000008f100000, 0x000000008f100000|100%|HC|  |TAMS 0x000000008f100000| PB 0x000000008f000000| Complete 
|  93|0x000000008f100000, 0x000000008f200000, 0x000000008f200000|100%|HC|  |TAMS 0x000000008f200000| PB 0x000000008f100000| Complete 
|  94|0x000000008f200000, 0x000000008f300000, 0x000000008f300000|100%|HS|  |TAMS 0x000000008f300000| PB 0x000000008f200000| Complete 
|  95|0x000000008f300000, 0x000000008f400000, 0x000000008f400000|100%|HC|  |TAMS 0x000000008f400000| PB 0x000000008f300000| Complete 
|  96|0x000000008f400000, 0x000000008f500000, 0x000000008f500000|100%|HC|  |TAMS 0x000000008f500000| PB 0x000000008f400000| Complete 
|  97|0x000000008f500000, 0x000000008f600000, 0x000000008f600000|100%|HC|  |TAMS 0x000000008f600000| PB 0x000000008f500000| Complete 
|  98|0x000000008f600000, 0x000000008f700000, 0x000000008f700000|100%|HS|  |TAMS 0x000000008f700000| PB 0x000000008f600000| Complete 
|  99|0x000000008f700000, 0x000000008f800000, 0x000000008f800000|100%|HC|  |TAMS 0x000000008f800000| PB 0x000000008f700000| Complete 
| 100|0x000000008f800000, 0x000000008f900000, 0x000000008f900000|100%|HC|  |TAMS 0x000000008f900000| PB 0x000000008f800000| Complete 
| 101|0x000000008f900000, 0x000000008fa00000, 0x000000008fa00000|100%|HC|  |TAMS 0x000000008fa00000| PB 0x000000008f900000| Complete 
| 102|0x000000008fa00000, 0x000000008fb00000, 0x000000008fb00000|100%|HS|  |TAMS 0x000000008fb00000| PB 0x000000008fa00000| Complete 
| 103|0x000000008fb00000, 0x000000008fc00000, 0x000000008fc00000|100%|HC|  |TAMS 0x000000008fc00000| PB 0x000000008fb00000| Complete 
| 104|0x000000008fc00000, 0x000000008fd00000, 0x000000008fd00000|100%|HC|  |TAMS 0x000000008fd00000| PB 0x000000008fc00000| Complete 
| 105|0x000000008fd00000, 0x000000008fe00000, 0x000000008fe00000|100%|HC|  |TAMS 0x000000008fe00000| PB 0x000000008fd00000| Complete 
| 106|0x000000008fe00000, 0x000000008ff00000, 0x000000008ff00000|100%|HS|  |TAMS 0x000000008ff00000| PB 0x000000008fe00000| Complete 
| 107|0x000000008ff00000, 0x0000000090000000, 0x0000000090000000|100%|HC|  |TAMS 0x0000000090000000| PB 0x000000008ff00000| Complete 
| 108|0x0000000090000000, 0x0000000090100000, 0x0000000090100000|100%|HC|  |TAMS 0x0000000090100000| PB 0x0000000090000000| Complete 
| 109|0x0000000090100000, 0x0000000090200000, 0x0000000090200000|100%|HC|  |TAMS 0x0000000090200000| PB 0x0000000090100000| Complete 
| 110|0x0000000090200000, 0x0000000090300000, 0x0000000090300000|100%|HS|  |TAMS 0x0000000090300000| PB 0x0000000090200000| Complete 
| 111|0x0000000090300000, 0x0000000090400000, 0x0000000090400000|100%|HC|  |TAMS 0x0000000090400000| PB 0x0000000090300000| Complete 
| 112|0x0000000090400000, 0x0000000090500000, 0x0000000090500000|100%|HC|  |TAMS 0x0000000090500000| PB 0x0000000090400000| Complete 
| 113|0x0000000090500000, 0x0000000090600000, 0x0000000090600000|100%|HC|  |TAMS 0x0000000090600000| PB 0x0000000090500000| Complete 
| 114|0x0000000090600000, 0x0000000090600000, 0x0000000090700000|  0%| F|  |TAMS 0x0000000090600000| PB 0x0000000090600000| Untracked 
| 115|0x0000000090700000, 0x0000000090700000, 0x0000000090800000|  0%| F|  |TAMS 0x0000000090700000| PB 0x0000000090700000| Untracked 
| 116|0x0000000090800000, 0x0000000090900000, 0x0000000090900000|100%|HS|  |TAMS 0x0000000090900000| PB 0x0000000090800000| Complete 
| 117|0x0000000090900000, 0x0000000090a00000, 0x0000000090a00000|100%|HC|  |TAMS 0x0000000090a00000| PB 0x0000000090900000| Complete 
| 118|0x0000000090a00000, 0x0000000090b00000, 0x0000000090b00000|100%|HC|  |TAMS 0x0000000090b00000| PB 0x0000000090a00000| Complete 
| 119|0x0000000090b00000, 0x0000000090c00000, 0x0000000090c00000|100%|HC|  |TAMS 0x0000000090c00000| PB 0x0000000090b00000| Complete 
| 120|0x0000000090c00000, 0x0000000090d00000, 0x0000000090d00000|100%|HS|  |TAMS 0x0000000090d00000| PB 0x0000000090c00000| Complete 
| 121|0x0000000090d00000, 0x0000000090e00000, 0x0000000090e00000|100%|HC|  |TAMS 0x0000000090e00000| PB 0x0000000090d00000| Complete 
| 122|0x0000000090e00000, 0x0000000090f00000, 0x0000000090f00000|100%|HC|  |TAMS 0x0000000090f00000| PB 0x0000000090e00000| Complete 
| 123|0x0000000090f00000, 0x0000000091000000, 0x0000000091000000|100%|HC|  |TAMS 0x0000000091000000| PB 0x0000000090f00000| Complete 
| 124|0x0000000091000000, 0x0000000091100000, 0x0000000091100000|100%|HS|  |TAMS 0x0000000091100000| PB 0x0000000091000000| Complete 
| 125|0x0000000091100000, 0x0000000091200000, 0x0000000091200000|100%|HC|  |TAMS 0x0000000091200000| PB 0x0000000091100000| Complete 
| 126|0x0000000091200000, 0x0000000091300000, 0x0000000091300000|100%|HC|  |TAMS 0x0000000091300000| PB 0x0000000091200000| Complete 
| 127|0x0000000091300000, 0x0000000091400000, 0x0000000091400000|100%|HC|  |TAMS 0x0000000091400000| PB 0x0000000091300000| Complete 
| 128|0x0000000091400000, 0x0000000091500000, 0x0000000091500000|100%|HS|  |TAMS 0x0000000091500000| PB 0x0000000091400000| Complete 
| 129|0x0000000091500000, 0x0000000091600000, 0x0000000091600000|100%|HC|  |TAMS 0x0000000091600000| PB 0x0000000091500000| Complete 
| 130|0x0000000091600000, 0x0000000091700000, 0x0000000091700000|100%|HC|  |TAMS 0x0000000091700000| PB 0x0000000091600000| Complete 
| 131|0x0000000091700000, 0x0000000091800000, 0x0000000091800000|100%|HC|  |TAMS 0x0000000091800000| PB 0x0000000091700000| Complete 
| 132|0x0000000091800000, 0x0000000091900000, 0x0000000091900000|100%|HS|  |TAMS 0x0000000091800000| PB 0x0000000091800000| Complete 
| 133|0x0000000091900000, 0x0000000091a00000, 0x0000000091a00000|100%|HC|  |TAMS 0x0000000091900000| PB 0x0000000091900000| Complete 
| 134|0x0000000091a00000, 0x0000000091b00000, 0x0000000091b00000|100%|HC|  |TAMS 0x0000000091a00000| PB 0x0000000091a00000| Complete 
| 135|0x0000000091b00000, 0x0000000091c00000, 0x0000000091c00000|100%|HC|  |TAMS 0x0000000091b00000| PB 0x0000000091b00000| Complete 
| 136|0x0000000091c00000, 0x0000000091c00000, 0x0000000091d00000|  0%| F|  |TAMS 0x0000000091c00000| PB 0x0000000091c00000| Untracked 
| 137|0x0000000091d00000, 0x0000000091d00000, 0x0000000091e00000|  0%| F|  |TAMS 0x0000000091d00000| PB 0x0000000091d00000| Untracked 
| 138|0x0000000091e00000, 0x0000000091e00000, 0x0000000091f00000|  0%| F|  |TAMS 0x0000000091e00000| PB 0x0000000091e00000| Untracked 
| 139|0x0000000091f00000, 0x0000000091f00000, 0x0000000092000000|  0%| F|  |TAMS 0x0000000091f00000| PB 0x0000000091f00000| Untracked 
| 140|0x0000000092000000, 0x0000000092000000, 0x0000000092100000|  0%| F|  |TAMS 0x0000000092000000| PB 0x0000000092000000| Untracked 
| 141|0x0000000092100000, 0x0000000092100000, 0x0000000092200000|  0%| F|  |TAMS 0x0000000092100000| PB 0x0000000092100000| Untracked 
| 142|0x0000000092200000, 0x0000000092200000, 0x0000000092300000|  0%| F|  |TAMS 0x0000000092200000| PB 0x0000000092200000| Untracked 
| 143|0x0000000092300000, 0x0000000092300000, 0x0000000092400000|  0%| F|  |TAMS 0x0000000092300000| PB 0x0000000092300000| Untracked 
| 144|0x0000000092400000, 0x0000000092400000, 0x0000000092500000|  0%| F|  |TAMS 0x0000000092400000| PB 0x0000000092400000| Untracked 
| 145|0x0000000092500000, 0x0000000092500000, 0x0000000092600000|  0%| F|  |TAMS 0x0000000092500000| PB 0x0000000092500000| Untracked 
| 146|0x0000000092600000, 0x0000000092600000, 0x0000000092700000|  0%| F|  |TAMS 0x0000000092600000| PB 0x0000000092600000| Untracked 
| 147|0x0000000092700000, 0x0000000092700000, 0x0000000092800000|  0%| F|  |TAMS 0x0000000092700000| PB 0x0000000092700000| Untracked 
| 148|0x0000000092800000, 0x0000000092800000, 0x0000000092900000|  0%| F|  |TAMS 0x0000000092800000| PB 0x0000000092800000| Untracked 
| 149|0x0000000092900000, 0x0000000092900000, 0x0000000092a00000|  0%| F|  |TAMS 0x0000000092900000| PB 0x0000000092900000| Untracked 
| 150|0x0000000092a00000, 0x0000000092a00000, 0x0000000092b00000|  0%| F|  |TAMS 0x0000000092a00000| PB 0x0000000092a00000| Untracked 
| 151|0x0000000092b00000, 0x0000000092b00000, 0x0000000092c00000|  0%| F|  |TAMS 0x0000000092b00000| PB 0x0000000092b00000| Untracked 
| 152|0x0000000092c00000, 0x0000000092c00000, 0x0000000092d00000|  0%| F|  |TAMS 0x0000000092c00000| PB 0x0000000092c00000| Untracked 
| 153|0x0000000092d00000, 0x0000000092d00000, 0x0000000092e00000|  0%| F|  |TAMS 0x0000000092d00000| PB 0x0000000092d00000| Untracked 
| 154|0x0000000092e00000, 0x0000000092e00000, 0x0000000092f00000|  0%| F|  |TAMS 0x0000000092e00000| PB 0x0000000092e00000| Untracked 
| 155|0x0000000092f00000, 0x0000000092f00000, 0x0000000093000000|  0%| F|  |TAMS 0x0000000092f00000| PB 0x0000000092f00000| Untracked 
| 156|0x0000000093000000, 0x0000000093000000, 0x0000000093100000|  0%| F|  |TAMS 0x0000000093000000| PB 0x0000000093000000| Untracked 
| 157|0x0000000093100000, 0x00000000931c8ed0, 0x0000000093200000| 78%| S|CS|TAMS 0x0000000093100000| PB 0x0000000093100000| Complete 
| 158|0x0000000093200000, 0x0000000093200000, 0x0000000093300000|  0%| F|  |TAMS 0x0000000093200000| PB 0x0000000093200000| Untracked 
| 159|0x0000000093300000, 0x0000000093300000, 0x0000000093400000|  0%| F|  |TAMS 0x0000000093300000| PB 0x0000000093300000| Untracked 
| 160|0x0000000093400000, 0x00000000934c8010, 0x0000000093500000| 78%| E|  |TAMS 0x0000000093400000| PB 0x0000000093400000| Complete 
| 161|0x0000000093500000, 0x0000000093600000, 0x0000000093600000|100%|HS|  |TAMS 0x0000000093600000| PB 0x0000000093500000| Complete 
| 162|0x0000000093600000, 0x0000000093700000, 0x0000000093700000|100%|HC|  |TAMS 0x0000000093700000| PB 0x0000000093600000| Complete 
| 163|0x0000000093700000, 0x0000000093800000, 0x0000000093800000|100%|HC|  |TAMS 0x0000000093800000| PB 0x0000000093700000| Complete 
| 164|0x0000000093800000, 0x0000000093900000, 0x0000000093900000|100%|HC|  |TAMS 0x0000000093900000| PB 0x0000000093800000| Complete 
| 165|0x0000000093900000, 0x0000000093a00000, 0x0000000093a00000|100%|HS|  |TAMS 0x0000000093a00000| PB 0x0000000093900000| Complete 
| 166|0x0000000093a00000, 0x0000000093b00000, 0x0000000093b00000|100%|HC|  |TAMS 0x0000000093b00000| PB 0x0000000093a00000| Complete 
| 167|0x0000000093b00000, 0x0000000093c00000, 0x0000000093c00000|100%|HC|  |TAMS 0x0000000093c00000| PB 0x0000000093b00000| Complete 
| 168|0x0000000093c00000, 0x0000000093d00000, 0x0000000093d00000|100%|HC|  |TAMS 0x0000000093d00000| PB 0x0000000093c00000| Complete 
| 169|0x0000000093d00000, 0x0000000093e00000, 0x0000000093e00000|100%|HS|  |TAMS 0x0000000093e00000| PB 0x0000000093d00000| Complete 
| 170|0x0000000093e00000, 0x0000000093f00000, 0x0000000093f00000|100%|HC|  |TAMS 0x0000000093f00000| PB 0x0000000093e00000| Complete 
| 171|0x0000000093f00000, 0x0000000094000000, 0x0000000094000000|100%|HC|  |TAMS 0x0000000094000000| PB 0x0000000093f00000| Complete 
| 172|0x0000000094000000, 0x0000000094100000, 0x0000000094100000|100%|HC|  |TAMS 0x0000000094100000| PB 0x0000000094000000| Complete 
| 173|0x0000000094100000, 0x0000000094200000, 0x0000000094200000|100%| E|CS|TAMS 0x0000000094100000| PB 0x0000000094100000| Complete 
|1895|0x00000000ffb00000, 0x00000000ffbc37e8, 0x00000000ffc00000| 76%| O|  |TAMS 0x00000000ffbc37e8| PB 0x00000000ffbc37e8| Updating 
|1896|0x00000000ffc00000, 0x00000000ffd00000, 0x00000000ffd00000|100%| O|  |TAMS 0x00000000ffd00000| PB 0x00000000ffd00000| Updating 
|1897|0x00000000ffd00000, 0x00000000ffe00000, 0x00000000ffe00000|100%| O|  |TAMS 0x00000000ffe00000| PB 0x00000000ffe00000| Untracked 
|1898|0x00000000ffe00000, 0x00000000fff00000, 0x00000000fff00000|100%| O|  |TAMS 0x00000000fff00000| PB 0x00000000fff00000| Untracked 
|1899|0x00000000fff00000, 0x0000000100000000, 0x0000000100000000|100%| O|  |TAMS 0x0000000100000000| PB 0x0000000100000000| Updating 

Card table byte_map: [0x0000016c73780000,0x0000016c73b40000] _byte_map_base: 0x0000016c73336000

Marking Bits: (CMBitMap*) 0x0000016c68b52670
 Bits: [0x0000016c73b40000, 0x0000016c758f0000)

Polling page: 0x0000016c72700000

Metaspace:

Usage:
  Non-class:     21.09 MB used.
      Class:      2.61 MB used.
       Both:     23.69 MB used.

Virtual space:
  Non-class space:       64.00 MB reserved,      21.31 MB ( 33%) committed,  1 nodes.
      Class space:        1.00 GB reserved,       2.75 MB ( <1%) committed,  1 nodes.
             Both:        1.06 GB reserved,      24.06 MB (  2%) committed. 

Chunk freelists:
   Non-Class:  10.41 MB
       Class:  13.30 MB
        Both:  23.70 MB

MaxMetaspaceSize: unlimited
CompressedClassSpaceSize: 1.00 GB
Initial GC threshold: 21.00 MB
Current GC threshold: 40.12 MB
CDS: on
 - commit_granule_bytes: 65536.
 - commit_granule_words: 8192.
 - virtual_space_node_default_size: 8388608.
 - enlarge_chunks_in_place: 1.
 - use_allocation_guard: 0.


Internal statistics:

num_allocs_failed_limit: 3.
num_arena_births: 330.
num_arena_deaths: 0.
num_vsnodes_births: 2.
num_vsnodes_deaths: 0.
num_space_committed: 385.
num_space_uncommitted: 0.
num_chunks_returned_to_freelist: 3.
num_chunks_taken_from_freelist: 708.
num_chunk_merges: 3.
num_chunk_splits: 451.
num_chunks_enlarged: 277.
num_inconsistent_stats: 0.

CodeHeap 'non-profiled nmethods': size=120000Kb used=1794Kb max_used=2112Kb free=118205Kb
 bounds [0x0000016c07ad0000, 0x0000016c07d40000, 0x0000016c0f000000]
CodeHeap 'profiled nmethods': size=120000Kb used=7568Kb max_used=9326Kb free=112431Kb
 bounds [0x0000016c00000000, 0x0000016c00920000, 0x0000016c07530000]
CodeHeap 'non-nmethods': size=5760Kb used=1839Kb max_used=1864Kb free=3920Kb
 bounds [0x0000016c07530000, 0x0000016c077a0000, 0x0000016c07ad0000]
 total_blobs=4800 nmethods=3945 adapters=757
 compilation: enabled
              stopped_count=0, restarted_count=0
 full_count=0

Compilation events (20 events):
Event: 9.491 Thread 0x0000016c7e6285a0 4559       4       sun.awt.image.JPEGImageDecoder::sendPixels (40 bytes)
Event: 9.492 Thread 0x0000016c7e6285a0 nmethod 4559 0x0000016c07cdd010 code [0x0000016c07cdd1a0, 0x0000016c07cdd2c8]
Event: 9.539 Thread 0x0000016c785ff960 4561   !   3       java.lang.Object::wait (50 bytes)
Event: 9.539 Thread 0x0000016c785ff960 nmethod 4561 0x0000016c0091ae90 code [0x0000016c0091b0a0, 0x0000016c0091b620]
Event: 9.570 Thread 0x0000016c7e6285a0 4562       4       java.lang.AbstractStringBuilder::append (77 bytes)
Event: 9.572 Thread 0x0000016c7e6285a0 nmethod 4562 0x0000016c07cdd810 code [0x0000016c07cdd9e0, 0x0000016c07cddd50]
Event: 9.573 Thread 0x0000016c785fdd80 4563       4       java.io.BufferedInputStream::read1 (121 bytes)
Event: 9.575 Thread 0x0000016c7e6285a0 4564       4       java.io.BufferedInputStream::implRead (112 bytes)
Event: 9.577 Thread 0x0000016c785fdd80 nmethod 4563 0x0000016c07cddf90 code [0x0000016c07cde180, 0x0000016c07cde738]
Event: 9.587 Thread 0x0000016c7e6285a0 nmethod 4564 0x0000016c07cdea10 code [0x0000016c07cdec80, 0x0000016c07cdf8f8]
Event: 9.638 Thread 0x0000016c7e6285a0 4565   !   4       java.io.FileInputStream::available (24 bytes)
Event: 9.639 Thread 0x0000016c7e6285a0 nmethod 4565 0x0000016c07ae4290 code [0x0000016c07ae4440, 0x0000016c07ae4588]
Event: 9.640 Thread 0x0000016c785fdd80 4566   !   4       java.io.BufferedInputStream::available (54 bytes)
Event: 9.641 Thread 0x0000016c7e6285a0 4567       4       java.io.BufferedInputStream::implAvailable (35 bytes)
Event: 9.642 Thread 0x0000016c7e6285a0 nmethod 4567 0x0000016c07af7190 code [0x0000016c07af7340, 0x0000016c07af7518]
Event: 9.645 Thread 0x0000016c785fdd80 nmethod 4566 0x0000016c07b09b10 code [0x0000016c07b09d40, 0x0000016c07b0a3c0]
Event: 9.770 Thread 0x0000016c785ff960 4568       3       java.lang.ref.SoftReference::<init> (14 bytes)
Event: 9.770 Thread 0x0000016c785ff960 nmethod 4568 0x0000016c00051f90 code [0x0000016c00052140, 0x0000016c00052430]
Event: 9.818 Thread 0x0000016c785ff960 4569       1       java.awt.MediaEntry::getID (5 bytes)
Event: 9.818 Thread 0x0000016c785ff960 nmethod 4569 0x0000016c07ad0010 code [0x0000016c07ad01a0, 0x0000016c07ad0268]

GC Heap History (18 events):
Event: 0.543 GC heap before
{Heap before GC invocations=0 (full 0):
 garbage-first heap   total 122880K, used 22528K [0x0000000089400000, 0x0000000100000000)
  region size 1024K, 23 young (23552K), 0 survivors (0K)
 Metaspace       used 4277K, committed 4416K, reserved 1114112K
  class space    used 391K, committed 448K, reserved 1048576K
}
Event: 0.552 GC heap after
{Heap after GC invocations=1 (full 0):
 garbage-first heap   total 122880K, used 10752K [0x0000000089400000, 0x0000000100000000)
  region size 1024K, 3 young (3072K), 3 survivors (3072K)
 Metaspace       used 4277K, committed 4416K, reserved 1114112K
  class space    used 391K, committed 448K, reserved 1048576K
}
Event: 4.280 GC heap before
{Heap before GC invocations=1 (full 0):
 garbage-first heap   total 122880K, used 35328K [0x0000000089400000, 0x0000000100000000)
  region size 1024K, 25 young (25600K), 3 survivors (3072K)
 Metaspace       used 15240K, committed 15552K, reserved 1114112K
  class space    used 1636K, committed 1792K, reserved 1048576K
}
Event: 4.288 GC heap after
{Heap after GC invocations=2 (full 0):
 garbage-first heap   total 122880K, used 18126K [0x0000000089400000, 0x0000000100000000)
  region size 1024K, 4 young (4096K), 4 survivors (4096K)
 Metaspace       used 15240K, committed 15552K, reserved 1114112K
  class space    used 1636K, committed 1792K, reserved 1048576K
}
Event: 5.459 GC heap before
{Heap before GC invocations=2 (full 0):
 garbage-first heap   total 122880K, used 45774K [0x0000000089400000, 0x0000000100000000)
  region size 1024K, 30 young (30720K), 4 survivors (4096K)
 Metaspace       used 21203K, committed 21504K, reserved 1114112K
  class space    used 2320K, committed 2432K, reserved 1048576K
}
Event: 5.466 GC heap after
{Heap after GC invocations=3 (full 0):
 garbage-first heap   total 122880K, used 23634K [0x0000000089400000, 0x0000000100000000)
  region size 1024K, 4 young (4096K), 4 survivors (4096K)
 Metaspace       used 21203K, committed 21504K, reserved 1114112K
  class space    used 2320K, committed 2432K, reserved 1048576K
}
Event: 9.478 GC heap before
{Heap before GC invocations=4 (full 0):
 garbage-first heap   total 86016K, used 84050K [0x0000000089400000, 0x0000000100000000)
  region size 1024K, 36 young (36864K), 4 survivors (4096K)
 Metaspace       used 24257K, committed 24576K, reserved 1114112K
  class space    used 2669K, committed 2816K, reserved 1048576K
}
Event: 9.482 GC heap after
{Heap after GC invocations=5 (full 0):
 garbage-first heap   total 91136K, used 53855K [0x0000000089400000, 0x0000000100000000)
  region size 1024K, 5 young (5120K), 5 survivors (5120K)
 Metaspace       used 24257K, committed 24576K, reserved 1114112K
  class space    used 2669K, committed 2816K, reserved 1048576K
}
Event: 9.581 GC heap before
{Heap before GC invocations=5 (full 0):
 garbage-first heap   total 99328K, used 98911K [0x0000000089400000, 0x0000000100000000)
  region size 1024K, 25 young (25600K), 5 survivors (5120K)
 Metaspace       used 24262K, committed 24640K, reserved 1114112K
  class space    used 2669K, committed 2816K, reserved 1048576K
}
Event: 9.586 GC heap after
{Heap after GC invocations=6 (full 0):
 garbage-first heap   total 105472K, used 77929K [0x0000000089400000, 0x0000000100000000)
  region size 1024K, 2 young (2048K), 2 survivors (2048K)
 Metaspace       used 24262K, committed 24640K, reserved 1114112K
  class space    used 2669K, committed 2816K, reserved 1048576K
}
Event: 9.599 GC heap before
{Heap before GC invocations=6 (full 0):
 garbage-first heap   total 105472K, used 79977K [0x0000000089400000, 0x0000000100000000)
  region size 1024K, 5 young (5120K), 2 survivors (2048K)
 Metaspace       used 24262K, committed 24640K, reserved 1114112K
  class space    used 2669K, committed 2816K, reserved 1048576K
}
Event: 9.601 GC heap after
{Heap after GC invocations=7 (full 0):
 garbage-first heap   total 105472K, used 77645K [0x0000000089400000, 0x0000000100000000)
  region size 1024K, 1 young (1024K), 1 survivors (1024K)
 Metaspace       used 24262K, committed 24640K, reserved 1114112K
  class space    used 2669K, committed 2816K, reserved 1048576K
}
Event: 9.688 GC heap before
{Heap before GC invocations=8 (full 0):
 garbage-first heap   total 140288K, used 119629K [0x0000000089400000, 0x0000000100000000)
  region size 1024K, 19 young (19456K), 1 survivors (1024K)
 Metaspace       used 24262K, committed 24640K, reserved 1114112K
  class space    used 2669K, committed 2816K, reserved 1048576K
}
Event: 9.690 GC heap after
{Heap after GC invocations=9 (full 0):
 garbage-first heap   total 168960K, used 102165K [0x0000000089400000, 0x0000000100000000)
  region size 1024K, 1 young (1024K), 1 survivors (1024K)
 Metaspace       used 24262K, committed 24640K, reserved 1114112K
  class space    used 2669K, committed 2816K, reserved 1048576K
}
Event: 9.834 GC heap before
{Heap before GC invocations=9 (full 0):
 garbage-first heap   total 181248K, used 181013K [0x0000000089400000, 0x0000000100000000)
  region size 1024K, 34 young (34816K), 1 survivors (1024K)
 Metaspace       used 24262K, committed 24640K, reserved 1114112K
  class space    used 2669K, committed 2816K, reserved 1048576K
}
Event: 9.836 GC heap after
{Heap after GC invocations=10 (full 0):
 garbage-first heap   total 183296K, used 146989K [0x0000000089400000, 0x0000000100000000)
  region size 1024K, 1 young (1024K), 1 survivors (1024K)
 Metaspace       used 24262K, committed 24640K, reserved 1114112K
  class space    used 2669K, committed 2816K, reserved 1048576K
}
Event: 9.844 GC heap before
{Heap before GC invocations=10 (full 0):
 garbage-first heap   total 183296K, used 149037K [0x0000000089400000, 0x0000000100000000)
  region size 1024K, 4 young (4096K), 1 survivors (1024K)
 Metaspace       used 24262K, committed 24640K, reserved 1114112K
  class space    used 2669K, committed 2816K, reserved 1048576K
}
Event: 9.845 GC heap after
{Heap after GC invocations=11 (full 0):
 garbage-first heap   total 183296K, used 146993K [0x0000000089400000, 0x0000000100000000)
  region size 1024K, 1 young (1024K), 1 survivors (1024K)
 Metaspace       used 24262K, committed 24640K, reserved 1114112K
  class space    used 2669K, committed 2816K, reserved 1048576K
}

Dll operation events (12 events):
Event: 0.009 Loaded shared library D:\Program Files\Java\jdk-21\bin\java.dll
Event: 0.053 Loaded shared library D:\Program Files\Java\jdk-21\bin\jsvml.dll
Event: 0.101 Loaded shared library D:\Program Files\Java\jdk-21\bin\net.dll
Event: 0.103 Loaded shared library D:\Program Files\Java\jdk-21\bin\nio.dll
Event: 0.128 Loaded shared library D:\Program Files\Java\jdk-21\bin\zip.dll
Event: 0.194 Loaded shared library D:\Program Files\Java\jdk-21\bin\jimage.dll
Event: 0.205 Loaded shared library D:\Program Files\Java\jdk-21\bin\awt.dll
Event: 0.307 Loaded shared library D:\Program Files\Java\jdk-21\bin\freetype.dll
Event: 0.307 Loaded shared library D:\Program Files\Java\jdk-21\bin\fontmanager.dll
Event: 0.841 Loaded shared library C:\Users\HOME\AppData\Local\Temp\flatlaf.temp\flatlaf-windows-x86_64-305540034890000.dll
Event: 4.274 Loaded shared library D:\Program Files\Java\jdk-21\bin\extnet.dll
Event: 9.384 Loaded shared library D:\Program Files\Java\jdk-21\bin\javajpeg.dll

Deoptimization events (20 events):
Event: 9.339 Thread 0x0000016c7db98200 Uncommon trap: trap_request=0xffffffde fr.pc=0x0000016c07cd16c4 relative=0x0000000000000124
Event: 9.339 Thread 0x0000016c7db98200 Uncommon trap: reason=class_check action=maybe_recompile pc=0x0000016c07cd16c4 method=jdk.internal.misc.Unsafe.allocateUninitializedArray(Ljava/lang/Class;I)Ljava/lang/Object; @ 51 c2
Event: 9.339 Thread 0x0000016c7db98200 DEOPT PACKING pc=0x0000016c07cd16c4 sp=0x00000006865fd520
Event: 9.339 Thread 0x0000016c7db98200 DEOPT UNPACKING pc=0x0000016c075846a2 sp=0x00000006865fd498 mode 2
Event: 9.339 Thread 0x0000016c7db98200 Uncommon trap: trap_request=0xffffffde fr.pc=0x0000016c07cd16c4 relative=0x0000000000000124
Event: 9.339 Thread 0x0000016c7db98200 Uncommon trap: reason=class_check action=maybe_recompile pc=0x0000016c07cd16c4 method=jdk.internal.misc.Unsafe.allocateUninitializedArray(Ljava/lang/Class;I)Ljava/lang/Object; @ 51 c2
Event: 9.339 Thread 0x0000016c7db98200 DEOPT PACKING pc=0x0000016c07cd16c4 sp=0x00000006865fd520
Event: 9.339 Thread 0x0000016c7db98200 DEOPT UNPACKING pc=0x0000016c075846a2 sp=0x00000006865fd498 mode 2
Event: 9.339 Thread 0x0000016c7db98200 Uncommon trap: trap_request=0xffffffde fr.pc=0x0000016c07cd16c4 relative=0x0000000000000124
Event: 9.339 Thread 0x0000016c7db98200 Uncommon trap: reason=class_check action=maybe_recompile pc=0x0000016c07cd16c4 method=jdk.internal.misc.Unsafe.allocateUninitializedArray(Ljava/lang/Class;I)Ljava/lang/Object; @ 51 c2
Event: 9.339 Thread 0x0000016c7db98200 DEOPT PACKING pc=0x0000016c07cd16c4 sp=0x00000006865fd520
Event: 9.339 Thread 0x0000016c7db98200 DEOPT UNPACKING pc=0x0000016c075846a2 sp=0x00000006865fd498 mode 2
Event: 9.339 Thread 0x0000016c7db98200 Uncommon trap: trap_request=0xffffffde fr.pc=0x0000016c07cd16c4 relative=0x0000000000000124
Event: 9.339 Thread 0x0000016c7db98200 Uncommon trap: reason=class_check action=maybe_recompile pc=0x0000016c07cd16c4 method=jdk.internal.misc.Unsafe.allocateUninitializedArray(Ljava/lang/Class;I)Ljava/lang/Object; @ 51 c2
Event: 9.339 Thread 0x0000016c7db98200 DEOPT PACKING pc=0x0000016c07cd16c4 sp=0x00000006865fd520
Event: 9.339 Thread 0x0000016c7db98200 DEOPT UNPACKING pc=0x0000016c075846a2 sp=0x00000006865fd498 mode 2
Event: 9.361 Thread 0x0000016c7db98200 Uncommon trap: trap_request=0xffffffc6 fr.pc=0x0000016c07cc22f0 relative=0x00000000000009d0
Event: 9.361 Thread 0x0000016c7db98200 Uncommon trap: reason=bimorphic_or_optimized_type_check action=maybe_recompile pc=0x0000016c07cc22f0 method=javax.swing.UIDefaults.getFromHashtable(Ljava/lang/Object;)Ljava/lang/Object; @ 231 c2
Event: 9.361 Thread 0x0000016c7db98200 DEOPT PACKING pc=0x0000016c07cc22f0 sp=0x00000006865fd770
Event: 9.361 Thread 0x0000016c7db98200 DEOPT UNPACKING pc=0x0000016c075846a2 sp=0x00000006865fd6f8 mode 2

Classes loaded (20 events):
Event: 9.368 Loading class javax/swing/plaf/basic/BasicComboBoxEditor$UIResource
Event: 9.368 Loading class javax/swing/plaf/basic/BasicComboBoxEditor
Event: 9.368 Loading class javax/swing/ComboBoxEditor
Event: 9.368 Loading class javax/swing/ComboBoxEditor done
Event: 9.368 Loading class javax/swing/plaf/basic/BasicComboBoxEditor done
Event: 9.368 Loading class javax/swing/plaf/basic/BasicComboBoxEditor$UIResource done
Event: 9.368 Loading class javax/swing/plaf/basic/BasicComboBoxEditor$BorderlessTextField
Event: 9.368 Loading class javax/swing/plaf/basic/BasicComboBoxEditor$BorderlessTextField done
Event: 9.369 Loading class javax/swing/plaf/basic/BasicComboBoxUI$Handler
Event: 9.369 Loading class javax/swing/plaf/basic/BasicComboBoxUI$Handler done
Event: 9.370 Loading class javax/swing/plaf/basic/BasicComboBoxUI$FocusHandler
Event: 9.370 Loading class javax/swing/plaf/basic/BasicComboBoxUI$FocusHandler done
Event: 9.371 Loading class javax/swing/plaf/basic/BasicComboBoxUI$ComboBoxLayoutManager
Event: 9.371 Loading class javax/swing/plaf/basic/BasicComboBoxUI$ComboBoxLayoutManager done
Event: 9.371 Loading class javax/swing/plaf/basic/BasicComboBoxUI$DefaultKeySelectionManager
Event: 9.371 Loading class javax/swing/plaf/basic/BasicComboBoxUI$DefaultKeySelectionManager done
Event: 9.382 Loading class sun/awt/image/JPEGImageDecoder
Event: 9.383 Loading class sun/awt/image/JPEGImageDecoder done
Event: 9.383 Loading class sun/awt/image/JPEGImageDecoder$1
Event: 9.383 Loading class sun/awt/image/JPEGImageDecoder$1 done

Classes unloaded (0 events):
No events

Classes redefined (0 events):
No events

Internal exceptions (20 events):
Event: 1.298 Thread 0x0000016c689622a0 Exception <a 'java/lang/NoSuchMethodError'{0x000000008ff02fd8}: 'int java.lang.invoke.DirectMethodHandle$Holder.invokeVirtual(java.lang.Object, java.lang.Object)'> (0x000000008ff02fd8) 
thrown [s\open\src\hotspot\share\interpreter\linkResolver.cpp, line 773]
Event: 1.299 Thread 0x0000016c689622a0 Exception <a 'java/lang/NoSuchMethodError'{0x000000008ff07158}: 'int java.lang.invoke.DirectMethodHandle$Holder.invokeSpecial(java.lang.Object, java.lang.Object, java.lang.Object)'> (0x000000008ff07158) 
thrown [s\open\src\hotspot\share\interpreter\linkResolver.cpp, line 773]
Event: 1.301 Thread 0x0000016c689622a0 Exception <a 'java/lang/NoSuchMethodError'{0x000000008ff11a70}: 'void java.lang.invoke.DirectMethodHandle$Holder.invokeVirtual(java.lang.Object, java.lang.Object, int)'> (0x000000008ff11a70) 
thrown [s\open\src\hotspot\share\interpreter\linkResolver.cpp, line 773]
Event: 1.303 Thread 0x0000016c689622a0 Exception <a 'java/lang/NoSuchMethodError'{0x000000008ff15d38}: 'int java.lang.invoke.DirectMethodHandle$Holder.invokeSpecial(java.lang.Object, java.lang.Object, java.lang.Object, int)'> (0x000000008ff15d38) 
thrown [s\open\src\hotspot\share\interpreter\linkResolver.cpp, line 773]
Event: 1.305 Thread 0x0000016c689622a0 Exception <a 'java/lang/NoSuchMethodError'{0x000000008ff282f8}: 'java.lang.Object java.lang.invoke.DirectMethodHandle$Holder.invokeStatic(java.lang.Object, java.lang.Object, java.lang.Object, java.lang.Object, int)'> (0x000000008ff282f8) 
thrown [s\open\src\hotspot\share\interpreter\linkResolver.cpp, line 773]
Event: 1.307 Thread 0x0000016c689622a0 Exception <a 'java/lang/NoSuchMethodError'{0x000000008ff32ec0}: 'void java.lang.invoke.DelegatingMethodHandle$Holder.reinvoke_L(java.lang.Object, java.lang.Object, int)'> (0x000000008ff32ec0) 
thrown [s\open\src\hotspot\share\interpreter\linkResolver.cpp, line 773]
Event: 1.314 Thread 0x0000016c689622a0 Exception <a 'java/lang/NoSuchMethodError'{0x000000008ff600b8}: 'void java.lang.invoke.Invokers$Holder.invokeExact_MT(java.lang.Object, java.lang.Object, java.lang.Object, java.lang.Object)'> (0x000000008ff600b8) 
thrown [s\open\src\hotspot\share\interpreter\linkResolver.cpp, line 773]
Event: 1.322 Thread 0x0000016c689622a0 Exception <a 'java/lang/NoSuchMethodError'{0x000000008ff84e88}: 'void java.lang.invoke.DirectMethodHandle$Holder.invokeSpecial(java.lang.Object, java.lang.Object, java.lang.Object, java.lang.Object, java.lang.Object)'> (0x000000008ff84e88) 
thrown [s\open\src\hotspot\share\interpreter\linkResolver.cpp, line 773]
Event: 1.369 Thread 0x0000016c7db25db0 Exception <a 'java/lang/NoSuchMethodError'{0x00000000909d5f50}: 'void java.lang.invoke.DirectMethodHandle$Holder.invokeVirtual(java.lang.Object, java.lang.Object)'> (0x00000000909d5f50) 
thrown [s\open\src\hotspot\share\interpreter\linkResolver.cpp, line 773]
Event: 1.395 Thread 0x0000016c689622a0 Exception <a 'java/lang/NoSuchMethodError'{0x000000008fe12d10}: 'void java.lang.invoke.DirectMethodHandle$Holder.invokeStaticInit(java.lang.Object)'> (0x000000008fe12d10) 
thrown [s\open\src\hotspot\share\interpreter\linkResolver.cpp, line 773]
Event: 4.247 Thread 0x0000016c7db98200 Exception <a 'java/lang/NoSuchMethodError'{0x000000008f7a3018}: 'java.lang.Object java.lang.invoke.DirectMethodHandle$Holder.invokeInterface(java.lang.Object, java.lang.Object)'> (0x000000008f7a3018) 
thrown [s\open\src\hotspot\share\interpreter\linkResolver.cpp, line 773]
Event: 4.368 Thread 0x0000016c7db98200 Exception <a 'java/lang/NoSuchMethodError'{0x00000000908c9418}: 'void java.lang.invoke.DirectMethodHandle$Holder.invokeStatic(java.lang.Object, java.lang.Object, java.lang.Object)'> (0x00000000908c9418) 
thrown [s\open\src\hotspot\share\interpreter\linkResolver.cpp, line 773]
Event: 4.370 Thread 0x0000016c7db98200 Exception <a 'java/lang/NoSuchMethodError'{0x00000000908d25b0}: 'java.lang.Object java.lang.invoke.DirectMethodHandle$Holder.invokeVirtual(java.lang.Object, java.lang.Object, java.lang.Object)'> (0x00000000908d25b0) 
thrown [s\open\src\hotspot\share\interpreter\linkResolver.cpp, line 773]
Event: 4.608 Thread 0x0000016c7db98200 Exception <a 'java/lang/NoSuchMethodError'{0x000000008ffc7e40}: 'void java.lang.invoke.DirectMethodHandle$Holder.invokeStaticInit(java.lang.Object, java.lang.Object)'> (0x000000008ffc7e40) 
thrown [s\open\src\hotspot\share\interpreter\linkResolver.cpp, line 773]
Event: 5.019 Thread 0x0000016c7db98200 Exception <a 'java/lang/NoSuchMethodError'{0x000000008fc080c8}: 'int java.lang.invoke.Invokers$Holder.invokeExact_MT(java.lang.Object, java.lang.Object, java.lang.Object)'> (0x000000008fc080c8) 
thrown [s\open\src\hotspot\share\interpreter\linkResolver.cpp, line 773]
Event: 5.117 Thread 0x0000016c7dba7d00 Implicit null exception at 0x0000016c07b69a8e to 0x0000016c07b69f2c
Event: 5.490 Thread 0x0000016c7db98200 Exception <a 'java/lang/NoSuchMethodError'{0x0000000090bef290}: 'void java.lang.invoke.Invokers$Holder.invokeExact_MT(java.lang.Object, java.lang.Object, java.lang.Object)'> (0x0000000090bef290) 
thrown [s\open\src\hotspot\share\interpreter\linkResolver.cpp, line 773]
Event: 5.536 Thread 0x0000016c7db98200 Exception <a 'java/lang/NoSuchMethodError'{0x000000008e114fb0}: 'float java.lang.invoke.DirectMethodHandle$Holder.invokeInterface(java.lang.Object, java.lang.Object)'> (0x000000008e114fb0) 
thrown [s\open\src\hotspot\share\interpreter\linkResolver.cpp, line 773]
Event: 5.536 Thread 0x0000016c7db98200 Exception <a 'java/lang/IncompatibleClassChangeError'{0x000000008e118828}: Found class java.lang.Object, but interface was expected> (0x000000008e118828) 
thrown [s\open\src\hotspot\share\interpreter\linkResolver.cpp, line 840]
Event: 5.653 Thread 0x0000016c7db98200 Exception <a 'java/lang/NoSuchMethodError'{0x000000008de72358}: 'double java.lang.invoke.DirectMethodHandle$Holder.invokeSpecial(java.lang.Object, java.lang.Object)'> (0x000000008de72358) 
thrown [s\open\src\hotspot\share\interpreter\linkResolver.cpp, line 773]

ZGC Phase Switch (0 events):
No events

VM Operations (20 events):
Event: 9.353 Executing VM operation: HandshakeAllThreads (Deoptimize) done
Event: 9.383 Executing VM operation: HandshakeAllThreads (Deoptimize)
Event: 9.383 Executing VM operation: HandshakeAllThreads (Deoptimize) done
Event: 9.478 Executing VM operation: G1CollectForAllocation (G1 Evacuation Pause)
Event: 9.482 Executing VM operation: G1CollectForAllocation (G1 Evacuation Pause) done
Event: 9.581 Executing VM operation: G1CollectForAllocation (G1 Evacuation Pause)
Event: 9.586 Executing VM operation: G1CollectForAllocation (G1 Evacuation Pause) done
Event: 9.599 Executing VM operation: G1TryInitiateConcMark (G1 Humongous Allocation)
Event: 9.601 Executing VM operation: G1TryInitiateConcMark (G1 Humongous Allocation) done
Event: 9.607 Executing VM operation: G1PauseRemark
Event: 9.611 Executing VM operation: G1PauseRemark done
Event: 9.614 Executing VM operation: G1PauseCleanup
Event: 9.614 Executing VM operation: G1PauseCleanup done
Event: 9.688 Executing VM operation: G1CollectForAllocation (G1 Evacuation Pause)
Event: 9.690 Executing VM operation: G1CollectForAllocation (G1 Evacuation Pause) done
Event: 9.834 Executing VM operation: G1CollectForAllocation (G1 Evacuation Pause)
Event: 9.836 Executing VM operation: G1CollectForAllocation (G1 Evacuation Pause) done
Event: 9.844 Executing VM operation: G1TryInitiateConcMark (G1 Humongous Allocation)
Event: 9.845 Executing VM operation: G1TryInitiateConcMark (G1 Humongous Allocation) done
Event: 9.851 Executing VM operation: G1PauseRemark

Events (20 events):
Event: 9.853 Thread 0x0000016c785b6b00 flushing nmethod 0x0000016c000b5a90
Event: 9.853 Thread 0x0000016c785b6b00 flushing nmethod 0x0000016c00100990
Event: 9.853 Thread 0x0000016c785b6b00 flushing nmethod 0x0000016c00115a90
Event: 9.853 Thread 0x0000016c785b6b00 flushing nmethod 0x0000016c00114390
Event: 9.853 Thread 0x0000016c785b6b00 flushing nmethod 0x0000016c000e6210
Event: 9.853 Thread 0x0000016c785b6b00 flushing nmethod 0x0000016c00086390
Event: 9.853 Thread 0x0000016c785b6b00 flushing nmethod 0x0000016c0009c810
Event: 9.853 Thread 0x0000016c785b6b00 flushing nmethod 0x0000016c0009a790
Event: 9.853 Thread 0x0000016c785b6b00 flushing nmethod 0x0000016c00070f10
Event: 9.853 Thread 0x0000016c785b6b00 flushing nmethod 0x0000016c00048d90
Event: 9.853 Thread 0x0000016c785b6b00 flushing nmethod 0x0000016c00045d10
Event: 9.853 Thread 0x0000016c785b6b00 flushing nmethod 0x0000016c00045610
Event: 9.853 Thread 0x0000016c785b6b00 flushing nmethod 0x0000016c0002a010
Event: 9.853 Thread 0x0000016c785b6b00 flushing nmethod 0x0000016c07cd1410
Event: 9.853 Thread 0x0000016c785b6b00 flushing nmethod 0x0000016c07c3ec10
Event: 9.853 Thread 0x0000016c785b6b00 flushing nmethod 0x0000016c07c34790
Event: 9.853 Thread 0x0000016c785b6b00 flushing nmethod 0x0000016c07bf0410
Event: 9.853 Thread 0x0000016c785b6b00 flushing nmethod 0x0000016c07bdf010
Event: 9.853 Thread 0x0000016c785b6b00 flushing nmethod 0x0000016c07be1590
Event: 9.853 Thread 0x0000016c785b6b00 flushing nmethod 0x0000016c07ba7490


Dynamic libraries:
0x00007ff714350000 - 0x00007ff714360000 	D:\Program Files\Java\jdk-21\bin\java.exe
0x00007ffc6df50000 - 0x00007ffc6e167000 	C:\WINDOWS\SYSTEM32\ntdll.dll
0x00007ffc6bce0000 - 0x00007ffc6bda4000 	C:\WINDOWS\System32\KERNEL32.DLL
0x00007ffc6b6f0000 - 0x00007ffc6ba9d000 	C:\WINDOWS\System32\KERNELBASE.dll
0x00007ffc6b430000 - 0x00007ffc6b541000 	C:\WINDOWS\System32\ucrtbase.dll
0x00007ffc50d70000 - 0x00007ffc50d89000 	D:\Program Files\Java\jdk-21\bin\jli.dll
0x00007ffc66c60000 - 0x00007ffc66c7b000 	D:\Program Files\Java\jdk-21\bin\VCRUNTIME140.dll
0x00007ffc6d860000 - 0x00007ffc6d912000 	C:\WINDOWS\System32\ADVAPI32.dll
0x00007ffc6c1f0000 - 0x00007ffc6c297000 	C:\WINDOWS\System32\msvcrt.dll
0x00007ffc6d650000 - 0x00007ffc6d6f9000 	C:\WINDOWS\System32\sechost.dll
0x00007ffc6b330000 - 0x00007ffc6b358000 	C:\WINDOWS\System32\bcrypt.dll
0x00007ffc6c9f0000 - 0x00007ffc6cb04000 	C:\WINDOWS\System32\RPCRT4.dll
0x00007ffc6c840000 - 0x00007ffc6c9ee000 	C:\WINDOWS\System32\USER32.dll
0x00007ffc62b60000 - 0x00007ffc62df3000 	C:\WINDOWS\WinSxS\amd64_microsoft.windows.common-controls_6595b64144ccf1df_6.0.22621.3672_none_2713b9d173822955\COMCTL32.dll
0x00007ffc6b360000 - 0x00007ffc6b386000 	C:\WINDOWS\System32\win32u.dll
0x00007ffc6c320000 - 0x00007ffc6c349000 	C:\WINDOWS\System32\GDI32.dll
0x00007ffc6b5d0000 - 0x00007ffc6b6e9000 	C:\WINDOWS\System32\gdi32full.dll
0x00007ffc6b390000 - 0x00007ffc6b42a000 	C:\WINDOWS\System32\msvcp_win.dll
0x00007ffc66410000 - 0x00007ffc6641a000 	C:\WINDOWS\SYSTEM32\VERSION.dll
0x00007ffc6cb10000 - 0x00007ffc6cb41000 	C:\WINDOWS\System32\IMM32.DLL
0x00007ffc655f0000 - 0x00007ffc655fc000 	D:\Program Files\Java\jdk-21\bin\vcruntime140_1.dll
0x00007ffc559c0000 - 0x00007ffc55a4e000 	D:\Program Files\Java\jdk-21\bin\msvcp140.dll
0x00007ffbf6140000 - 0x00007ffbf6e55000 	D:\Program Files\Java\jdk-21\bin\server\jvm.dll
0x00007ffc6d4c0000 - 0x00007ffc6d531000 	C:\WINDOWS\System32\WS2_32.dll
0x00007ffc6af80000 - 0x00007ffc6afcd000 	C:\WINDOWS\SYSTEM32\POWRPROF.dll
0x00007ffc66b50000 - 0x00007ffc66b84000 	C:\WINDOWS\SYSTEM32\WINMM.dll
0x00007ffc6af60000 - 0x00007ffc6af73000 	C:\WINDOWS\SYSTEM32\UMPDC.dll
0x00007ffc6a2a0000 - 0x00007ffc6a2b8000 	C:\WINDOWS\SYSTEM32\kernel.appcore.dll
0x00007ffc655e0000 - 0x00007ffc655ea000 	D:\Program Files\Java\jdk-21\bin\jimage.dll
0x00007ffc65600000 - 0x00007ffc65832000 	C:\WINDOWS\SYSTEM32\DBGHELP.DLL
0x00007ffc6be60000 - 0x00007ffc6c1ed000 	C:\WINDOWS\System32\combase.dll
0x00007ffc6d920000 - 0x00007ffc6d9f7000 	C:\WINDOWS\System32\OLEAUT32.dll
0x00007ffc5f380000 - 0x00007ffc5f3b2000 	C:\WINDOWS\SYSTEM32\dbgcore.DLL
0x00007ffc6b550000 - 0x00007ffc6b5cb000 	C:\WINDOWS\System32\bcryptPrimitives.dll
0x00007ffc5a460000 - 0x00007ffc5a47f000 	D:\Program Files\Java\jdk-21\bin\java.dll
0x00007ffc6cb60000 - 0x00007ffc6d3c8000 	C:\WINDOWS\System32\SHELL32.dll
0x00007ffc691c0000 - 0x00007ffc69abe000 	C:\WINDOWS\SYSTEM32\windows.storage.dll
0x00007ffc69080000 - 0x00007ffc691bf000 	C:\WINDOWS\SYSTEM32\wintypes.dll
0x00007ffc6c720000 - 0x00007ffc6c819000 	C:\WINDOWS\System32\SHCORE.dll
0x00007ffc6da20000 - 0x00007ffc6da7e000 	C:\WINDOWS\System32\shlwapi.dll
0x00007ffc6b1a0000 - 0x00007ffc6b1c1000 	C:\WINDOWS\SYSTEM32\profapi.dll
0x00007ffc55a50000 - 0x00007ffc55b27000 	D:\Program Files\Java\jdk-21\bin\jsvml.dll
0x00007ffc5f270000 - 0x00007ffc5f280000 	D:\Program Files\Java\jdk-21\bin\net.dll
0x00007ffc67950000 - 0x00007ffc67a86000 	C:\WINDOWS\SYSTEM32\WINHTTP.dll
0x00007ffc6a710000 - 0x00007ffc6a779000 	C:\WINDOWS\system32\mswsock.dll
0x00007ffc5a440000 - 0x00007ffc5a456000 	D:\Program Files\Java\jdk-21\bin\nio.dll
0x00007ffc57b00000 - 0x00007ffc57b18000 	D:\Program Files\Java\jdk-21\bin\zip.dll
0x00007ffbfe1f0000 - 0x00007ffbfe37f000 	D:\Program Files\Java\jdk-21\bin\awt.dll
0x00007ffc66420000 - 0x00007ffc664b7000 	C:\WINDOWS\SYSTEM32\apphelp.dll
0x00007ffc6a980000 - 0x00007ffc6a99b000 	C:\WINDOWS\SYSTEM32\CRYPTSP.dll
0x00007ffc6a200000 - 0x00007ffc6a235000 	C:\WINDOWS\system32\rsaenh.dll
0x00007ffc6a810000 - 0x00007ffc6a838000 	C:\WINDOWS\SYSTEM32\USERENV.dll
0x00007ffc6a970000 - 0x00007ffc6a97c000 	C:\WINDOWS\SYSTEM32\CRYPTBASE.dll
0x00007ffc69d20000 - 0x00007ffc69d4d000 	C:\WINDOWS\SYSTEM32\IPHLPAPI.DLL
0x00007ffc6cb50000 - 0x00007ffc6cb59000 	C:\WINDOWS\System32\NSI.dll
0x00007ffc38c60000 - 0x00007ffc38ce7000 	D:\Program Files\Java\jdk-21\bin\freetype.dll
0x00007ffc150a0000 - 0x00007ffc15173000 	D:\Program Files\Java\jdk-21\bin\fontmanager.dll
0x00007ffc68a00000 - 0x00007ffc68a2b000 	C:\WINDOWS\system32\DWMAPI.DLL
0x00007ffc68770000 - 0x00007ffc68820000 	C:\WINDOWS\system32\uxtheme.dll
0x00007ffc6d700000 - 0x00007ffc6d85b000 	C:\WINDOWS\System32\MSCTF.dll
0x00007ffc6c570000 - 0x00007ffc6c715000 	C:\WINDOWS\System32\ole32.dll
0x00007ffc0af40000 - 0x00007ffc0b040000 	C:\WINDOWS\system32\opengl32.dll
0x00007ffc0aa20000 - 0x00007ffc0aa4d000 	C:\WINDOWS\SYSTEM32\GLU32.dll
0x00007ffc68890000 - 0x00007ffc688c7000 	C:\WINDOWS\SYSTEM32\dxcore.dll
0x00007ffc139c0000 - 0x00007ffc13b68000 	C:\WINDOWS\system32\d3d9.dll
0x00007ffc5e3b0000 - 0x00007ffc5e56b000 	C:\WINDOWS\System32\DriverStore\FileRepository\u0382030.inf_amd64_c27c1f19988d7c7e\B381533\aticfx64.dll
0x00007ffc47ab0000 - 0x00007ffc47ae4000 	C:\WINDOWS\System32\DriverStore\FileRepository\u0382030.inf_amd64_c27c1f19988d7c7e\B381533\atiu9p64.dll
0x00007ffba7790000 - 0x00007ffba84e5000 	C:\WINDOWS\System32\DriverStore\FileRepository\u0382030.inf_amd64_c27c1f19988d7c7e\B381533\atiumd64.dll
0x0000000073f70000 - 0x0000000074e96000 	C:\WINDOWS\System32\DriverStore\FileRepository\u0382030.inf_amd64_c27c1f19988d7c7e\B381533\atiumd6a.dll
0x00007ffc6da80000 - 0x00007ffc6def4000 	C:\WINDOWS\System32\SETUPAPI.dll
0x00007ffc5c300000 - 0x00007ffc5c335000 	C:\WINDOWS\SYSTEM32\amdihk64.dll
0x00007ffc63100000 - 0x00007ffc63149000 	C:\WINDOWS\SYSTEM32\directxdatabasehelper.dll
0x00007ffc55840000 - 0x00007ffc55846000 	C:\Users\HOME\AppData\Local\Temp\flatlaf.temp\flatlaf-windows-x86_64-305540034890000.dll
0x00007ffc6bdb0000 - 0x00007ffc6be60000 	C:\WINDOWS\System32\clbcatq.dll
0x00007ffc684e0000 - 0x00007ffc68691000 	C:\WINDOWS\SYSTEM32\WindowsCodecs.dll
0x00007ffc40280000 - 0x00007ffc402de000 	C:\WINDOWS\system32\dataexchange.dll
0x00007ffc5ee40000 - 0x00007ffc5f0ca000 	C:\WINDOWS\system32\twinapi.appcore.dll
0x00007ffc55990000 - 0x00007ffc55997000 	D:\Program Files\Java\jdk-21\bin\jawt.dll
0x00007ffc58760000 - 0x00007ffc588ae000 	C:\WINDOWS\SYSTEM32\textinputframework.dll
0x00007ffc64d80000 - 0x00007ffc64eb3000 	C:\WINDOWS\SYSTEM32\CoreMessaging.dll
0x00007ffc60e80000 - 0x00007ffc611ed000 	C:\WINDOWS\SYSTEM32\CoreUIComponents.dll
0x00007ffc5aa40000 - 0x00007ffc5aa47000 	D:\Program Files\Java\jdk-21\bin\extnet.dll
0x00007ffc69d50000 - 0x00007ffc69e48000 	C:\WINDOWS\SYSTEM32\DNSAPI.dll
0x00007ffc66810000 - 0x00007ffc6681a000 	C:\Windows\System32\rasadhlp.dll
0x00007ffc66a40000 - 0x00007ffc66ac3000 	C:\WINDOWS\System32\fwpuclnt.dll
0x00007ffc4bb70000 - 0x00007ffc4bb9e000 	D:\Program Files\Java\jdk-21\bin\javajpeg.dll

dbghelp: loaded successfully - version: 4.0.5 - missing functions: none
symbol engine: initialized successfully - sym options: 0x614 - pdb path: .;D:\Program Files\Java\jdk-21\bin;C:\WINDOWS\SYSTEM32;C:\WINDOWS\WinSxS\amd64_microsoft.windows.common-controls_6595b64144ccf1df_6.0.22621.3672_none_2713b9d173822955;D:\Program Files\Java\jdk-21\bin\server;C:\WINDOWS\System32\DriverStore\FileRepository\u0382030.inf_amd64_c27c1f19988d7c7e\B381533;C:\Users\HOME\AppData\Local\Temp\flatlaf.temp

VM Arguments:
jvm_args: -Dfile.encoding=UTF-8 --module-path=D:\AppSieuThiMini-Java-CNPM\build\classes 
java_command: GUI.login_page
java_class_path (initial): D:\Cac_thu_vien\SparseBitSet-1.2.jar;D:\Cac_thu_vien\activation.jar;D:\Cac_thu_vien\ant-1.10.12.jar;D:\Cac_thu_vien\ant-launcher-1.10.12.jar;D:\Cac_thu_vien\commons-beanutils-1.8.3.jar;D:\Cac_thu_vien\commons-codec-1.15.jar;D:\Cac_thu_vien\commons-collections-3.2.1-1.0.0.jar;D:\Cac_thu_vien\commons-collections4-4.4.jar;D:\Cac_thu_vien\commons-compress-1.21.jar;D:\Cac_thu_vien\commons-digester-2.1.jar;D:\Cac_thu_vien\commons-io-2.11.0.jar;D:\Cac_thu_vien\commons-logging-1.2.1.1.jar;D:\Cac_thu_vien\commons-math3-3.6.1.jar;D:\Cac_thu_vien\curvesapi-1.07.jar;D:\Cac_thu_vien\flatlaf-3.5.1.jar;D:\Cac_thu_vien\flatlaf-extras-3.5.1.jar;D:\Cac_thu_vien\groovy-all-2.0.8.jar;D:\Cac_thu_vien\itext-2.1.7.jar;D:\Cac_thu_vien\jasperreports-6.20.0.jar;D:\Cac_thu_vien\jasperreports-6.5.1.jar;D:\Cac_thu_vien\javax.mail.jar;D:\Cac_thu_vien\jcalendar-1.4.jar;D:\Cac_thu_vien\jcommon-1.0.0.jar;D:\Cac_thu_vien\jfreechart-1.0.1.jar;D:\Cac_thu_vien\jsvg-1.4.0.jar;D:\Cac_thu_vien\log4j-api-2.18.0.jar;D:\Cac_thu_vien\mssql-jdbc-12.2.0.jre11.jar;D:\Cac_thu_vien\poi-5.2.3.jar;D:\Cac_thu_vien\poi-excelant-5.2.3.jar;D:\Cac_thu_vien\poi-ooxml-5.2.3.jar;D:\Cac_thu_vien\poi-ooxml-lite-5.2.3.jar;D:\Cac_thu_vien\timingframework-1.0.jar;D:\Cac_thu_vien\timingframework-core-7.4.2.jar;D:\Cac_thu_vien\timingframework-swing-7.4.2.jar;D:\Cac_thu_vien\xmlbeans-5.1.1.jar;D:\Ban_va_1_cn\Cac_thu_vien\SparseBitSet-1.2.jar;D:\Ban_va_1_cn\Cac_thu_vien\activation.jar;D:\Ban_va_1_cn\Cac_thu_vien\ant-1.10.12.jar;D:\Ban_va_1_cn\Cac_thu_vien\ant-launcher-1.10.12.jar;D:\Ban_va_1_cn\Cac_thu_vien\bouncy-castle-connector-8.0.5.jar;D:\Ban_va_1_cn\Cac_thu_vien\com.jaspersoft.studio.data.dtp_0.1.0.201105111556.jar;D:\Ban_va_1_cn\Cac_thu_vien\commons-8.0.5.jar;D:\Ban_va_1_cn\Cac_thu_vien\commons-beanutils-1.8.3.jar;D:\Ban_va_1_cn\Cac_thu_vien\commons-codec-1.15.jar;D:\Ban_va_1_cn\Cac_thu_vien\commons-collections-3.2.1-1.0.0.jar;D:\Ban_va_1_cn\Cac_thu_vien\commons-collections4-4.4.jar;D:\Ban_va_1_cn\Cac_thu_vien\commons-compress-1.21.jar;D:\Ban_va_1_cn\Cac_thu_vien\commons-digester-2.1.jar;D:\Ban_va_1_cn\Cac_thu_vien\commons-io-2.11.0.jar;D:\Ban_va_1_cn\Cac_thu_vien\commons-logging-1.2.1.1.jar;D:\Ban_va_1_cn\Cac_thu_vien\commons-math3-3.6.1.jar;D:\Ban_va_1_cn\Cac_thu_vien\curvesapi-1.07.jar;D:\Ban_va_1_cn\Cac_thu_vien\flatlaf-3.5.1.jar;D:\Ban_va_1_cn\Cac_thu_vien\flatlaf-extras-3.5.1.jar;D:\Ban_va_1_cn\Cac_thu_vien\groovy-all-2.0.8.jar;D:\Ban_va_1_cn\Cac_thu_vien\io-8.0.5.jar;D:\Ban_va_1_cn\Cac_thu_vien\itext-2.1.7.jar;D:\Ban_va_1_cn\Cac_thu_vien\itext-2.1.7.js4-sources.jar;D:\Ban_va_1_cn\Cac_thu_vien\itext-2.1.7.js6-sources.jar;D:\Ban_va_1_cn\Cac_thu_vien\itext-asian-5.2.0.jar;D:\Ban_va_1_cn\Cac_thu_vien\itextpdf-5.5.13.4.jar;D:\Ban_va_1_cn\Cac_thu_vien\jasperreports-6.20.0.jar;D:\Ban_va_1_cn\Cac_thu_vien\jasperreports-6.5.1.jar;D:\Ban_va_1_cn\Cac_thu_vien\javax.mail.jar;D:\Ban_va_1_cn\Cac_thu_vien\jcalendar-1.4.jar;D:\Ban_va_1_cn\Cac_thu_vien\jcommon-1.0.0.jar;D:\Ban_va_1_cn\Cac_thu_vien\jfreechart-1.0.1.jar;D:\Ban_va_1_cn\Cac_thu_vien\jsvg-1.4.0.jar;D:\Ban_va_1_cn\Cac_thu_vien\kernel-8.0.5.jar;D:\Ban_va_1_cn\Cac_thu_vien\layout-8.0.5.jar;D:\Ban_va_1_cn\Cac_thu_vien\log4j-1.2-api-2.23.1.jar;D:\Ban_va_1_cn\Cac_thu_vien\log4j-api-2.18.0.jar;D:\Ban_va_1_cn\Cac_thu_vien\log4j-core-2.18.0.jar;D:\Ban_va_1_cn\Cac_thu_vien\log4j-core-2.23.1.jar;D:\Ban_va_1_cn\Cac_thu_vien\mssql-jdbc-12.2.0.jre11.jar;D:\Ban_va_1_cn\Cac_thu_vien\mssql-jdbc-8.2.2.jre8.jar;D:\Ban_va_1_cn\Cac_thu_vien\poi-5.2.3.jar;D:\Ban_va_1_cn\Cac_thu_vien\poi-excelant-5.2.3.jar;D:\Ban_va_1_cn\Cac_thu_vien\poi-ooxml-5.2.3.jar;D:\Ban_va_1_cn\Cac_thu_vien\poi-ooxml-lite-5.2.3.jar;D:\Ban_va_1_cn\Cac_thu_vien\slf4j-api-1.7.36.jar;D:\Ban_va_1_cn\Cac_thu_vien\timingframework-1.0.jar;D:\Ban_va_1_cn\Cac_thu_vien\xmlbeans-5.1.1.jar;D:\Ban_va_1_cn\Cac_thu_vien\mysql-connector-java-8.0.30.jar;D:\Ban_va_1_cn\Cac_thu_vien\flatlaf-fonts-roboto-mono-3.000.jar;D:\Ban_va_1_cn\Cac_thu_vien\flatlaf-3.0.jar;D:\Ban_va_1_cn\Cac_thu_vien\flatlaf-fonts-roboto-2.137.jar;D:\AppSieuThiMini-Java-CNPM\build\classes
Launcher Type: SUN_STANDARD

[Global flags]
     intx CICompilerCount                          = 4                                         {product} {ergonomic}
     uint ConcGCThreads                            = 3                                         {product} {ergonomic}
     uint G1ConcRefinementThreads                  = 10                                        {product} {ergonomic}
   size_t G1HeapRegionSize                         = 1048576                                   {product} {ergonomic}
    uintx GCDrainStackTargetSize                   = 64                                        {product} {ergonomic}
   size_t InitialHeapSize                          = 125829120                                 {product} {ergonomic}
   size_t MarkStackSize                            = 4194304                                   {product} {ergonomic}
   size_t MaxHeapSize                              = 1992294400                                {product} {ergonomic}
   size_t MaxNewSize                               = 1195376640                                {product} {ergonomic}
   size_t MinHeapDeltaBytes                        = 1048576                                   {product} {ergonomic}
   size_t MinHeapSize                              = 8388608                                   {product} {ergonomic}
    uintx NonNMethodCodeHeapSize                   = 5839372                                {pd product} {ergonomic}
    uintx NonProfiledCodeHeapSize                  = 122909434                              {pd product} {ergonomic}
    uintx ProfiledCodeHeapSize                     = 122909434                              {pd product} {ergonomic}
    uintx ReservedCodeCacheSize                    = 251658240                              {pd product} {ergonomic}
     bool SegmentedCodeCache                       = true                                      {product} {ergonomic}
   size_t SoftMaxHeapSize                          = 1992294400                             {manageable} {ergonomic}
     bool UseCompressedOops                        = true                           {product lp64_product} {ergonomic}
     bool UseG1GC                                  = true                                      {product} {ergonomic}
     bool UseLargePagesIndividualAllocation        = false                                  {pd product} {ergonomic}

Logging:
Log output configuration:
 #0: stdout all=warning uptime,level,tags foldmultilines=false
 #1: stderr all=off uptime,level,tags foldmultilines=false

Environment Variables:
PATH=C:\Program Files\Common Files\Oracle\Java\javapath;C:\Program Files\Microsoft\jdk-11.0.12.7-hotspot\bin;C:\Windows\system32;C:\Windows;C:\Windows\System32\Wbem;C:\Windows\System32\WindowsPowerShell\v1.0\;C:\Windows\System32\OpenSSH\;C:\Program Files (x86)\NVIDIA Corporation\PhysX\Common;C:\Program Files\NVIDIA Corporation\NVIDIA NvDLISR;C:\WINDOWS\system32;C:\WINDOWS;C:\WINDOWS\System32\Wbem;C:\WINDOWS\System32\WindowsPowerShell\v1.0\;C:\WINDOWS\System32\OpenSSH\;C:\Program Files (x86)\Microsoft SQL Server\160\Tools\Binn\;C:\Program Files\Microsoft SQL Server\160\Tools\Binn\;C:\Program Files\Microsoft SQL Server\Client SDK\ODBC\170\Tools\Binn\;C:\Program Files\Microsoft SQL Server\160\DTS\Binn\;C:\Program Files (x86)\Microsoft SQL Server\160\DTS\Binn\;C:\Program Files (x86)\Microsoft SQL Server\150\Tools\Binn\;C:\Program Files\Microsoft SQL Server\150\Tools\Binn\;C:\Program Files\Microsoft SQL Server\150\DTS\Binn\;C:\Program Files\Microsoft SQL Server\Client SDK\ODBC\110\Tools\Binn\;C:\Program Files\RedHat\java-17-openjdk-17.0.8.1.1-2\bin;C:\Program Files\dotnet\;C:\Program Files\php-8.2.23;C:\ProgramData\ComposerSetup\bin;C:\Program Files\Git\cmd;D:\Program Files\nodejs\;C:\Users\HOME\AppData\Local\Programs\Python\Python312\Scripts\;C:\Users\HOME\AppData\Local\Programs\Python\Python312\;C:\Users\HOME\AppData\Local\Microsoft\WindowsApps;C:\Program Files\Azure Data Studio\bin;D:\Users\HOME\AppData\Local\Programs\Microsoft VS Code\bin;C:\Program Files\Git\bin;C:\Users\HOME\.dotnet\tools;C:\Users\HOME\AppData\Roaming\Composer\vendor\bin;C:\Users\HOME\AppData\Roaming\npm;D:\Program Files\JetBrains\IntelliJ IDEA 2023.3.6\bin;
USERNAME=HOME
OS=Windows_NT
PROCESSOR_IDENTIFIER=AMD64 Family 23 Model 96 Stepping 1, AuthenticAMD
TMP=C:\Users\HOME\AppData\Local\Temp
TEMP=C:\Users\HOME\AppData\Local\Temp




Periodic native trim disabled

---------------  S Y S T E M  ---------------

OS:
 Windows 11 , 64 bit Build 22621 (10.0.22621.3958)
OS uptime: 0 days 8:29 hours

CPU: total 12 (initial active 12) (12 cores per cpu, 2 threads per core) family 23 model 96 stepping 1 microcode 0x0, cx8, cmov, fxsr, ht, mmx, 3dnowpref, sse, sse2, sse3, ssse3, sse4a, sse4.1, sse4.2, popcnt, lzcnt, tsc, tscinvbit, avx, avx2, aes, clmul, bmi1, bmi2, adx, sha, fma, vzeroupper, clflush, clflushopt, rdtscp, rdpid, f16c
Processor Information for all 12 processors :
  Max Mhz: 3001, Current Mhz: 3001, Mhz Limit: 3001

Memory: 4k page, system-wide physical 7597M (295M free)
TotalPageFile size 31149M (AvailPageFile size 36M)
current process WorkingSet (physical memory assigned to process): 308M, peak: 308M
current process commit charge ("private bytes"): 393M, peak: 464M

vm_info: Java HotSpot(TM) 64-Bit Server VM (21.0.1+12-LTS-29) for windows-amd64 JRE (21.0.1+12-LTS-29), built on 2023-10-05T13:27:09Z by "mach5one" with MS VC++ 17.1 (VS2022)

END.
