#
# There is insufficient memory for the Java Runtime Environment to continue.
# Native memory allocation (malloc) failed to allocate 32744 bytes for Chunk::new
# Possible reasons:
#   The system is out of physical RAM or swap space
#   The process is running with CompressedOops enabled, and the Java Heap may be blocking the growth of the native heap
# Possible solutions:
#   Reduce memory load on the system
#   Increase physical memory or swap space
#   Check if swap backing store is full
#   Decrease Java heap size (-Xmx/-Xms)
#   Decrease number of Java threads
#   Decrease Java thread stack sizes (-Xss)
#   Set larger code cache with -XX:ReservedCodeCacheSize=
#   JVM is running with Unscaled Compressed Oops mode in which the Java heap is
#     placed in the first 4GB address space. The Java Heap base address is the
#     maximum limit for the native heap growth. Please use -XX:HeapBaseMinAddress
#     to set the Java Heap base and to place the Java Heap above 4GB virtual address.
# This output file may be truncated or incomplete.
#
#  Out of Memory Error (arena.cpp:168), pid=20700, tid=26968
#
# JRE version: Java(TM) SE Runtime Environment (21.0.1+12) (build 21.0.1+12-LTS-29)
# Java VM: Java HotSpot(TM) 64-Bit Server VM (21.0.1+12-LTS-29, mixed mode, sharing, tiered, compressed oops, compressed class ptrs, g1 gc, windows-amd64)
# No core dump will be written. Minidumps are not enabled by default on client versions of Windows
#

---------------  S U M M A R Y ------------

Command Line: -Dfile.encoding=UTF-8 --module-path=D:\AppSieuThiMini-Java-CNPM\build\classes GUI.login_page

Host: AMD Ryzen 5 4600H with Radeon Graphics         , 12 cores, 7G,  Windows 11 , 64 bit Build 22621 (10.0.22621.3958)
Time: Fri Dec  6 03:57:42 2024 Pacific Standard Time elapsed time: 26.507396 seconds (0d 0h 0m 26s)

---------------  T H R E A D  ---------------

Current thread (0x00000172ff9741a0):  JavaThread "C1 CompilerThread0" daemon [_thread_in_native, id=26968, stack(0x0000006cade00000,0x0000006cadf00000) (1024K)]


Current CompileTask:
C1:  26507 5595 % !   3       sun.awt.image.PNGImageDecoder::produceImage @ 960 (1917 bytes)

Stack: [0x0000006cade00000,0x0000006cadf00000]
Native frames: (J=compiled Java code, j=interpreted, Vv=VM code, C=native code)
V  [jvm.dll+0x6c9029]
V  [jvm.dll+0x854b81]
V  [jvm.dll+0x856e5e]
V  [jvm.dll+0x857543]
V  [jvm.dll+0x280c06]
V  [jvm.dll+0xc3ead]
V  [jvm.dll+0xc43c3]
V  [jvm.dll+0x19be5e]
V  [jvm.dll+0x19dfc1]
V  [jvm.dll+0x19d540]
V  [jvm.dll+0x19dce8]
V  [jvm.dll+0x19b039]
V  [jvm.dll+0x154753]
V  [jvm.dll+0x154008]
V  [jvm.dll+0x154244]
V  [jvm.dll+0x153686]
V  [jvm.dll+0x1553ed]
V  [jvm.dll+0x2586b9]
V  [jvm.dll+0x256c9a]
V  [jvm.dll+0x3ef1b6]
V  [jvm.dll+0x7fd728]
V  [jvm.dll+0x6c777d]
C  [ucrtbase.dll+0x29333]
C  [KERNEL32.DLL+0x1257d]
C  [ntdll.dll+0x5af28]


---------------  P R O C E S S  ---------------

Threads class SMR info:
_java_thread_list=0x00000172cebc3900, length=19, elements={
0x00000172ff95fee0, 0x00000172ff962950, 0x00000172ff964550, 0x00000172ff965340,
0x00000172ff968dc0, 0x00000172ff96ee00, 0x00000172ff971f50, 0x00000172ff9741a0,
0x00000172ff930190, 0x00000172ffc1aba0, 0x00000172c728abc0, 0x00000172c7cc0d00,
0x00000172c7f7c390, 0x00000172c88f1ee0, 0x00000172e2c0e110, 0x00000172ffb8f9a0,
0x00000172c847c1b0, 0x00000172c8832d30, 0x00000172c74991e0
}

Java Threads: ( => current thread )
  0x00000172ff95fee0 JavaThread "Reference Handler"          daemon [_thread_blocked, id=18808, stack(0x0000006cad700000,0x0000006cad800000) (1024K)]
  0x00000172ff962950 JavaThread "Finalizer"                  daemon [_thread_blocked, id=27064, stack(0x0000006cad800000,0x0000006cad900000) (1024K)]
  0x00000172ff964550 JavaThread "Signal Dispatcher"          daemon [_thread_blocked, id=31248, stack(0x0000006cad900000,0x0000006cada00000) (1024K)]
  0x00000172ff965340 JavaThread "Attach Listener"            daemon [_thread_blocked, id=21292, stack(0x0000006cada00000,0x0000006cadb00000) (1024K)]
  0x00000172ff968dc0 JavaThread "Service Thread"             daemon [_thread_blocked, id=308, stack(0x0000006cadb00000,0x0000006cadc00000) (1024K)]
  0x00000172ff96ee00 JavaThread "Monitor Deflation Thread"   daemon [_thread_blocked, id=4408, stack(0x0000006cadc00000,0x0000006cadd00000) (1024K)]
  0x00000172ff971f50 JavaThread "C2 CompilerThread0"         daemon [_thread_blocked, id=28488, stack(0x0000006cadd00000,0x0000006cade00000) (1024K)]
=>0x00000172ff9741a0 JavaThread "C1 CompilerThread0"         daemon [_thread_in_native, id=26968, stack(0x0000006cade00000,0x0000006cadf00000) (1024K)]
  0x00000172ff930190 JavaThread "Common-Cleaner"             daemon [_thread_blocked, id=32548, stack(0x0000006cadf00000,0x0000006cae000000) (1024K)]
  0x00000172ffc1aba0 JavaThread "Notification Thread"        daemon [_thread_blocked, id=24680, stack(0x0000006cae000000,0x0000006cae100000) (1024K)]
  0x00000172c728abc0 JavaThread "Java2D Disposer"            daemon [_thread_blocked, id=26396, stack(0x0000006cae200000,0x0000006cae300000) (1024K)]
  0x00000172c7cc0d00 JavaThread "AWT-Shutdown"                      [_thread_blocked, id=16788, stack(0x0000006cae800000,0x0000006cae900000) (1024K)]
  0x00000172c7f7c390 JavaThread "AWT-Windows"                daemon [_thread_in_native, id=8456, stack(0x0000006cae900000,0x0000006caea00000) (1024K)]
  0x00000172c88f1ee0 JavaThread "AWT-EventQueue-0"                  [_thread_in_Java, id=22060, stack(0x0000006caf500000,0x0000006caf600000) (1024K)]
  0x00000172e2c0e110 JavaThread "DestroyJavaVM"                     [_thread_blocked, id=27372, stack(0x0000006cacf00000,0x0000006cad000000) (1024K)]
  0x00000172ffb8f9a0 JavaThread "D3D Screen Updater"         daemon [_thread_blocked, id=10452, stack(0x0000006cae300000,0x0000006cae400000) (1024K)]
  0x00000172c847c1b0 JavaThread "TimerQueue"                 daemon [_thread_blocked, id=29128, stack(0x0000006caf700000,0x0000006caf800000) (1024K)]
  0x00000172c8832d30 JavaThread "mysql-cj-abandoned-connection-cleanup" daemon [_thread_blocked, id=1856, stack(0x0000006cae100000,0x0000006cae200000) (1024K)]
  0x00000172c74991e0 JavaThread "Image Fetcher 0"            daemon [_thread_blocked, id=21912, stack(0x0000006caf400000,0x0000006caf500000) (1024K)]
Total: 19

Other Threads:
  0x00000172ff946d10 VMThread "VM Thread"                           [id=25044, stack(0x0000006cad600000,0x0000006cad700000) (1024K)]
  0x00000172ff92e6a0 WatcherThread "VM Periodic Task Thread"        [id=26164, stack(0x0000006cad500000,0x0000006cad600000) (1024K)]
  0x00000172e4e91fd0 WorkerThread "GC Thread#0"                     [id=20452, stack(0x0000006cad000000,0x0000006cad100000) (1024K)]
  0x00000172ff947450 WorkerThread "GC Thread#1"                     [id=16604, stack(0x0000006cae400000,0x0000006cae500000) (1024K)]
  0x00000172ff9465d0 WorkerThread "GC Thread#2"                     [id=28772, stack(0x0000006cae500000,0x0000006cae600000) (1024K)]
  0x00000172ff945e90 WorkerThread "GC Thread#3"                     [id=27296, stack(0x0000006cae600000,0x0000006cae700000) (1024K)]
  0x00000172ff946230 WorkerThread "GC Thread#4"                     [id=23940, stack(0x0000006cae700000,0x0000006cae800000) (1024K)]
  0x00000172c88d5fd0 WorkerThread "GC Thread#5"                     [id=22972, stack(0x0000006cafa00000,0x0000006cafb00000) (1024K)]
  0x00000172c88d6e50 WorkerThread "GC Thread#6"                     [id=16032, stack(0x0000006cafb00000,0x0000006cafc00000) (1024K)]
  0x00000172c88d6710 WorkerThread "GC Thread#7"                     [id=18100, stack(0x0000006cafc00000,0x0000006cafd00000) (1024K)]
  0x00000172c88d7930 WorkerThread "GC Thread#8"                     [id=26408, stack(0x0000006cafd00000,0x0000006cafe00000) (1024K)]
  0x00000172c88d87b0 WorkerThread "GC Thread#9"                     [id=15116, stack(0x0000006cafe00000,0x0000006caff00000) (1024K)]
  0x00000172e4ea1ee0 ConcurrentGCThread "G1 Main Marker"            [id=908, stack(0x0000006cad100000,0x0000006cad200000) (1024K)]
  0x00000172e4ea5600 WorkerThread "G1 Conc#0"                       [id=26804, stack(0x0000006cad200000,0x0000006cad300000) (1024K)]
  0x00000172c88d5890 WorkerThread "G1 Conc#1"                       [id=32560, stack(0x0000006caff00000,0x0000006cb0000000) (1024K)]
  0x00000172c88d8070 WorkerThread "G1 Conc#2"                       [id=28616, stack(0x0000006cb0000000,0x0000006cb0100000) (1024K)]
  0x00000172e4efe4d0 ConcurrentGCThread "G1 Refine#0"               [id=300, stack(0x0000006cad300000,0x0000006cad400000) (1024K)]
  0x00000172ff804180 ConcurrentGCThread "G1 Service"                [id=21088, stack(0x0000006cad400000,0x0000006cad500000) (1024K)]
Total: 18

Threads with active compile tasks:
C1 CompilerThread0    26524 5595 % !   3       sun.awt.image.PNGImageDecoder::produceImage @ 960 (1917 bytes)
Total: 1

VM state: not at safepoint (normal execution)

VM Mutex/Monitor currently owned by a thread: None

Heap address: 0x0000000089400000, size: 1900 MB, Compressed Oops mode: 32-bit

CDS archive(s) mapped at: [0x0000017282000000-0x0000017282c90000-0x0000017282c90000), size 13172736, SharedBaseAddress: 0x0000017282000000, ArchiveRelocationMode: 1.
Compressed class space mapped at: 0x0000017283000000-0x00000172c3000000, reserved size: 1073741824
Narrow klass base: 0x0000017282000000, Narrow klass shift: 0, Narrow klass range: 0x100000000

GC Precious Log:
 CardTable entry size: 512
 Card Set container configuration: InlinePtr #cards 5 size 8 Array Of Cards #cards 12 size 40 Howl #buckets 4 coarsen threshold 1843 Howl Bitmap #cards 512 size 80 coarsen threshold 460 Card regions per heap region 1 cards per card region 2048
 CPUs: 12 total, 12 available
 Memory: 7597M
 Large Page Support: Disabled
 NUMA Support: Disabled
 Compressed Oops: Enabled (32-bit)
 Heap Region Size: 1M
 Heap Min Capacity: 8M
 Heap Initial Capacity: 120M
 Heap Max Capacity: 1900M
 Pre-touch: Disabled
 Parallel Workers: 10
 Concurrent Workers: 3
 Concurrent Refinement Workers: 10
 Periodic GC: Disabled

Heap:
 garbage-first heap   total 287744K, used 283638K [0x0000000089400000, 0x0000000100000000)
  region size 1024K, 16 young (16384K), 2 survivors (2048K)
 Metaspace       used 25770K, committed 26176K, reserved 1114112K
  class space    used 2827K, committed 3008K, reserved 1048576K

Heap Regions: E=young(eden), S=young(survivor), O=old, HS=humongous(starts), HC=humongous(continues), CS=collection set, F=free, TAMS=top-at-mark-start, PB=parsable bottom
|   0|0x0000000089400000, 0x0000000089500000, 0x0000000089500000|100%| O|  |TAMS 0x0000000089400000| PB 0x0000000089400000| Untracked 
|   1|0x0000000089500000, 0x0000000089600000, 0x0000000089600000|100%| O|  |TAMS 0x0000000089500000| PB 0x0000000089500000| Untracked 
|   2|0x0000000089600000, 0x0000000089700000, 0x0000000089700000|100%| O|  |TAMS 0x0000000089600000| PB 0x0000000089600000| Untracked 
|   3|0x0000000089700000, 0x0000000089800000, 0x0000000089800000|100%| O|  |TAMS 0x0000000089700000| PB 0x0000000089700000| Untracked 
|   4|0x0000000089800000, 0x0000000089800000, 0x0000000089900000|  0%| F|  |TAMS 0x0000000089800000| PB 0x0000000089800000| Untracked 
|   5|0x0000000089900000, 0x0000000089a00000, 0x0000000089a00000|100%| O|  |TAMS 0x0000000089900000| PB 0x0000000089900000| Untracked 
|   6|0x0000000089a00000, 0x0000000089b00000, 0x0000000089b00000|100%| O|  |TAMS 0x0000000089a00000| PB 0x0000000089a00000| Untracked 
|   7|0x0000000089b00000, 0x0000000089c00000, 0x0000000089c00000|100%| O|  |TAMS 0x0000000089b00000| PB 0x0000000089b00000| Untracked 
|   8|0x0000000089c00000, 0x0000000089d00000, 0x0000000089d00000|100%|HS|  |TAMS 0x0000000089c00000| PB 0x0000000089c00000| Complete 
|   9|0x0000000089d00000, 0x0000000089e00000, 0x0000000089e00000|100%|HC|  |TAMS 0x0000000089d00000| PB 0x0000000089d00000| Complete 
|  10|0x0000000089e00000, 0x0000000089f00000, 0x0000000089f00000|100%|HS|  |TAMS 0x0000000089e00000| PB 0x0000000089e00000| Complete 
|  11|0x0000000089f00000, 0x000000008a000000, 0x000000008a000000|100%| O|  |TAMS 0x0000000089f00000| PB 0x0000000089f00000| Untracked 
|  12|0x000000008a000000, 0x000000008a100000, 0x000000008a100000|100%| O|  |TAMS 0x000000008a000000| PB 0x000000008a000000| Untracked 
|  13|0x000000008a100000, 0x000000008a200000, 0x000000008a200000|100%| O|  |TAMS 0x000000008a100000| PB 0x000000008a100000| Untracked 
|  14|0x000000008a200000, 0x000000008a300000, 0x000000008a300000|100%|HS|  |TAMS 0x000000008a200000| PB 0x000000008a200000| Complete 
|  15|0x000000008a300000, 0x000000008a400000, 0x000000008a400000|100%|HS|  |TAMS 0x000000008a300000| PB 0x000000008a300000| Complete 
|  16|0x000000008a400000, 0x000000008a500000, 0x000000008a500000|100%|HC|  |TAMS 0x000000008a400000| PB 0x000000008a400000| Complete 
|  17|0x000000008a500000, 0x000000008a600000, 0x000000008a600000|100%| O|  |TAMS 0x000000008a500000| PB 0x000000008a500000| Untracked 
|  18|0x000000008a600000, 0x000000008a700000, 0x000000008a700000|100%| O|  |TAMS 0x000000008a600000| PB 0x000000008a600000| Untracked 
|  19|0x000000008a700000, 0x000000008a800000, 0x000000008a800000|100%| O|  |TAMS 0x000000008a700000| PB 0x000000008a700000| Untracked 
|  20|0x000000008a800000, 0x000000008a900000, 0x000000008a900000|100%|HS|  |TAMS 0x000000008a800000| PB 0x000000008a800000| Complete 
|  21|0x000000008a900000, 0x000000008aa00000, 0x000000008aa00000|100%|HC|  |TAMS 0x000000008a900000| PB 0x000000008a900000| Complete 
|  22|0x000000008aa00000, 0x000000008ab00000, 0x000000008ab00000|100%|HC|  |TAMS 0x000000008aa00000| PB 0x000000008aa00000| Complete 
|  23|0x000000008ab00000, 0x000000008ac00000, 0x000000008ac00000|100%|HC|  |TAMS 0x000000008ab00000| PB 0x000000008ab00000| Complete 
|  24|0x000000008ac00000, 0x000000008ad00000, 0x000000008ad00000|100%|HS|  |TAMS 0x000000008ac00000| PB 0x000000008ac00000| Complete 
|  25|0x000000008ad00000, 0x000000008ae00000, 0x000000008ae00000|100%|HC|  |TAMS 0x000000008ad00000| PB 0x000000008ad00000| Complete 
|  26|0x000000008ae00000, 0x000000008af00000, 0x000000008af00000|100%|HC|  |TAMS 0x000000008ae00000| PB 0x000000008ae00000| Complete 
|  27|0x000000008af00000, 0x000000008b000000, 0x000000008b000000|100%|HC|  |TAMS 0x000000008af00000| PB 0x000000008af00000| Complete 
|  28|0x000000008b000000, 0x000000008b100000, 0x000000008b100000|100%|HS|  |TAMS 0x000000008b000000| PB 0x000000008b000000| Complete 
|  29|0x000000008b100000, 0x000000008b200000, 0x000000008b200000|100%|HC|  |TAMS 0x000000008b100000| PB 0x000000008b100000| Complete 
|  30|0x000000008b200000, 0x000000008b300000, 0x000000008b300000|100%|HC|  |TAMS 0x000000008b200000| PB 0x000000008b200000| Complete 
|  31|0x000000008b300000, 0x000000008b400000, 0x000000008b400000|100%|HC|  |TAMS 0x000000008b300000| PB 0x000000008b300000| Complete 
|  32|0x000000008b400000, 0x000000008b500000, 0x000000008b500000|100%|HS|  |TAMS 0x000000008b400000| PB 0x000000008b400000| Complete 
|  33|0x000000008b500000, 0x000000008b600000, 0x000000008b600000|100%|HC|  |TAMS 0x000000008b500000| PB 0x000000008b500000| Complete 
|  34|0x000000008b600000, 0x000000008b700000, 0x000000008b700000|100%|HC|  |TAMS 0x000000008b600000| PB 0x000000008b600000| Complete 
|  35|0x000000008b700000, 0x000000008b800000, 0x000000008b800000|100%|HC|  |TAMS 0x000000008b700000| PB 0x000000008b700000| Complete 
|  36|0x000000008b800000, 0x000000008b900000, 0x000000008b900000|100%|HS|  |TAMS 0x000000008b800000| PB 0x000000008b800000| Complete 
|  37|0x000000008b900000, 0x000000008ba00000, 0x000000008ba00000|100%|HC|  |TAMS 0x000000008b900000| PB 0x000000008b900000| Complete 
|  38|0x000000008ba00000, 0x000000008bb00000, 0x000000008bb00000|100%|HC|  |TAMS 0x000000008ba00000| PB 0x000000008ba00000| Complete 
|  39|0x000000008bb00000, 0x000000008bc00000, 0x000000008bc00000|100%|HC|  |TAMS 0x000000008bb00000| PB 0x000000008bb00000| Complete 
|  40|0x000000008bc00000, 0x000000008bd00000, 0x000000008bd00000|100%|HS|  |TAMS 0x000000008bc00000| PB 0x000000008bc00000| Complete 
|  41|0x000000008bd00000, 0x000000008be00000, 0x000000008be00000|100%|HC|  |TAMS 0x000000008bd00000| PB 0x000000008bd00000| Complete 
|  42|0x000000008be00000, 0x000000008bf00000, 0x000000008bf00000|100%|HC|  |TAMS 0x000000008be00000| PB 0x000000008be00000| Complete 
|  43|0x000000008bf00000, 0x000000008c000000, 0x000000008c000000|100%|HC|  |TAMS 0x000000008bf00000| PB 0x000000008bf00000| Complete 
|  44|0x000000008c000000, 0x000000008c100000, 0x000000008c100000|100%|HS|  |TAMS 0x000000008c000000| PB 0x000000008c000000| Complete 
|  45|0x000000008c100000, 0x000000008c200000, 0x000000008c200000|100%|HC|  |TAMS 0x000000008c100000| PB 0x000000008c100000| Complete 
|  46|0x000000008c200000, 0x000000008c300000, 0x000000008c300000|100%|HC|  |TAMS 0x000000008c200000| PB 0x000000008c200000| Complete 
|  47|0x000000008c300000, 0x000000008c400000, 0x000000008c400000|100%|HC|  |TAMS 0x000000008c300000| PB 0x000000008c300000| Complete 
|  48|0x000000008c400000, 0x000000008c500000, 0x000000008c500000|100%|HS|  |TAMS 0x000000008c400000| PB 0x000000008c400000| Complete 
|  49|0x000000008c500000, 0x000000008c600000, 0x000000008c600000|100%|HC|  |TAMS 0x000000008c500000| PB 0x000000008c500000| Complete 
|  50|0x000000008c600000, 0x000000008c700000, 0x000000008c700000|100%|HC|  |TAMS 0x000000008c600000| PB 0x000000008c600000| Complete 
|  51|0x000000008c700000, 0x000000008c800000, 0x000000008c800000|100%|HC|  |TAMS 0x000000008c700000| PB 0x000000008c700000| Complete 
|  52|0x000000008c800000, 0x000000008c900000, 0x000000008c900000|100%|HS|  |TAMS 0x000000008c800000| PB 0x000000008c800000| Complete 
|  53|0x000000008c900000, 0x000000008ca00000, 0x000000008ca00000|100%|HC|  |TAMS 0x000000008c900000| PB 0x000000008c900000| Complete 
|  54|0x000000008ca00000, 0x000000008cb00000, 0x000000008cb00000|100%|HC|  |TAMS 0x000000008ca00000| PB 0x000000008ca00000| Complete 
|  55|0x000000008cb00000, 0x000000008cc00000, 0x000000008cc00000|100%|HC|  |TAMS 0x000000008cb00000| PB 0x000000008cb00000| Complete 
|  56|0x000000008cc00000, 0x000000008cd00000, 0x000000008cd00000|100%|HS|  |TAMS 0x000000008cc00000| PB 0x000000008cc00000| Complete 
|  57|0x000000008cd00000, 0x000000008ce00000, 0x000000008ce00000|100%|HC|  |TAMS 0x000000008cd00000| PB 0x000000008cd00000| Complete 
|  58|0x000000008ce00000, 0x000000008cf00000, 0x000000008cf00000|100%|HC|  |TAMS 0x000000008ce00000| PB 0x000000008ce00000| Complete 
|  59|0x000000008cf00000, 0x000000008d000000, 0x000000008d000000|100%|HC|  |TAMS 0x000000008cf00000| PB 0x000000008cf00000| Complete 
|  60|0x000000008d000000, 0x000000008d100000, 0x000000008d100000|100%|HS|  |TAMS 0x000000008d000000| PB 0x000000008d000000| Complete 
|  61|0x000000008d100000, 0x000000008d200000, 0x000000008d200000|100%|HC|  |TAMS 0x000000008d100000| PB 0x000000008d100000| Complete 
|  62|0x000000008d200000, 0x000000008d300000, 0x000000008d300000|100%|HC|  |TAMS 0x000000008d200000| PB 0x000000008d200000| Complete 
|  63|0x000000008d300000, 0x000000008d400000, 0x000000008d400000|100%|HC|  |TAMS 0x000000008d300000| PB 0x000000008d300000| Complete 
|  64|0x000000008d400000, 0x000000008d500000, 0x000000008d500000|100%|HS|  |TAMS 0x000000008d400000| PB 0x000000008d400000| Complete 
|  65|0x000000008d500000, 0x000000008d600000, 0x000000008d600000|100%|HC|  |TAMS 0x000000008d500000| PB 0x000000008d500000| Complete 
|  66|0x000000008d600000, 0x000000008d700000, 0x000000008d700000|100%|HC|  |TAMS 0x000000008d600000| PB 0x000000008d600000| Complete 
|  67|0x000000008d700000, 0x000000008d800000, 0x000000008d800000|100%|HC|  |TAMS 0x000000008d700000| PB 0x000000008d700000| Complete 
|  68|0x000000008d800000, 0x000000008d900000, 0x000000008d900000|100%|HS|  |TAMS 0x000000008d800000| PB 0x000000008d800000| Complete 
|  69|0x000000008d900000, 0x000000008da00000, 0x000000008da00000|100%|HC|  |TAMS 0x000000008d900000| PB 0x000000008d900000| Complete 
|  70|0x000000008da00000, 0x000000008db00000, 0x000000008db00000|100%|HC|  |TAMS 0x000000008da00000| PB 0x000000008da00000| Complete 
|  71|0x000000008db00000, 0x000000008dc00000, 0x000000008dc00000|100%|HC|  |TAMS 0x000000008db00000| PB 0x000000008db00000| Complete 
|  72|0x000000008dc00000, 0x000000008dd00000, 0x000000008dd00000|100%|HS|  |TAMS 0x000000008dc00000| PB 0x000000008dc00000| Complete 
|  73|0x000000008dd00000, 0x000000008de00000, 0x000000008de00000|100%|HC|  |TAMS 0x000000008dd00000| PB 0x000000008dd00000| Complete 
|  74|0x000000008de00000, 0x000000008df00000, 0x000000008df00000|100%|HC|  |TAMS 0x000000008de00000| PB 0x000000008de00000| Complete 
|  75|0x000000008df00000, 0x000000008e000000, 0x000000008e000000|100%|HC|  |TAMS 0x000000008df00000| PB 0x000000008df00000| Complete 
|  76|0x000000008e000000, 0x000000008e100000, 0x000000008e100000|100%|HS|  |TAMS 0x000000008e000000| PB 0x000000008e000000| Complete 
|  77|0x000000008e100000, 0x000000008e200000, 0x000000008e200000|100%|HC|  |TAMS 0x000000008e100000| PB 0x000000008e100000| Complete 
|  78|0x000000008e200000, 0x000000008e300000, 0x000000008e300000|100%|HC|  |TAMS 0x000000008e200000| PB 0x000000008e200000| Complete 
|  79|0x000000008e300000, 0x000000008e400000, 0x000000008e400000|100%|HC|  |TAMS 0x000000008e300000| PB 0x000000008e300000| Complete 
|  80|0x000000008e400000, 0x000000008e500000, 0x000000008e500000|100%|HS|  |TAMS 0x000000008e400000| PB 0x000000008e400000| Complete 
|  81|0x000000008e500000, 0x000000008e600000, 0x000000008e600000|100%|HC|  |TAMS 0x000000008e500000| PB 0x000000008e500000| Complete 
|  82|0x000000008e600000, 0x000000008e700000, 0x000000008e700000|100%|HS|  |TAMS 0x000000008e600000| PB 0x000000008e600000| Complete 
|  83|0x000000008e700000, 0x000000008e800000, 0x000000008e800000|100%|HC|  |TAMS 0x000000008e700000| PB 0x000000008e700000| Complete 
|  84|0x000000008e800000, 0x000000008e900000, 0x000000008e900000|100%|HC|  |TAMS 0x000000008e800000| PB 0x000000008e800000| Complete 
|  85|0x000000008e900000, 0x000000008ea00000, 0x000000008ea00000|100%|HC|  |TAMS 0x000000008e900000| PB 0x000000008e900000| Complete 
|  86|0x000000008ea00000, 0x000000008eb00000, 0x000000008eb00000|100%|HS|  |TAMS 0x000000008ea00000| PB 0x000000008ea00000| Complete 
|  87|0x000000008eb00000, 0x000000008ec00000, 0x000000008ec00000|100%|HC|  |TAMS 0x000000008eb00000| PB 0x000000008eb00000| Complete 
|  88|0x000000008ec00000, 0x000000008ed00000, 0x000000008ed00000|100%|HC|  |TAMS 0x000000008ec00000| PB 0x000000008ec00000| Complete 
|  89|0x000000008ed00000, 0x000000008ee00000, 0x000000008ee00000|100%|HC|  |TAMS 0x000000008ed00000| PB 0x000000008ed00000| Complete 
|  90|0x000000008ee00000, 0x000000008ef00000, 0x000000008ef00000|100%|HS|  |TAMS 0x000000008ee00000| PB 0x000000008ee00000| Complete 
|  91|0x000000008ef00000, 0x000000008f000000, 0x000000008f000000|100%|HC|  |TAMS 0x000000008ef00000| PB 0x000000008ef00000| Complete 
|  92|0x000000008f000000, 0x000000008f100000, 0x000000008f100000|100%|HC|  |TAMS 0x000000008f000000| PB 0x000000008f000000| Complete 
|  93|0x000000008f100000, 0x000000008f200000, 0x000000008f200000|100%|HC|  |TAMS 0x000000008f100000| PB 0x000000008f100000| Complete 
|  94|0x000000008f200000, 0x000000008f300000, 0x000000008f300000|100%|HS|  |TAMS 0x000000008f200000| PB 0x000000008f200000| Complete 
|  95|0x000000008f300000, 0x000000008f400000, 0x000000008f400000|100%|HC|  |TAMS 0x000000008f300000| PB 0x000000008f300000| Complete 
|  96|0x000000008f400000, 0x000000008f500000, 0x000000008f500000|100%|HS|  |TAMS 0x000000008f400000| PB 0x000000008f400000| Complete 
|  97|0x000000008f500000, 0x000000008f600000, 0x000000008f600000|100%|HC|  |TAMS 0x000000008f500000| PB 0x000000008f500000| Complete 
|  98|0x000000008f600000, 0x000000008f700000, 0x000000008f700000|100%|HC|  |TAMS 0x000000008f600000| PB 0x000000008f600000| Complete 
|  99|0x000000008f700000, 0x000000008f800000, 0x000000008f800000|100%|HC|  |TAMS 0x000000008f700000| PB 0x000000008f700000| Complete 
| 100|0x000000008f800000, 0x000000008f900000, 0x000000008f900000|100%|HS|  |TAMS 0x000000008f800000| PB 0x000000008f800000| Complete 
| 101|0x000000008f900000, 0x000000008fa00000, 0x000000008fa00000|100%|HC|  |TAMS 0x000000008f900000| PB 0x000000008f900000| Complete 
| 102|0x000000008fa00000, 0x000000008fb00000, 0x000000008fb00000|100%|HC|  |TAMS 0x000000008fa00000| PB 0x000000008fa00000| Complete 
| 103|0x000000008fb00000, 0x000000008fc00000, 0x000000008fc00000|100%|HC|  |TAMS 0x000000008fb00000| PB 0x000000008fb00000| Complete 
| 104|0x000000008fc00000, 0x000000008fd00000, 0x000000008fd00000|100%|HS|  |TAMS 0x000000008fc00000| PB 0x000000008fc00000| Complete 
| 105|0x000000008fd00000, 0x000000008fe00000, 0x000000008fe00000|100%|HC|  |TAMS 0x000000008fd00000| PB 0x000000008fd00000| Complete 
| 106|0x000000008fe00000, 0x000000008ff00000, 0x000000008ff00000|100%|HC|  |TAMS 0x000000008fe00000| PB 0x000000008fe00000| Complete 
| 107|0x000000008ff00000, 0x0000000090000000, 0x0000000090000000|100%|HC|  |TAMS 0x000000008ff00000| PB 0x000000008ff00000| Complete 
| 108|0x0000000090000000, 0x0000000090100000, 0x0000000090100000|100%|HS|  |TAMS 0x0000000090000000| PB 0x0000000090000000| Complete 
| 109|0x0000000090100000, 0x0000000090200000, 0x0000000090200000|100%|HC|  |TAMS 0x0000000090100000| PB 0x0000000090100000| Complete 
| 110|0x0000000090200000, 0x000000009027e660, 0x0000000090300000| 49%| E|  |TAMS 0x0000000090200000| PB 0x0000000090200000| Complete 
| 111|0x0000000090300000, 0x0000000090400000, 0x0000000090400000|100%|HS|  |TAMS 0x0000000090300000| PB 0x0000000090300000| Complete 
| 112|0x0000000090400000, 0x0000000090500000, 0x0000000090500000|100%|HC|  |TAMS 0x0000000090400000| PB 0x0000000090400000| Complete 
| 113|0x0000000090500000, 0x0000000090600000, 0x0000000090600000|100%|HC|  |TAMS 0x0000000090500000| PB 0x0000000090500000| Complete 
| 114|0x0000000090600000, 0x0000000090700000, 0x0000000090700000|100%|HC|  |TAMS 0x0000000090600000| PB 0x0000000090600000| Complete 
| 115|0x0000000090700000, 0x0000000090800000, 0x0000000090800000|100%|HS|  |TAMS 0x0000000090700000| PB 0x0000000090700000| Complete 
| 116|0x0000000090800000, 0x0000000090900000, 0x0000000090900000|100%|HC|  |TAMS 0x0000000090800000| PB 0x0000000090800000| Complete 
| 117|0x0000000090900000, 0x0000000090a00000, 0x0000000090a00000|100%|HC|  |TAMS 0x0000000090900000| PB 0x0000000090900000| Complete 
| 118|0x0000000090a00000, 0x0000000090b00000, 0x0000000090b00000|100%|HC|  |TAMS 0x0000000090a00000| PB 0x0000000090a00000| Complete 
| 119|0x0000000090b00000, 0x0000000090c00000, 0x0000000090c00000|100%|HS|  |TAMS 0x0000000090b00000| PB 0x0000000090b00000| Complete 
| 120|0x0000000090c00000, 0x0000000090d00000, 0x0000000090d00000|100%|HC|  |TAMS 0x0000000090c00000| PB 0x0000000090c00000| Complete 
| 121|0x0000000090d00000, 0x0000000090e00000, 0x0000000090e00000|100%|HC|  |TAMS 0x0000000090d00000| PB 0x0000000090d00000| Complete 
| 122|0x0000000090e00000, 0x0000000090f00000, 0x0000000090f00000|100%|HC|  |TAMS 0x0000000090e00000| PB 0x0000000090e00000| Complete 
| 123|0x0000000090f00000, 0x0000000091000000, 0x0000000091000000|100%|HS|  |TAMS 0x0000000090f00000| PB 0x0000000090f00000| Complete 
| 124|0x0000000091000000, 0x0000000091100000, 0x0000000091100000|100%|HC|  |TAMS 0x0000000091000000| PB 0x0000000091000000| Complete 
| 125|0x0000000091100000, 0x0000000091200000, 0x0000000091200000|100%|HC|  |TAMS 0x0000000091100000| PB 0x0000000091100000| Complete 
| 126|0x0000000091200000, 0x0000000091300000, 0x0000000091300000|100%|HC|  |TAMS 0x0000000091200000| PB 0x0000000091200000| Complete 
| 127|0x0000000091300000, 0x0000000091400000, 0x0000000091400000|100%|HS|  |TAMS 0x0000000091300000| PB 0x0000000091300000| Complete 
| 128|0x0000000091400000, 0x0000000091500000, 0x0000000091500000|100%|HC|  |TAMS 0x0000000091400000| PB 0x0000000091400000| Complete 
| 129|0x0000000091500000, 0x0000000091600000, 0x0000000091600000|100%|HC|  |TAMS 0x0000000091500000| PB 0x0000000091500000| Complete 
| 130|0x0000000091600000, 0x0000000091700000, 0x0000000091700000|100%|HC|  |TAMS 0x0000000091600000| PB 0x0000000091600000| Complete 
| 131|0x0000000091700000, 0x0000000091800000, 0x0000000091800000|100%|HS|  |TAMS 0x0000000091700000| PB 0x0000000091700000| Complete 
| 132|0x0000000091800000, 0x0000000091900000, 0x0000000091900000|100%|HC|  |TAMS 0x0000000091800000| PB 0x0000000091800000| Complete 
| 133|0x0000000091900000, 0x0000000091a00000, 0x0000000091a00000|100%|HC|  |TAMS 0x0000000091900000| PB 0x0000000091900000| Complete 
| 134|0x0000000091a00000, 0x0000000091b00000, 0x0000000091b00000|100%|HC|  |TAMS 0x0000000091a00000| PB 0x0000000091a00000| Complete 
| 135|0x0000000091b00000, 0x0000000091c00000, 0x0000000091c00000|100%|HS|  |TAMS 0x0000000091b00000| PB 0x0000000091b00000| Complete 
| 136|0x0000000091c00000, 0x0000000091d00000, 0x0000000091d00000|100%|HC|  |TAMS 0x0000000091c00000| PB 0x0000000091c00000| Complete 
| 137|0x0000000091d00000, 0x0000000091e00000, 0x0000000091e00000|100%|HC|  |TAMS 0x0000000091d00000| PB 0x0000000091d00000| Complete 
| 138|0x0000000091e00000, 0x0000000091f00000, 0x0000000091f00000|100%|HC|  |TAMS 0x0000000091e00000| PB 0x0000000091e00000| Complete 
| 139|0x0000000091f00000, 0x0000000092000000, 0x0000000092000000|100%|HS|  |TAMS 0x0000000091f00000| PB 0x0000000091f00000| Complete 
| 140|0x0000000092000000, 0x0000000092100000, 0x0000000092100000|100%|HC|  |TAMS 0x0000000092000000| PB 0x0000000092000000| Complete 
| 141|0x0000000092100000, 0x0000000092200000, 0x0000000092200000|100%|HC|  |TAMS 0x0000000092100000| PB 0x0000000092100000| Complete 
| 142|0x0000000092200000, 0x0000000092300000, 0x0000000092300000|100%|HC|  |TAMS 0x0000000092200000| PB 0x0000000092200000| Complete 
| 143|0x0000000092300000, 0x0000000092400000, 0x0000000092400000|100%|HS|  |TAMS 0x0000000092300000| PB 0x0000000092300000| Complete 
| 144|0x0000000092400000, 0x0000000092500000, 0x0000000092500000|100%|HC|  |TAMS 0x0000000092400000| PB 0x0000000092400000| Complete 
| 145|0x0000000092500000, 0x0000000092600000, 0x0000000092600000|100%|HC|  |TAMS 0x0000000092500000| PB 0x0000000092500000| Complete 
| 146|0x0000000092600000, 0x0000000092700000, 0x0000000092700000|100%|HC|  |TAMS 0x0000000092600000| PB 0x0000000092600000| Complete 
| 147|0x0000000092700000, 0x0000000092800000, 0x0000000092800000|100%|HS|  |TAMS 0x0000000092700000| PB 0x0000000092700000| Complete 
| 148|0x0000000092800000, 0x0000000092900000, 0x0000000092900000|100%|HC|  |TAMS 0x0000000092800000| PB 0x0000000092800000| Complete 
| 149|0x0000000092900000, 0x0000000092a00000, 0x0000000092a00000|100%|HC|  |TAMS 0x0000000092900000| PB 0x0000000092900000| Complete 
| 150|0x0000000092a00000, 0x0000000092b00000, 0x0000000092b00000|100%|HC|  |TAMS 0x0000000092a00000| PB 0x0000000092a00000| Complete 
| 151|0x0000000092b00000, 0x0000000092c00000, 0x0000000092c00000|100%|HS|  |TAMS 0x0000000092b00000| PB 0x0000000092b00000| Complete 
| 152|0x0000000092c00000, 0x0000000092d00000, 0x0000000092d00000|100%|HC|  |TAMS 0x0000000092c00000| PB 0x0000000092c00000| Complete 
| 153|0x0000000092d00000, 0x0000000092e00000, 0x0000000092e00000|100%|HS|  |TAMS 0x0000000092d00000| PB 0x0000000092d00000| Complete 
| 154|0x0000000092e00000, 0x0000000092f00000, 0x0000000092f00000|100%|HC|  |TAMS 0x0000000092e00000| PB 0x0000000092e00000| Complete 
| 155|0x0000000092f00000, 0x0000000093000000, 0x0000000093000000|100%| E|CS|TAMS 0x0000000092f00000| PB 0x0000000092f00000| Complete 
| 156|0x0000000093000000, 0x0000000093100000, 0x0000000093100000|100%|HS|  |TAMS 0x0000000093000000| PB 0x0000000093000000| Complete 
| 157|0x0000000093100000, 0x0000000093200000, 0x0000000093200000|100%|HC|  |TAMS 0x0000000093100000| PB 0x0000000093100000| Complete 
| 158|0x0000000093200000, 0x0000000093300000, 0x0000000093300000|100%|HC|  |TAMS 0x0000000093200000| PB 0x0000000093200000| Complete 
| 159|0x0000000093300000, 0x0000000093400000, 0x0000000093400000|100%|HC|  |TAMS 0x0000000093300000| PB 0x0000000093300000| Complete 
| 160|0x0000000093400000, 0x0000000093500000, 0x0000000093500000|100%|HS|  |TAMS 0x0000000093400000| PB 0x0000000093400000| Complete 
| 161|0x0000000093500000, 0x0000000093600000, 0x0000000093600000|100%|HC|  |TAMS 0x0000000093500000| PB 0x0000000093500000| Complete 
| 162|0x0000000093600000, 0x0000000093700000, 0x0000000093700000|100%|HC|  |TAMS 0x0000000093600000| PB 0x0000000093600000| Complete 
| 163|0x0000000093700000, 0x0000000093800000, 0x0000000093800000|100%|HC|  |TAMS 0x0000000093700000| PB 0x0000000093700000| Complete 
| 164|0x0000000093800000, 0x0000000093900000, 0x0000000093900000|100%|HS|  |TAMS 0x0000000093800000| PB 0x0000000093800000| Complete 
| 165|0x0000000093900000, 0x0000000093a00000, 0x0000000093a00000|100%|HC|  |TAMS 0x0000000093900000| PB 0x0000000093900000| Complete 
| 166|0x0000000093a00000, 0x0000000093b00000, 0x0000000093b00000|100%|HC|  |TAMS 0x0000000093a00000| PB 0x0000000093a00000| Complete 
| 167|0x0000000093b00000, 0x0000000093c00000, 0x0000000093c00000|100%|HC|  |TAMS 0x0000000093b00000| PB 0x0000000093b00000| Complete 
| 168|0x0000000093c00000, 0x0000000093d00000, 0x0000000093d00000|100%|HC|  |TAMS 0x0000000093c00000| PB 0x0000000093c00000| Complete 
| 169|0x0000000093d00000, 0x0000000093e00000, 0x0000000093e00000|100%|HC|  |TAMS 0x0000000093d00000| PB 0x0000000093d00000| Complete 
| 170|0x0000000093e00000, 0x0000000093f00000, 0x0000000093f00000|100%|HC|  |TAMS 0x0000000093e00000| PB 0x0000000093e00000| Complete 
| 171|0x0000000093f00000, 0x0000000094000000, 0x0000000094000000|100%|HS|  |TAMS 0x0000000093f00000| PB 0x0000000093f00000| Complete 
| 172|0x0000000094000000, 0x0000000094100000, 0x0000000094100000|100%|HC|  |TAMS 0x0000000094000000| PB 0x0000000094000000| Complete 
| 173|0x0000000094100000, 0x0000000094200000, 0x0000000094200000|100%|HS|  |TAMS 0x0000000094100000| PB 0x0000000094100000| Complete 
| 174|0x0000000094200000, 0x0000000094300000, 0x0000000094300000|100%|HC|  |TAMS 0x0000000094200000| PB 0x0000000094200000| Complete 
| 175|0x0000000094300000, 0x0000000094400000, 0x0000000094400000|100%|HS|  |TAMS 0x0000000094300000| PB 0x0000000094300000| Complete 
| 176|0x0000000094400000, 0x0000000094500000, 0x0000000094500000|100%|HC|  |TAMS 0x0000000094400000| PB 0x0000000094400000| Complete 
| 177|0x0000000094500000, 0x0000000094600000, 0x0000000094600000|100%|HS|  |TAMS 0x0000000094500000| PB 0x0000000094500000| Complete 
| 178|0x0000000094600000, 0x0000000094700000, 0x0000000094700000|100%|HC|  |TAMS 0x0000000094600000| PB 0x0000000094600000| Complete 
| 179|0x0000000094700000, 0x0000000094800000, 0x0000000094800000|100%|HS|  |TAMS 0x0000000094700000| PB 0x0000000094700000| Complete 
| 180|0x0000000094800000, 0x0000000094900000, 0x0000000094900000|100%|HC|  |TAMS 0x0000000094800000| PB 0x0000000094800000| Complete 
| 181|0x0000000094900000, 0x0000000094a00000, 0x0000000094a00000|100%|HS|  |TAMS 0x0000000094900000| PB 0x0000000094900000| Complete 
| 182|0x0000000094a00000, 0x0000000094b00000, 0x0000000094b00000|100%|HC|  |TAMS 0x0000000094a00000| PB 0x0000000094a00000| Complete 
| 183|0x0000000094b00000, 0x0000000094c00000, 0x0000000094c00000|100%|HS|  |TAMS 0x0000000094b00000| PB 0x0000000094b00000| Complete 
| 184|0x0000000094c00000, 0x0000000094d00000, 0x0000000094d00000|100%|HC|  |TAMS 0x0000000094c00000| PB 0x0000000094c00000| Complete 
| 185|0x0000000094d00000, 0x0000000094e00000, 0x0000000094e00000|100%|HS|  |TAMS 0x0000000094d00000| PB 0x0000000094d00000| Complete 
| 186|0x0000000094e00000, 0x0000000094f00000, 0x0000000094f00000|100%|HC|  |TAMS 0x0000000094e00000| PB 0x0000000094e00000| Complete 
| 187|0x0000000094f00000, 0x0000000095000000, 0x0000000095000000|100%|HS|  |TAMS 0x0000000094f00000| PB 0x0000000094f00000| Complete 
| 188|0x0000000095000000, 0x0000000095100000, 0x0000000095100000|100%|HC|  |TAMS 0x0000000095000000| PB 0x0000000095000000| Complete 
| 189|0x0000000095100000, 0x0000000095200000, 0x0000000095200000|100%|HS|  |TAMS 0x0000000095100000| PB 0x0000000095100000| Complete 
| 190|0x0000000095200000, 0x0000000095300000, 0x0000000095300000|100%|HC|  |TAMS 0x0000000095200000| PB 0x0000000095200000| Complete 
| 191|0x0000000095300000, 0x0000000095400000, 0x0000000095400000|100%|HS|  |TAMS 0x0000000095300000| PB 0x0000000095300000| Complete 
| 192|0x0000000095400000, 0x0000000095500000, 0x0000000095500000|100%|HC|  |TAMS 0x0000000095400000| PB 0x0000000095400000| Complete 
| 193|0x0000000095500000, 0x0000000095600000, 0x0000000095600000|100%|HS|  |TAMS 0x0000000095500000| PB 0x0000000095500000| Complete 
| 194|0x0000000095600000, 0x0000000095700000, 0x0000000095700000|100%|HC|  |TAMS 0x0000000095600000| PB 0x0000000095600000| Complete 
| 195|0x0000000095700000, 0x0000000095800000, 0x0000000095800000|100%|HS|  |TAMS 0x0000000095700000| PB 0x0000000095700000| Complete 
| 196|0x0000000095800000, 0x0000000095900000, 0x0000000095900000|100%|HC|  |TAMS 0x0000000095800000| PB 0x0000000095800000| Complete 
| 197|0x0000000095900000, 0x0000000095a00000, 0x0000000095a00000|100%|HS|  |TAMS 0x0000000095900000| PB 0x0000000095900000| Complete 
| 198|0x0000000095a00000, 0x0000000095b00000, 0x0000000095b00000|100%|HC|  |TAMS 0x0000000095a00000| PB 0x0000000095a00000| Complete 
| 199|0x0000000095b00000, 0x0000000095c00000, 0x0000000095c00000|100%|HS|  |TAMS 0x0000000095b00000| PB 0x0000000095b00000| Complete 
| 200|0x0000000095c00000, 0x0000000095d00000, 0x0000000095d00000|100%|HC|  |TAMS 0x0000000095c00000| PB 0x0000000095c00000| Complete 
| 201|0x0000000095d00000, 0x0000000095e00000, 0x0000000095e00000|100%|HS|  |TAMS 0x0000000095d00000| PB 0x0000000095d00000| Complete 
| 202|0x0000000095e00000, 0x0000000095f00000, 0x0000000095f00000|100%|HC|  |TAMS 0x0000000095e00000| PB 0x0000000095e00000| Complete 
| 203|0x0000000095f00000, 0x0000000096000000, 0x0000000096000000|100%|HS|  |TAMS 0x0000000095f00000| PB 0x0000000095f00000| Complete 
| 204|0x0000000096000000, 0x0000000096100000, 0x0000000096100000|100%|HC|  |TAMS 0x0000000096000000| PB 0x0000000096000000| Complete 
| 205|0x0000000096100000, 0x0000000096200000, 0x0000000096200000|100%|HS|  |TAMS 0x0000000096100000| PB 0x0000000096100000| Complete 
| 206|0x0000000096200000, 0x0000000096300000, 0x0000000096300000|100%|HC|  |TAMS 0x0000000096200000| PB 0x0000000096200000| Complete 
| 207|0x0000000096300000, 0x0000000096400000, 0x0000000096400000|100%|HS|  |TAMS 0x0000000096300000| PB 0x0000000096300000| Complete 
| 208|0x0000000096400000, 0x0000000096500000, 0x0000000096500000|100%|HC|  |TAMS 0x0000000096400000| PB 0x0000000096400000| Complete 
| 209|0x0000000096500000, 0x0000000096600000, 0x0000000096600000|100%|HS|  |TAMS 0x0000000096500000| PB 0x0000000096500000| Complete 
| 210|0x0000000096600000, 0x0000000096700000, 0x0000000096700000|100%|HC|  |TAMS 0x0000000096600000| PB 0x0000000096600000| Complete 
| 211|0x0000000096700000, 0x0000000096800000, 0x0000000096800000|100%|HS|  |TAMS 0x0000000096700000| PB 0x0000000096700000| Complete 
| 212|0x0000000096800000, 0x0000000096900000, 0x0000000096900000|100%|HC|  |TAMS 0x0000000096800000| PB 0x0000000096800000| Complete 
| 213|0x0000000096900000, 0x0000000096a00000, 0x0000000096a00000|100%|HS|  |TAMS 0x0000000096900000| PB 0x0000000096900000| Complete 
| 214|0x0000000096a00000, 0x0000000096b00000, 0x0000000096b00000|100%|HC|  |TAMS 0x0000000096a00000| PB 0x0000000096a00000| Complete 
| 215|0x0000000096b00000, 0x0000000096c00000, 0x0000000096c00000|100%|HS|  |TAMS 0x0000000096b00000| PB 0x0000000096b00000| Complete 
| 216|0x0000000096c00000, 0x0000000096d00000, 0x0000000096d00000|100%|HC|  |TAMS 0x0000000096c00000| PB 0x0000000096c00000| Complete 
| 217|0x0000000096d00000, 0x0000000096d58dd0, 0x0000000096e00000| 34%| S|CS|TAMS 0x0000000096d00000| PB 0x0000000096d00000| Complete 
| 218|0x0000000096e00000, 0x0000000096f00000, 0x0000000096f00000|100%| S|CS|TAMS 0x0000000096e00000| PB 0x0000000096e00000| Complete 
| 219|0x0000000096f00000, 0x0000000097000000, 0x0000000097000000|100%|HS|  |TAMS 0x0000000096f00000| PB 0x0000000096f00000| Complete 
| 220|0x0000000097000000, 0x0000000097100000, 0x0000000097100000|100%|HC|  |TAMS 0x0000000097000000| PB 0x0000000097000000| Complete 
| 221|0x0000000097100000, 0x0000000097200000, 0x0000000097200000|100%|HS|  |TAMS 0x0000000097100000| PB 0x0000000097100000| Complete 
| 222|0x0000000097200000, 0x0000000097300000, 0x0000000097300000|100%|HC|  |TAMS 0x0000000097200000| PB 0x0000000097200000| Complete 
| 223|0x0000000097300000, 0x0000000097400000, 0x0000000097400000|100%| E|CS|TAMS 0x0000000097300000| PB 0x0000000097300000| Complete 
| 224|0x0000000097400000, 0x0000000097500000, 0x0000000097500000|100%| E|CS|TAMS 0x0000000097400000| PB 0x0000000097400000| Complete 
| 225|0x0000000097500000, 0x0000000097600000, 0x0000000097600000|100%| E|CS|TAMS 0x0000000097500000| PB 0x0000000097500000| Complete 
| 226|0x0000000097600000, 0x0000000097700000, 0x0000000097700000|100%| E|CS|TAMS 0x0000000097600000| PB 0x0000000097600000| Complete 
| 227|0x0000000097700000, 0x0000000097800000, 0x0000000097800000|100%| E|CS|TAMS 0x0000000097700000| PB 0x0000000097700000| Complete 
| 228|0x0000000097800000, 0x0000000097900000, 0x0000000097900000|100%| E|CS|TAMS 0x0000000097800000| PB 0x0000000097800000| Complete 
| 229|0x0000000097900000, 0x0000000097a00000, 0x0000000097a00000|100%| E|CS|TAMS 0x0000000097900000| PB 0x0000000097900000| Complete 
| 230|0x0000000097a00000, 0x0000000097b00000, 0x0000000097b00000|100%| E|CS|TAMS 0x0000000097a00000| PB 0x0000000097a00000| Complete 
| 231|0x0000000097b00000, 0x0000000097c00000, 0x0000000097c00000|100%| E|  |TAMS 0x0000000097b00000| PB 0x0000000097b00000| Complete 
| 232|0x0000000097c00000, 0x0000000097d00000, 0x0000000097d00000|100%| E|CS|TAMS 0x0000000097c00000| PB 0x0000000097c00000| Complete 
| 233|0x0000000097d00000, 0x0000000097e00000, 0x0000000097e00000|100%| E|CS|TAMS 0x0000000097d00000| PB 0x0000000097d00000| Complete 
| 234|0x0000000097e00000, 0x0000000097f00000, 0x0000000097f00000|100%| E|CS|TAMS 0x0000000097e00000| PB 0x0000000097e00000| Complete 
| 235|0x0000000097f00000, 0x0000000098000000, 0x0000000098000000|100%|HS|  |TAMS 0x0000000097f00000| PB 0x0000000097f00000| Complete 
| 236|0x0000000098000000, 0x0000000098100000, 0x0000000098100000|100%|HC|  |TAMS 0x0000000098000000| PB 0x0000000098000000| Complete 
| 237|0x0000000098100000, 0x0000000098200000, 0x0000000098200000|100%|HS|  |TAMS 0x0000000098100000| PB 0x0000000098100000| Complete 
| 238|0x0000000098200000, 0x0000000098300000, 0x0000000098300000|100%|HC|  |TAMS 0x0000000098200000| PB 0x0000000098200000| Complete 
| 239|0x0000000098300000, 0x0000000098400000, 0x0000000098400000|100%|HS|  |TAMS 0x0000000098300000| PB 0x0000000098300000| Complete 
| 240|0x0000000098400000, 0x0000000098500000, 0x0000000098500000|100%|HC|  |TAMS 0x0000000098400000| PB 0x0000000098400000| Complete 
| 241|0x0000000098500000, 0x0000000098600000, 0x0000000098600000|100%|HS|  |TAMS 0x0000000098500000| PB 0x0000000098500000| Complete 
| 242|0x0000000098600000, 0x0000000098700000, 0x0000000098700000|100%|HC|  |TAMS 0x0000000098600000| PB 0x0000000098600000| Complete 
| 243|0x0000000098700000, 0x0000000098800000, 0x0000000098800000|100%|HS|  |TAMS 0x0000000098700000| PB 0x0000000098700000| Complete 
| 244|0x0000000098800000, 0x0000000098900000, 0x0000000098900000|100%|HC|  |TAMS 0x0000000098800000| PB 0x0000000098800000| Complete 
| 245|0x0000000098900000, 0x0000000098a00000, 0x0000000098a00000|100%|HS|  |TAMS 0x0000000098900000| PB 0x0000000098900000| Complete 
| 246|0x0000000098a00000, 0x0000000098b00000, 0x0000000098b00000|100%|HC|  |TAMS 0x0000000098a00000| PB 0x0000000098a00000| Complete 
| 247|0x0000000098b00000, 0x0000000098c00000, 0x0000000098c00000|100%|HS|  |TAMS 0x0000000098b00000| PB 0x0000000098b00000| Complete 
| 248|0x0000000098c00000, 0x0000000098d00000, 0x0000000098d00000|100%|HC|  |TAMS 0x0000000098c00000| PB 0x0000000098c00000| Complete 
| 249|0x0000000098d00000, 0x0000000098e00000, 0x0000000098e00000|100%|HS|  |TAMS 0x0000000098d00000| PB 0x0000000098d00000| Complete 
| 250|0x0000000098e00000, 0x0000000098f00000, 0x0000000098f00000|100%|HC|  |TAMS 0x0000000098e00000| PB 0x0000000098e00000| Complete 
| 251|0x0000000098f00000, 0x0000000099000000, 0x0000000099000000|100%|HS|  |TAMS 0x0000000098f00000| PB 0x0000000098f00000| Complete 
| 252|0x0000000099000000, 0x0000000099100000, 0x0000000099100000|100%|HC|  |TAMS 0x0000000099000000| PB 0x0000000099000000| Complete 
| 253|0x0000000099100000, 0x0000000099200000, 0x0000000099200000|100%|HS|  |TAMS 0x0000000099100000| PB 0x0000000099100000| Complete 
| 254|0x0000000099200000, 0x0000000099300000, 0x0000000099300000|100%|HC|  |TAMS 0x0000000099200000| PB 0x0000000099200000| Complete 
| 255|0x0000000099300000, 0x0000000099400000, 0x0000000099400000|100%|HS|  |TAMS 0x0000000099300000| PB 0x0000000099300000| Complete 
| 256|0x0000000099400000, 0x0000000099500000, 0x0000000099500000|100%|HC|  |TAMS 0x0000000099400000| PB 0x0000000099400000| Complete 
| 257|0x0000000099500000, 0x0000000099600000, 0x0000000099600000|100%|HS|  |TAMS 0x0000000099500000| PB 0x0000000099500000| Complete 
| 258|0x0000000099600000, 0x0000000099700000, 0x0000000099700000|100%|HC|  |TAMS 0x0000000099600000| PB 0x0000000099600000| Complete 
| 259|0x0000000099700000, 0x0000000099800000, 0x0000000099800000|100%|HS|  |TAMS 0x0000000099700000| PB 0x0000000099700000| Complete 
| 260|0x0000000099800000, 0x0000000099900000, 0x0000000099900000|100%|HC|  |TAMS 0x0000000099800000| PB 0x0000000099800000| Complete 
| 261|0x0000000099900000, 0x0000000099a00000, 0x0000000099a00000|100%|HS|  |TAMS 0x0000000099900000| PB 0x0000000099900000| Complete 
| 262|0x0000000099a00000, 0x0000000099b00000, 0x0000000099b00000|100%|HC|  |TAMS 0x0000000099a00000| PB 0x0000000099a00000| Complete 
| 263|0x0000000099b00000, 0x0000000099c00000, 0x0000000099c00000|100%|HS|  |TAMS 0x0000000099b00000| PB 0x0000000099b00000| Complete 
| 264|0x0000000099c00000, 0x0000000099d00000, 0x0000000099d00000|100%|HC|  |TAMS 0x0000000099c00000| PB 0x0000000099c00000| Complete 
| 265|0x0000000099d00000, 0x0000000099e00000, 0x0000000099e00000|100%|HS|  |TAMS 0x0000000099d00000| PB 0x0000000099d00000| Complete 
| 266|0x0000000099e00000, 0x0000000099f00000, 0x0000000099f00000|100%|HC|  |TAMS 0x0000000099e00000| PB 0x0000000099e00000| Complete 
| 267|0x0000000099f00000, 0x000000009a000000, 0x000000009a000000|100%|HS|  |TAMS 0x0000000099f00000| PB 0x0000000099f00000| Complete 
| 268|0x000000009a000000, 0x000000009a100000, 0x000000009a100000|100%|HC|  |TAMS 0x000000009a000000| PB 0x000000009a000000| Complete 
| 269|0x000000009a100000, 0x000000009a200000, 0x000000009a200000|100%|HS|  |TAMS 0x000000009a100000| PB 0x000000009a100000| Complete 
| 270|0x000000009a200000, 0x000000009a300000, 0x000000009a300000|100%|HC|  |TAMS 0x000000009a200000| PB 0x000000009a200000| Complete 
| 271|0x000000009a300000, 0x000000009a400000, 0x000000009a400000|100%|HS|  |TAMS 0x000000009a300000| PB 0x000000009a300000| Complete 
| 272|0x000000009a400000, 0x000000009a500000, 0x000000009a500000|100%|HC|  |TAMS 0x000000009a400000| PB 0x000000009a400000| Complete 
| 273|0x000000009a500000, 0x000000009a600000, 0x000000009a600000|100%|HS|  |TAMS 0x000000009a500000| PB 0x000000009a500000| Complete 
| 274|0x000000009a600000, 0x000000009a700000, 0x000000009a700000|100%|HC|  |TAMS 0x000000009a600000| PB 0x000000009a600000| Complete 
| 275|0x000000009a700000, 0x000000009a800000, 0x000000009a800000|100%|HS|  |TAMS 0x000000009a700000| PB 0x000000009a700000| Complete 
| 276|0x000000009a800000, 0x000000009a900000, 0x000000009a900000|100%|HC|  |TAMS 0x000000009a800000| PB 0x000000009a800000| Complete 
|1896|0x00000000ffc00000, 0x00000000ffca4b00, 0x00000000ffd00000| 64%| O|  |TAMS 0x00000000ffc00000| PB 0x00000000ffc00000| Untracked 
|1897|0x00000000ffd00000, 0x00000000ffe00000, 0x00000000ffe00000|100%| O|Cm|TAMS 0x00000000ffd00000| PB 0x00000000ffd00000| Complete 
|1898|0x00000000ffe00000, 0x00000000fff00000, 0x00000000fff00000|100%| O|  |TAMS 0x00000000ffe00000| PB 0x00000000ffe00000| Untracked 
|1899|0x00000000fff00000, 0x0000000100000000, 0x0000000100000000|100%| O|  |TAMS 0x00000000fff00000| PB 0x00000000fff00000| Untracked 

Card table byte_map: [0x00000172fcbb0000,0x00000172fcf70000] _byte_map_base: 0x00000172fc766000

Marking Bits: (CMBitMap*) 0x00000172e4e926d0
 Bits: [0x00000172fcf70000, 0x00000172fed20000)

Polling page: 0x00000172e2e20000

Metaspace:

Usage:
  Non-class:     22.41 MB used.
      Class:      2.76 MB used.
       Both:     25.17 MB used.

Virtual space:
  Non-class space:       64.00 MB reserved,      22.62 MB ( 35%) committed,  1 nodes.
      Class space:        1.00 GB reserved,       2.94 MB ( <1%) committed,  1 nodes.
             Both:        1.06 GB reserved,      25.56 MB (  2%) committed. 

Chunk freelists:
   Non-Class:  8.91 MB
       Class:  12.98 MB
        Both:  21.89 MB

MaxMetaspaceSize: unlimited
CompressedClassSpaceSize: 1.00 GB
Initial GC threshold: 21.00 MB
Current GC threshold: 40.88 MB
CDS: on
 - commit_granule_bytes: 65536.
 - commit_granule_words: 8192.
 - virtual_space_node_default_size: 8388608.
 - enlarge_chunks_in_place: 1.
 - use_allocation_guard: 0.


Internal statistics:

num_allocs_failed_limit: 3.
num_arena_births: 352.
num_arena_deaths: 0.
num_vsnodes_births: 2.
num_vsnodes_deaths: 0.
num_space_committed: 409.
num_space_uncommitted: 0.
num_chunks_returned_to_freelist: 3.
num_chunks_taken_from_freelist: 759.
num_chunk_merges: 3.
num_chunk_splits: 477.
num_chunks_enlarged: 295.
num_inconsistent_stats: 0.

CodeHeap 'non-profiled nmethods': size=120000Kb used=2604Kb max_used=2604Kb free=117395Kb
 bounds [0x00000172f4d60000, 0x00000172f4ff0000, 0x00000172fc290000]
CodeHeap 'profiled nmethods': size=120000Kb used=10097Kb max_used=10097Kb free=109902Kb
 bounds [0x00000172ed290000, 0x00000172edc80000, 0x00000172f47c0000]
CodeHeap 'non-nmethods': size=5760Kb used=1856Kb max_used=1888Kb free=3903Kb
 bounds [0x00000172f47c0000, 0x00000172f4a30000, 0x00000172f4d60000]
 total_blobs=5770 nmethods=4903 adapters=768
 compilation: enabled
              stopped_count=0, restarted_count=0
 full_count=0

Compilation events (20 events):
Event: 26.491 Thread 0x00000172ff9741a0 5586       3       com.formdev.flatlaf.ui.FlatUIUtils::isAWTPeer (21 bytes)
Event: 26.491 Thread 0x00000172ff9741a0 nmethod 5586 0x00000172ed561610 code [0x00000172ed5617a0, 0x00000172ed5618a0]
Event: 26.495 Thread 0x00000172ff9741a0 5588       3       java.util.StringTokenizer::hasMoreTokens (29 bytes)
Event: 26.496 Thread 0x00000172ff9741a0 nmethod 5588 0x00000172ed922790 code [0x00000172ed922940, 0x00000172ed922af8]
Event: 26.496 Thread 0x00000172ff971f50 nmethod 5584 0x00000172f4fe7a10 code [0x00000172f4fe7be0, 0x00000172f4fe8350]
Event: 26.496 Thread 0x00000172ff9741a0 5589       3       java.lang.StringBuilder::append (8 bytes)
Event: 26.496 Thread 0x00000172ff971f50 5590       4       java.util.StringTokenizer::scanToken (179 bytes)
Event: 26.496 Thread 0x00000172ff9741a0 nmethod 5589 0x00000172ed546410 code [0x00000172ed5465c0, 0x00000172ed546710]
Event: 26.496 Thread 0x00000172ff9741a0 5591   !   3       java.lang.Class::desiredAssertionStatus (54 bytes)
Event: 26.496 Thread 0x00000172ff9741a0 nmethod 5591 0x00000172ed545a90 code [0x00000172ed545ca0, 0x00000172ed5461d8]
Event: 26.498 Thread 0x00000172ff9741a0 5593       3       sun.awt.image.PNGImageDecoder::filterRow (460 bytes)
Event: 26.498 Thread 0x00000172ff9741a0 nmethod 5593 0x00000172ed544210 code [0x00000172ed5444a0, 0x00000172ed5452f8]
Event: 26.499 Thread 0x00000172ff971f50 nmethod 5590 0x00000172f4fe8b10 code [0x00000172f4fe8ce0, 0x00000172f4fe90f8]
Event: 26.499 Thread 0x00000172ff971f50 5594       4       sun.awt.image.InputStreamImageSource::latchConsumers (6 bytes)
Event: 26.499 Thread 0x00000172ff971f50 nmethod 5594 0x00000172f4fe9410 code [0x00000172f4fe95a0, 0x00000172f4fe98c8]
Event: 26.501 Thread 0x00000172ff9741a0 5595 % !   3       sun.awt.image.PNGImageDecoder::produceImage @ 960 (1917 bytes)
Event: 26.501 Thread 0x00000172ff971f50 5596   !   4       sun.awt.image.ImageDecoder::nextConsumer (69 bytes)
Event: 26.502 Thread 0x00000172ff971f50 nmethod 5596 0x00000172f4fe9990 code [0x00000172f4fe9b20, 0x00000172f4fe9e80]
Event: 26.504 Thread 0x00000172ff971f50 5598       4       java.lang.StringConcatHelper::newString (67 bytes)
Event: 26.505 Thread 0x00000172ff971f50 nmethod 5598 0x00000172f4fe9f90 code [0x00000172f4fea120, 0x00000172f4fea2a8]

GC Heap History (20 events):
Event: 0.476 GC heap before
{Heap before GC invocations=0 (full 0):
 garbage-first heap   total 122880K, used 22528K [0x0000000089400000, 0x0000000100000000)
  region size 1024K, 23 young (23552K), 0 survivors (0K)
 Metaspace       used 4273K, committed 4416K, reserved 1114112K
  class space    used 391K, committed 448K, reserved 1048576K
}
Event: 0.485 GC heap after
{Heap after GC invocations=1 (full 0):
 garbage-first heap   total 122880K, used 11056K [0x0000000089400000, 0x0000000100000000)
  region size 1024K, 3 young (3072K), 3 survivors (3072K)
 Metaspace       used 4273K, committed 4416K, reserved 1114112K
  class space    used 391K, committed 448K, reserved 1048576K
}
Event: 2.668 GC heap before
{Heap before GC invocations=1 (full 0):
 garbage-first heap   total 122880K, used 36656K [0x0000000089400000, 0x0000000100000000)
  region size 1024K, 25 young (25600K), 3 survivors (3072K)
 Metaspace       used 15255K, committed 15552K, reserved 1114112K
  class space    used 1637K, committed 1792K, reserved 1048576K
}
Event: 2.673 GC heap after
{Heap after GC invocations=2 (full 0):
 garbage-first heap   total 122880K, used 17773K [0x0000000089400000, 0x0000000100000000)
  region size 1024K, 4 young (4096K), 4 survivors (4096K)
 Metaspace       used 15255K, committed 15552K, reserved 1114112K
  class space    used 1637K, committed 1792K, reserved 1048576K
}
Event: 3.679 GC heap before
{Heap before GC invocations=2 (full 0):
 garbage-first heap   total 122880K, used 45421K [0x0000000089400000, 0x0000000100000000)
  region size 1024K, 30 young (30720K), 4 survivors (4096K)
 Metaspace       used 21191K, committed 21504K, reserved 1114112K
  class space    used 2320K, committed 2432K, reserved 1048576K
}
Event: 3.684 GC heap after
{Heap after GC invocations=3 (full 0):
 garbage-first heap   total 122880K, used 23647K [0x0000000089400000, 0x0000000100000000)
  region size 1024K, 3 young (3072K), 3 survivors (3072K)
 Metaspace       used 21191K, committed 21504K, reserved 1114112K
  class space    used 2320K, committed 2432K, reserved 1048576K
}
Event: 6.307 GC heap before
{Heap before GC invocations=4 (full 0):
 garbage-first heap   total 93184K, used 91231K [0x0000000089400000, 0x0000000100000000)
  region size 1024K, 39 young (39936K), 3 survivors (3072K)
 Metaspace       used 24778K, committed 25088K, reserved 1114112K
  class space    used 2755K, committed 2880K, reserved 1048576K
}
Event: 6.312 GC heap after
{Heap after GC invocations=5 (full 0):
 garbage-first heap   total 98304K, used 56944K [0x0000000089400000, 0x0000000100000000)
  region size 1024K, 5 young (5120K), 5 survivors (5120K)
 Metaspace       used 24778K, committed 25088K, reserved 1114112K
  class space    used 2755K, committed 2880K, reserved 1048576K
}
Event: 6.403 GC heap before
{Heap before GC invocations=5 (full 0):
 garbage-first heap   total 98304K, used 96880K [0x0000000089400000, 0x0000000100000000)
  region size 1024K, 24 young (24576K), 5 survivors (5120K)
 Metaspace       used 24788K, committed 25088K, reserved 1114112K
  class space    used 2755K, committed 2880K, reserved 1048576K
}
Event: 6.407 GC heap after
{Heap after GC invocations=6 (full 0):
 garbage-first heap   total 103424K, used 73634K [0x0000000089400000, 0x0000000100000000)
  region size 1024K, 2 young (2048K), 2 survivors (2048K)
 Metaspace       used 24788K, committed 25088K, reserved 1114112K
  class space    used 2755K, committed 2880K, reserved 1048576K
}
Event: 6.415 GC heap before
{Heap before GC invocations=6 (full 0):
 garbage-first heap   total 103424K, used 73634K [0x0000000089400000, 0x0000000100000000)
  region size 1024K, 3 young (3072K), 2 survivors (2048K)
 Metaspace       used 24788K, committed 25088K, reserved 1114112K
  class space    used 2755K, committed 2880K, reserved 1048576K
}
Event: 6.417 GC heap after
{Heap after GC invocations=7 (full 0):
 garbage-first heap   total 103424K, used 73485K [0x0000000089400000, 0x0000000100000000)
  region size 1024K, 2 young (2048K), 2 survivors (2048K)
 Metaspace       used 24788K, committed 25088K, reserved 1114112K
  class space    used 2755K, committed 2880K, reserved 1048576K
}
Event: 6.522 GC heap before
{Heap before GC invocations=8 (full 0):
 garbage-first heap   total 135168K, used 116493K [0x0000000089400000, 0x0000000100000000)
  region size 1024K, 20 young (20480K), 2 survivors (2048K)
 Metaspace       used 24788K, committed 25088K, reserved 1114112K
  class space    used 2755K, committed 2880K, reserved 1048576K
}
Event: 6.525 GC heap after
{Heap after GC invocations=9 (full 0):
 garbage-first heap   total 162816K, used 98032K [0x0000000089400000, 0x0000000100000000)
  region size 1024K, 2 young (2048K), 2 survivors (2048K)
 Metaspace       used 24788K, committed 25088K, reserved 1114112K
  class space    used 2755K, committed 2880K, reserved 1048576K
}
Event: 6.673 GC heap before
{Heap before GC invocations=9 (full 0):
 garbage-first heap   total 171008K, used 169712K [0x0000000089400000, 0x0000000100000000)
  region size 1024K, 32 young (32768K), 2 survivors (2048K)
 Metaspace       used 24788K, committed 25088K, reserved 1114112K
  class space    used 2755K, committed 2880K, reserved 1048576K
}
Event: 6.676 GC heap after
{Heap after GC invocations=10 (full 0):
 garbage-first heap   total 174080K, used 139041K [0x0000000089400000, 0x0000000100000000)
  region size 1024K, 2 young (2048K), 2 survivors (2048K)
 Metaspace       used 24788K, committed 25088K, reserved 1114112K
  class space    used 2755K, committed 2880K, reserved 1048576K
}
Event: 6.684 GC heap before
{Heap before GC invocations=10 (full 0):
 garbage-first heap   total 174080K, used 141089K [0x0000000089400000, 0x0000000100000000)
  region size 1024K, 5 young (5120K), 2 survivors (2048K)
 Metaspace       used 24788K, committed 25088K, reserved 1114112K
  class space    used 2755K, committed 2880K, reserved 1048576K
}
Event: 6.686 GC heap after
{Heap after GC invocations=11 (full 0):
 garbage-first heap   total 174080K, used 139038K [0x0000000089400000, 0x0000000100000000)
  region size 1024K, 2 young (2048K), 2 survivors (2048K)
 Metaspace       used 24788K, committed 25088K, reserved 1114112K
  class space    used 2755K, committed 2880K, reserved 1048576K
}
Event: 6.939 GC heap before
{Heap before GC invocations=12 (full 0):
 garbage-first heap   total 244736K, used 184094K [0x0000000089400000, 0x0000000100000000)
  region size 1024K, 20 young (20480K), 2 survivors (2048K)
 Metaspace       used 24841K, committed 25216K, reserved 1114112K
  class space    used 2758K, committed 2880K, reserved 1048576K
}
Event: 6.941 GC heap after
{Heap after GC invocations=13 (full 0):
 garbage-first heap   total 244736K, used 165878K [0x0000000089400000, 0x0000000100000000)
  region size 1024K, 2 young (2048K), 2 survivors (2048K)
 Metaspace       used 24841K, committed 25216K, reserved 1114112K
  class space    used 2758K, committed 2880K, reserved 1048576K
}

Dll operation events (12 events):
Event: 0.008 Loaded shared library D:\Program Files\Java\jdk-21\bin\java.dll
Event: 0.048 Loaded shared library D:\Program Files\Java\jdk-21\bin\jsvml.dll
Event: 0.088 Loaded shared library D:\Program Files\Java\jdk-21\bin\net.dll
Event: 0.090 Loaded shared library D:\Program Files\Java\jdk-21\bin\nio.dll
Event: 0.107 Loaded shared library D:\Program Files\Java\jdk-21\bin\zip.dll
Event: 0.171 Loaded shared library D:\Program Files\Java\jdk-21\bin\jimage.dll
Event: 0.181 Loaded shared library D:\Program Files\Java\jdk-21\bin\awt.dll
Event: 0.263 Loaded shared library D:\Program Files\Java\jdk-21\bin\freetype.dll
Event: 0.263 Loaded shared library D:\Program Files\Java\jdk-21\bin\fontmanager.dll
Event: 0.745 Loaded shared library C:\Users\HOME\AppData\Local\Temp\flatlaf.temp\flatlaf-windows-x86_64-311006254040000.dll
Event: 2.657 Loaded shared library D:\Program Files\Java\jdk-21\bin\extnet.dll
Event: 6.198 Loaded shared library D:\Program Files\Java\jdk-21\bin\javajpeg.dll

Deoptimization events (20 events):
Event: 26.497 Thread 0x00000172c74991e0 Uncommon trap: trap_request=0xffffffde fr.pc=0x00000172f4e80bb0 relative=0x00000000000005f0
Event: 26.497 Thread 0x00000172c74991e0 Uncommon trap: reason=class_check action=maybe_recompile pc=0x00000172f4e80bb0 method=java.io.DataInputStream.readFully([BII)V @ 30 c2
Event: 26.497 Thread 0x00000172c74991e0 DEOPT PACKING pc=0x00000172f4e80bb0 sp=0x0000006caf4feab0
Event: 26.497 Thread 0x00000172c74991e0 DEOPT UNPACKING pc=0x00000172f48146a2 sp=0x0000006caf4fea88 mode 2
Event: 26.498 Thread 0x00000172c74991e0 Uncommon trap: trap_request=0xffffff45 fr.pc=0x00000172f4dfc488 relative=0x0000000000000d88
Event: 26.498 Thread 0x00000172c74991e0 Uncommon trap: reason=unstable_if action=reinterpret pc=0x00000172f4dfc488 method=sun.awt.image.PNGImageDecoder.filterRow([B[BIII)V @ 4 c2
Event: 26.498 Thread 0x00000172c74991e0 DEOPT PACKING pc=0x00000172f4dfc488 sp=0x0000006caf4feea0
Event: 26.498 Thread 0x00000172c74991e0 DEOPT UNPACKING pc=0x00000172f48146a2 sp=0x0000006caf4fee08 mode 2
Event: 26.498 Thread 0x00000172c74991e0 Uncommon trap: trap_request=0xffffff45 fr.pc=0x00000172f4dfd608 relative=0x0000000000000a08
Event: 26.498 Thread 0x00000172c74991e0 Uncommon trap: reason=unstable_if action=reinterpret pc=0x00000172f4dfd608 method=sun.awt.image.ImageRepresentation.getOpaqueRGBImage()Ljava/awt/image/BufferedImage; @ 71 c2
Event: 26.498 Thread 0x00000172c74991e0 DEOPT PACKING pc=0x00000172f4dfd608 sp=0x0000006caf4fed50
Event: 26.498 Thread 0x00000172c74991e0 DEOPT UNPACKING pc=0x00000172f48146a2 sp=0x0000006caf4fed10 mode 2
Event: 26.503 Thread 0x00000172c88f1ee0 Uncommon trap: trap_request=0xffffff45 fr.pc=0x00000172f4f4e7f8 relative=0x0000000000000f38
Event: 26.503 Thread 0x00000172c88f1ee0 Uncommon trap: reason=unstable_if action=reinterpret pc=0x00000172f4f4e7f8 method=sun.awt.SunToolkit.isInstanceOf(Ljava/lang/Class;Ljava/lang/String;)Z @ 51 c2
Event: 26.503 Thread 0x00000172c88f1ee0 DEOPT PACKING pc=0x00000172f4f4e7f8 sp=0x0000006caf5fdf00
Event: 26.503 Thread 0x00000172c88f1ee0 DEOPT UNPACKING pc=0x00000172f48146a2 sp=0x0000006caf5fdec0 mode 2
Event: 26.503 Thread 0x00000172c88f1ee0 Uncommon trap: trap_request=0xffffff45 fr.pc=0x00000172f4f1d930 relative=0x0000000000000570
Event: 26.503 Thread 0x00000172c88f1ee0 Uncommon trap: reason=unstable_if action=reinterpret pc=0x00000172f4f1d930 method=java.util.ArrayList.grow(I)[Ljava/lang/Object; @ 17 c2
Event: 26.503 Thread 0x00000172c88f1ee0 DEOPT PACKING pc=0x00000172f4f1d930 sp=0x0000006caf5fdbf0
Event: 26.503 Thread 0x00000172c88f1ee0 DEOPT UNPACKING pc=0x00000172f48146a2 sp=0x0000006caf5fdba8 mode 2

Classes loaded (20 events):
Event: 26.498 Loading class javax/swing/GroupLayout
Event: 26.499 Loading class javax/swing/GroupLayout done
Event: 26.499 Loading class javax/swing/GroupLayout$Alignment
Event: 26.499 Loading class javax/swing/GroupLayout$Alignment done
Event: 26.499 Loading class javax/swing/GroupLayout$AutoPreferredGapSpring
Event: 26.499 Loading class javax/swing/GroupLayout$AutoPreferredGapSpring done
Event: 26.499 Loading class javax/swing/GroupLayout$ContainerAutoPreferredGapSpring
Event: 26.500 Loading class javax/swing/GroupLayout$ContainerAutoPreferredGapSpring done
Event: 26.500 Loading class javax/swing/GroupLayout$ComponentSpring
Event: 26.500 Loading class javax/swing/GroupLayout$ComponentSpring done
Event: 26.500 Loading class javax/swing/GroupLayout$ComponentInfo
Event: 26.500 Loading class javax/swing/GroupLayout$ComponentInfo done
Event: 26.500 Loading class javax/swing/GroupLayout$GapSpring
Event: 26.500 Loading class javax/swing/GroupLayout$GapSpring done
Event: 26.502 Loading class javax/swing/LayoutStyle$ComponentPlacement
Event: 26.502 Loading class javax/swing/LayoutStyle$ComponentPlacement done
Event: 26.503 Loading class javax/swing/SwingUtilities$SharedOwnerFrame
Event: 26.503 Loading class javax/swing/SwingUtilities$SharedOwnerFrame done
Event: 26.503 Loading class javax/swing/GroupLayout$AutoPreferredGapMatch
Event: 26.504 Loading class javax/swing/GroupLayout$AutoPreferredGapMatch done

Classes unloaded (0 events):
No events

Classes redefined (0 events):
No events

Internal exceptions (20 events):
Event: 1.115 Thread 0x00000172e2c0e110 Exception <a 'java/lang/NoSuchMethodError'{0x000000008ff0be38}: 'void java.lang.invoke.Invokers$Holder.invokeExact_MT(java.lang.Object, java.lang.Object, java.lang.Object, java.lang.Object)'> (0x000000008ff0be38) 
thrown [s\open\src\hotspot\share\interpreter\linkResolver.cpp, line 773]
Event: 1.119 Thread 0x00000172e2c0e110 Exception <a 'java/lang/NoSuchMethodError'{0x000000008ff30948}: 'void java.lang.invoke.DirectMethodHandle$Holder.invokeSpecial(java.lang.Object, java.lang.Object, java.lang.Object, java.lang.Object, java.lang.Object)'> (0x000000008ff30948) 
thrown [s\open\src\hotspot\share\interpreter\linkResolver.cpp, line 773]
Event: 1.161 Thread 0x00000172c7f7c390 Exception <a 'java/lang/NoSuchMethodError'{0x0000000090972460}: 'void java.lang.invoke.DirectMethodHandle$Holder.invokeVirtual(java.lang.Object, java.lang.Object)'> (0x0000000090972460) 
thrown [s\open\src\hotspot\share\interpreter\linkResolver.cpp, line 773]
Event: 1.182 Thread 0x00000172e2c0e110 Exception <a 'java/lang/NoSuchMethodError'{0x000000008ffbe320}: 'void java.lang.invoke.DirectMethodHandle$Holder.invokeStaticInit(java.lang.Object)'> (0x000000008ffbe320) 
thrown [s\open\src\hotspot\share\interpreter\linkResolver.cpp, line 773]
Event: 2.640 Thread 0x00000172c88f1ee0 Exception <a 'java/lang/NoSuchMethodError'{0x000000008f707cb0}: 'java.lang.Object java.lang.invoke.DirectMethodHandle$Holder.invokeInterface(java.lang.Object, java.lang.Object)'> (0x000000008f707cb0) 
thrown [s\open\src\hotspot\share\interpreter\linkResolver.cpp, line 773]
Event: 2.715 Thread 0x00000172c88f1ee0 Exception <a 'java/lang/NoSuchMethodError'{0x000000009085ad98}: 'void java.lang.invoke.DirectMethodHandle$Holder.invokeStatic(java.lang.Object, java.lang.Object, java.lang.Object)'> (0x000000009085ad98) 
thrown [s\open\src\hotspot\share\interpreter\linkResolver.cpp, line 773]
Event: 2.716 Thread 0x00000172c88f1ee0 Exception <a 'java/lang/NoSuchMethodError'{0x0000000090863f30}: 'java.lang.Object java.lang.invoke.DirectMethodHandle$Holder.invokeVirtual(java.lang.Object, java.lang.Object, java.lang.Object)'> (0x0000000090863f30) 
thrown [s\open\src\hotspot\share\interpreter\linkResolver.cpp, line 773]
Event: 2.941 Thread 0x00000172c88f1ee0 Exception <a 'java/lang/NoSuchMethodError'{0x000000008ff6c150}: 'void java.lang.invoke.DirectMethodHandle$Holder.invokeStaticInit(java.lang.Object, java.lang.Object)'> (0x000000008ff6c150) 
thrown [s\open\src\hotspot\share\interpreter\linkResolver.cpp, line 773]
Event: 3.322 Thread 0x00000172c88f1ee0 Exception <a 'java/lang/NoSuchMethodError'{0x000000008fd9a670}: 'int java.lang.invoke.Invokers$Holder.invokeExact_MT(java.lang.Object, java.lang.Object, java.lang.Object)'> (0x000000008fd9a670) 
thrown [s\open\src\hotspot\share\interpreter\linkResolver.cpp, line 773]
Event: 3.420 Thread 0x00000172c8452350 Implicit null exception at 0x00000172f4dfd0aa to 0x00000172f4dfec4c
Event: 3.702 Thread 0x00000172c88f1ee0 Exception <a 'java/lang/NoSuchMethodError'{0x0000000090a40f78}: 'void java.lang.invoke.Invokers$Holder.invokeExact_MT(java.lang.Object, java.lang.Object, java.lang.Object)'> (0x0000000090a40f78) 
thrown [s\open\src\hotspot\share\interpreter\linkResolver.cpp, line 773]
Event: 3.746 Thread 0x00000172c88f1ee0 Exception <a 'java/lang/NoSuchMethodError'{0x000000008e5543c8}: 'float java.lang.invoke.DirectMethodHandle$Holder.invokeInterface(java.lang.Object, java.lang.Object)'> (0x000000008e5543c8) 
thrown [s\open\src\hotspot\share\interpreter\linkResolver.cpp, line 773]
Event: 3.746 Thread 0x00000172c88f1ee0 Exception <a 'java/lang/IncompatibleClassChangeError'{0x000000008e557c40}: Found class java.lang.Object, but interface was expected> (0x000000008e557c40) 
thrown [s\open\src\hotspot\share\interpreter\linkResolver.cpp, line 840]
Event: 3.865 Thread 0x00000172c88f1ee0 Exception <a 'java/lang/NoSuchMethodError'{0x000000008e279d88}: 'double java.lang.invoke.DirectMethodHandle$Holder.invokeSpecial(java.lang.Object, java.lang.Object)'> (0x000000008e279d88) 
thrown [s\open\src\hotspot\share\interpreter\linkResolver.cpp, line 773]
Event: 5.050 Thread 0x00000172c88f1ee0 Exception <a 'java/lang/NoSuchMethodError'{0x000000008dff3480}: 'int java.lang.invoke.DirectMethodHandle$Holder.invokeStaticInit(java.lang.Object, java.lang.Object, java.lang.Object)'> (0x000000008dff3480) 
thrown [s\open\src\hotspot\share\interpreter\linkResolver.cpp, line 773]
Event: 5.262 Thread 0x00000172c88f1ee0 Exception <a 'java/lang/NoSuchMethodError'{0x000000008da526a8}: 'java.lang.Object java.lang.invoke.DirectMethodHandle$Holder.newInvokeSpecial(java.lang.Object, int, java.lang.Object)'> (0x000000008da526a8) 
thrown [s\open\src\hotspot\share\interpreter\linkResolver.cpp, line 773]
Event: 5.300 Thread 0x00000172c88f1ee0 Exception <a 'java/lang/NoSuchMethodError'{0x000000008dabded8}: 'java.lang.Object java.lang.invoke.DirectMethodHandle$Holder.invokeSpecial(java.lang.Object, java.lang.Object, java.lang.Object, java.lang.Object, java.lang.Object, int)'> (0x000000008dabded8) 
thrown [s\open\src\hotspot\share\interpreter\linkResolver.cpp, line 773]
Event: 6.798 Thread 0x00000172c8452350 Implicit null exception at 0x00000172f4e0220e to 0x00000172f4e026ac
Event: 26.495 Thread 0x00000172c74991e0 Implicit null exception at 0x00000172f4e931c4 to 0x00000172f4e93908
Event: 26.495 Thread 0x00000172c74991e0 Implicit null exception at 0x00000172f4e8e340 to 0x00000172f4e8ea70

ZGC Phase Switch (0 events):
No events

VM Operations (20 events):
Event: 15.020 Executing VM operation: Cleanup
Event: 15.020 Executing VM operation: Cleanup done
Event: 16.034 Executing VM operation: Cleanup
Event: 16.034 Executing VM operation: Cleanup done
Event: 17.054 Executing VM operation: Cleanup
Event: 17.054 Executing VM operation: Cleanup done
Event: 18.074 Executing VM operation: Cleanup
Event: 18.074 Executing VM operation: Cleanup done
Event: 19.076 Executing VM operation: Cleanup
Event: 19.076 Executing VM operation: Cleanup done
Event: 20.084 Executing VM operation: Cleanup
Event: 20.084 Executing VM operation: Cleanup done
Event: 21.084 Executing VM operation: Cleanup
Event: 21.084 Executing VM operation: Cleanup done
Event: 22.090 Executing VM operation: Cleanup
Event: 22.090 Executing VM operation: Cleanup done
Event: 26.492 Executing VM operation: HandshakeAllThreads (Deoptimize)
Event: 26.492 Executing VM operation: HandshakeAllThreads (Deoptimize) done
Event: 26.492 Executing VM operation: Cleanup
Event: 26.492 Executing VM operation: Cleanup done

Events (20 events):
Event: 6.696 Thread 0x00000172ff946d10 flushing nmethod 0x00000172f4f08c10
Event: 6.696 Thread 0x00000172ff946d10 flushing nmethod 0x00000172f4f02c90
Event: 6.696 Thread 0x00000172ff946d10 flushing nmethod 0x00000172f4eeea10
Event: 6.696 Thread 0x00000172ff946d10 flushing nmethod 0x00000172f4ee8890
Event: 6.696 Thread 0x00000172ff946d10 flushing nmethod 0x00000172f4ed4490
Event: 6.696 Thread 0x00000172ff946d10 flushing nmethod 0x00000172f4ee4710
Event: 6.696 Thread 0x00000172ff946d10 flushing nmethod 0x00000172f4eb1e90
Event: 6.696 Thread 0x00000172ff946d10 flushing nmethod 0x00000172f4e91690
Event: 6.696 Thread 0x00000172ff946d10 flushing nmethod 0x00000172f4e13d90
Event: 6.696 Thread 0x00000172ff946d10 flushing nmethod 0x00000172f4e11010
Event: 6.696 Thread 0x00000172ff946d10 flushing nmethod 0x00000172f4e22790
Event: 6.696 Thread 0x00000172ff946d10 flushing nmethod 0x00000172f4db5c90
Event: 6.769 Thread 0x00000172ffb07fd0 Thread added: 0x00000172ffb07fd0
Event: 7.393 Thread 0x00000172ffb07fd0 Thread exited: 0x00000172ffb07fd0
Event: 8.618 Thread 0x00000172ffb07fd0 Thread added: 0x00000172ffb07fd0
Event: 9.065 Thread 0x00000172ffb07fd0 Thread exited: 0x00000172ffb07fd0
Event: 18.035 Thread 0x00000172c8452350 Thread exited: 0x00000172c8452350
Event: 18.830 Thread 0x00000172ffb07fd0 Thread added: 0x00000172ffb07fd0
Event: 19.602 Thread 0x00000172ffb07fd0 Thread exited: 0x00000172ffb07fd0
Event: 26.492 Thread 0x00000172c74991e0 Thread added: 0x00000172c74991e0


Dynamic libraries:
0x00007ff714350000 - 0x00007ff714360000 	D:\Program Files\Java\jdk-21\bin\java.exe
0x00007ffc6df50000 - 0x00007ffc6e167000 	C:\WINDOWS\SYSTEM32\ntdll.dll
0x00007ffc6bce0000 - 0x00007ffc6bda4000 	C:\WINDOWS\System32\KERNEL32.DLL
0x00007ffc6b6f0000 - 0x00007ffc6ba9d000 	C:\WINDOWS\System32\KERNELBASE.dll
0x00007ffc6b430000 - 0x00007ffc6b541000 	C:\WINDOWS\System32\ucrtbase.dll
0x00007ffc50d70000 - 0x00007ffc50d89000 	D:\Program Files\Java\jdk-21\bin\jli.dll
0x00007ffc66c60000 - 0x00007ffc66c7b000 	D:\Program Files\Java\jdk-21\bin\VCRUNTIME140.dll
0x00007ffc6d860000 - 0x00007ffc6d912000 	C:\WINDOWS\System32\ADVAPI32.dll
0x00007ffc6c1f0000 - 0x00007ffc6c297000 	C:\WINDOWS\System32\msvcrt.dll
0x00007ffc6d650000 - 0x00007ffc6d6f9000 	C:\WINDOWS\System32\sechost.dll
0x00007ffc6b330000 - 0x00007ffc6b358000 	C:\WINDOWS\System32\bcrypt.dll
0x00007ffc6c9f0000 - 0x00007ffc6cb04000 	C:\WINDOWS\System32\RPCRT4.dll
0x00007ffc6c840000 - 0x00007ffc6c9ee000 	C:\WINDOWS\System32\USER32.dll
0x00007ffc62b60000 - 0x00007ffc62df3000 	C:\WINDOWS\WinSxS\amd64_microsoft.windows.common-controls_6595b64144ccf1df_6.0.22621.3672_none_2713b9d173822955\COMCTL32.dll
0x00007ffc6b360000 - 0x00007ffc6b386000 	C:\WINDOWS\System32\win32u.dll
0x00007ffc6c320000 - 0x00007ffc6c349000 	C:\WINDOWS\System32\GDI32.dll
0x00007ffc6b5d0000 - 0x00007ffc6b6e9000 	C:\WINDOWS\System32\gdi32full.dll
0x00007ffc6b390000 - 0x00007ffc6b42a000 	C:\WINDOWS\System32\msvcp_win.dll
0x00007ffc66410000 - 0x00007ffc6641a000 	C:\WINDOWS\SYSTEM32\VERSION.dll
0x00007ffc6cb10000 - 0x00007ffc6cb41000 	C:\WINDOWS\System32\IMM32.DLL
0x00007ffc655f0000 - 0x00007ffc655fc000 	D:\Program Files\Java\jdk-21\bin\vcruntime140_1.dll
0x00007ffc559c0000 - 0x00007ffc55a4e000 	D:\Program Files\Java\jdk-21\bin\msvcp140.dll
0x00007ffbf6140000 - 0x00007ffbf6e55000 	D:\Program Files\Java\jdk-21\bin\server\jvm.dll
0x00007ffc6d4c0000 - 0x00007ffc6d531000 	C:\WINDOWS\System32\WS2_32.dll
0x00007ffc6af80000 - 0x00007ffc6afcd000 	C:\WINDOWS\SYSTEM32\POWRPROF.dll
0x00007ffc66b50000 - 0x00007ffc66b84000 	C:\WINDOWS\SYSTEM32\WINMM.dll
0x00007ffc6af60000 - 0x00007ffc6af73000 	C:\WINDOWS\SYSTEM32\UMPDC.dll
0x00007ffc6a2a0000 - 0x00007ffc6a2b8000 	C:\WINDOWS\SYSTEM32\kernel.appcore.dll
0x00007ffc655e0000 - 0x00007ffc655ea000 	D:\Program Files\Java\jdk-21\bin\jimage.dll
0x00007ffc65600000 - 0x00007ffc65832000 	C:\WINDOWS\SYSTEM32\DBGHELP.DLL
0x00007ffc6be60000 - 0x00007ffc6c1ed000 	C:\WINDOWS\System32\combase.dll
0x00007ffc6d920000 - 0x00007ffc6d9f7000 	C:\WINDOWS\System32\OLEAUT32.dll
0x00007ffc5f380000 - 0x00007ffc5f3b2000 	C:\WINDOWS\SYSTEM32\dbgcore.DLL
0x00007ffc6b550000 - 0x00007ffc6b5cb000 	C:\WINDOWS\System32\bcryptPrimitives.dll
0x00007ffc5a460000 - 0x00007ffc5a47f000 	D:\Program Files\Java\jdk-21\bin\java.dll
0x00007ffc6cb60000 - 0x00007ffc6d3c8000 	C:\WINDOWS\System32\SHELL32.dll
0x00007ffc691c0000 - 0x00007ffc69abe000 	C:\WINDOWS\SYSTEM32\windows.storage.dll
0x00007ffc69080000 - 0x00007ffc691bf000 	C:\WINDOWS\SYSTEM32\wintypes.dll
0x00007ffc6c720000 - 0x00007ffc6c819000 	C:\WINDOWS\System32\SHCORE.dll
0x00007ffc6da20000 - 0x00007ffc6da7e000 	C:\WINDOWS\System32\shlwapi.dll
0x00007ffc6b1a0000 - 0x00007ffc6b1c1000 	C:\WINDOWS\SYSTEM32\profapi.dll
0x00007ffc55a50000 - 0x00007ffc55b27000 	D:\Program Files\Java\jdk-21\bin\jsvml.dll
0x00007ffc5f270000 - 0x00007ffc5f280000 	D:\Program Files\Java\jdk-21\bin\net.dll
0x00007ffc67950000 - 0x00007ffc67a86000 	C:\WINDOWS\SYSTEM32\WINHTTP.dll
0x00007ffc6a710000 - 0x00007ffc6a779000 	C:\WINDOWS\system32\mswsock.dll
0x00007ffc5a440000 - 0x00007ffc5a456000 	D:\Program Files\Java\jdk-21\bin\nio.dll
0x00007ffc57b00000 - 0x00007ffc57b18000 	D:\Program Files\Java\jdk-21\bin\zip.dll
0x00007ffbfe1f0000 - 0x00007ffbfe37f000 	D:\Program Files\Java\jdk-21\bin\awt.dll
0x00007ffc66420000 - 0x00007ffc664b7000 	C:\WINDOWS\SYSTEM32\apphelp.dll
0x00007ffc6a980000 - 0x00007ffc6a99b000 	C:\WINDOWS\SYSTEM32\CRYPTSP.dll
0x00007ffc6a200000 - 0x00007ffc6a235000 	C:\WINDOWS\system32\rsaenh.dll
0x00007ffc6a810000 - 0x00007ffc6a838000 	C:\WINDOWS\SYSTEM32\USERENV.dll
0x00007ffc6a970000 - 0x00007ffc6a97c000 	C:\WINDOWS\SYSTEM32\CRYPTBASE.dll
0x00007ffc69d20000 - 0x00007ffc69d4d000 	C:\WINDOWS\SYSTEM32\IPHLPAPI.DLL
0x00007ffc6cb50000 - 0x00007ffc6cb59000 	C:\WINDOWS\System32\NSI.dll
0x00007ffc38c60000 - 0x00007ffc38ce7000 	D:\Program Files\Java\jdk-21\bin\freetype.dll
0x00007ffc150a0000 - 0x00007ffc15173000 	D:\Program Files\Java\jdk-21\bin\fontmanager.dll
0x00007ffc68a00000 - 0x00007ffc68a2b000 	C:\WINDOWS\system32\DWMAPI.DLL
0x00007ffc68770000 - 0x00007ffc68820000 	C:\WINDOWS\system32\uxtheme.dll
0x00007ffc6d700000 - 0x00007ffc6d85b000 	C:\WINDOWS\System32\MSCTF.dll
0x00007ffc6c570000 - 0x00007ffc6c715000 	C:\WINDOWS\System32\ole32.dll
0x00007ffc0af40000 - 0x00007ffc0b040000 	C:\WINDOWS\system32\opengl32.dll
0x00007ffc0aa20000 - 0x00007ffc0aa4d000 	C:\WINDOWS\SYSTEM32\GLU32.dll
0x00007ffc68890000 - 0x00007ffc688c7000 	C:\WINDOWS\SYSTEM32\dxcore.dll
0x00007ffc139c0000 - 0x00007ffc13b68000 	C:\WINDOWS\system32\d3d9.dll
0x00007ffc5e3b0000 - 0x00007ffc5e56b000 	C:\WINDOWS\System32\DriverStore\FileRepository\u0382030.inf_amd64_c27c1f19988d7c7e\B381533\aticfx64.dll
0x00007ffc47ab0000 - 0x00007ffc47ae4000 	C:\WINDOWS\System32\DriverStore\FileRepository\u0382030.inf_amd64_c27c1f19988d7c7e\B381533\atiu9p64.dll
0x00007ffba7790000 - 0x00007ffba84e5000 	C:\WINDOWS\System32\DriverStore\FileRepository\u0382030.inf_amd64_c27c1f19988d7c7e\B381533\atiumd64.dll
0x0000000073f70000 - 0x0000000074e96000 	C:\WINDOWS\System32\DriverStore\FileRepository\u0382030.inf_amd64_c27c1f19988d7c7e\B381533\atiumd6a.dll
0x00007ffc6da80000 - 0x00007ffc6def4000 	C:\WINDOWS\System32\SETUPAPI.dll
0x00007ffc5c300000 - 0x00007ffc5c335000 	C:\WINDOWS\SYSTEM32\amdihk64.dll
0x00007ffc63100000 - 0x00007ffc63149000 	C:\WINDOWS\SYSTEM32\directxdatabasehelper.dll
0x00007ffc55be0000 - 0x00007ffc55be6000 	C:\Users\HOME\AppData\Local\Temp\flatlaf.temp\flatlaf-windows-x86_64-311006254040000.dll
0x00007ffc6bdb0000 - 0x00007ffc6be60000 	C:\WINDOWS\System32\clbcatq.dll
0x00007ffc684e0000 - 0x00007ffc68691000 	C:\WINDOWS\SYSTEM32\WindowsCodecs.dll
0x00007ffc40280000 - 0x00007ffc402de000 	C:\WINDOWS\system32\dataexchange.dll
0x00007ffc5ee40000 - 0x00007ffc5f0ca000 	C:\WINDOWS\system32\twinapi.appcore.dll
0x00007ffc55990000 - 0x00007ffc55997000 	D:\Program Files\Java\jdk-21\bin\jawt.dll
0x00007ffc58760000 - 0x00007ffc588ae000 	C:\WINDOWS\SYSTEM32\textinputframework.dll
0x00007ffc64d80000 - 0x00007ffc64eb3000 	C:\WINDOWS\SYSTEM32\CoreMessaging.dll
0x00007ffc60e80000 - 0x00007ffc611ed000 	C:\WINDOWS\SYSTEM32\CoreUIComponents.dll
0x00007ffc5aa40000 - 0x00007ffc5aa47000 	D:\Program Files\Java\jdk-21\bin\extnet.dll
0x00007ffc69d50000 - 0x00007ffc69e48000 	C:\WINDOWS\SYSTEM32\DNSAPI.dll
0x00007ffc66810000 - 0x00007ffc6681a000 	C:\Windows\System32\rasadhlp.dll
0x00007ffc66a40000 - 0x00007ffc66ac3000 	C:\WINDOWS\System32\fwpuclnt.dll
0x00007ffc4bb70000 - 0x00007ffc4bb9e000 	D:\Program Files\Java\jdk-21\bin\javajpeg.dll
0x00007ffc5b000000 - 0x00007ffc5b010000 	D:\Program Files\Java\jdk-21\bin\verify.dll

dbghelp: loaded successfully - version: 4.0.5 - missing functions: none
symbol engine: initialized successfully - sym options: 0x614 - pdb path: .;D:\Program Files\Java\jdk-21\bin;C:\WINDOWS\SYSTEM32;C:\WINDOWS\WinSxS\amd64_microsoft.windows.common-controls_6595b64144ccf1df_6.0.22621.3672_none_2713b9d173822955;D:\Program Files\Java\jdk-21\bin\server;C:\WINDOWS\System32\DriverStore\FileRepository\u0382030.inf_amd64_c27c1f19988d7c7e\B381533;C:\Users\HOME\AppData\Local\Temp\flatlaf.temp

VM Arguments:
jvm_args: -Dfile.encoding=UTF-8 --module-path=D:\AppSieuThiMini-Java-CNPM\build\classes 
java_command: GUI.login_page
java_class_path (initial): D:\Cac_thu_vien\SparseBitSet-1.2.jar;D:\Cac_thu_vien\activation.jar;D:\Cac_thu_vien\ant-1.10.12.jar;D:\Cac_thu_vien\ant-launcher-1.10.12.jar;D:\Cac_thu_vien\commons-beanutils-1.8.3.jar;D:\Cac_thu_vien\commons-codec-1.15.jar;D:\Cac_thu_vien\commons-collections-3.2.1-1.0.0.jar;D:\Cac_thu_vien\commons-collections4-4.4.jar;D:\Cac_thu_vien\commons-compress-1.21.jar;D:\Cac_thu_vien\commons-digester-2.1.jar;D:\Cac_thu_vien\commons-io-2.11.0.jar;D:\Cac_thu_vien\commons-logging-1.2.1.1.jar;D:\Cac_thu_vien\commons-math3-3.6.1.jar;D:\Cac_thu_vien\curvesapi-1.07.jar;D:\Cac_thu_vien\flatlaf-3.5.1.jar;D:\Cac_thu_vien\flatlaf-extras-3.5.1.jar;D:\Cac_thu_vien\groovy-all-2.0.8.jar;D:\Cac_thu_vien\itext-2.1.7.jar;D:\Cac_thu_vien\jasperreports-6.20.0.jar;D:\Cac_thu_vien\jasperreports-6.5.1.jar;D:\Cac_thu_vien\javax.mail.jar;D:\Cac_thu_vien\jcalendar-1.4.jar;D:\Cac_thu_vien\jcommon-1.0.0.jar;D:\Cac_thu_vien\jfreechart-1.0.1.jar;D:\Cac_thu_vien\jsvg-1.4.0.jar;D:\Cac_thu_vien\log4j-api-2.18.0.jar;D:\Cac_thu_vien\mssql-jdbc-12.2.0.jre11.jar;D:\Cac_thu_vien\poi-5.2.3.jar;D:\Cac_thu_vien\poi-excelant-5.2.3.jar;D:\Cac_thu_vien\poi-ooxml-5.2.3.jar;D:\Cac_thu_vien\poi-ooxml-lite-5.2.3.jar;D:\Cac_thu_vien\timingframework-1.0.jar;D:\Cac_thu_vien\timingframework-core-7.4.2.jar;D:\Cac_thu_vien\timingframework-swing-7.4.2.jar;D:\Cac_thu_vien\xmlbeans-5.1.1.jar;D:\Ban_va_1_cn\Cac_thu_vien\SparseBitSet-1.2.jar;D:\Ban_va_1_cn\Cac_thu_vien\activation.jar;D:\Ban_va_1_cn\Cac_thu_vien\ant-1.10.12.jar;D:\Ban_va_1_cn\Cac_thu_vien\ant-launcher-1.10.12.jar;D:\Ban_va_1_cn\Cac_thu_vien\bouncy-castle-connector-8.0.5.jar;D:\Ban_va_1_cn\Cac_thu_vien\com.jaspersoft.studio.data.dtp_0.1.0.201105111556.jar;D:\Ban_va_1_cn\Cac_thu_vien\commons-8.0.5.jar;D:\Ban_va_1_cn\Cac_thu_vien\commons-beanutils-1.8.3.jar;D:\Ban_va_1_cn\Cac_thu_vien\commons-codec-1.15.jar;D:\Ban_va_1_cn\Cac_thu_vien\commons-collections-3.2.1-1.0.0.jar;D:\Ban_va_1_cn\Cac_thu_vien\commons-collections4-4.4.jar;D:\Ban_va_1_cn\Cac_thu_vien\commons-compress-1.21.jar;D:\Ban_va_1_cn\Cac_thu_vien\commons-digester-2.1.jar;D:\Ban_va_1_cn\Cac_thu_vien\commons-io-2.11.0.jar;D:\Ban_va_1_cn\Cac_thu_vien\commons-logging-1.2.1.1.jar;D:\Ban_va_1_cn\Cac_thu_vien\commons-math3-3.6.1.jar;D:\Ban_va_1_cn\Cac_thu_vien\curvesapi-1.07.jar;D:\Ban_va_1_cn\Cac_thu_vien\flatlaf-3.5.1.jar;D:\Ban_va_1_cn\Cac_thu_vien\flatlaf-extras-3.5.1.jar;D:\Ban_va_1_cn\Cac_thu_vien\groovy-all-2.0.8.jar;D:\Ban_va_1_cn\Cac_thu_vien\io-8.0.5.jar;D:\Ban_va_1_cn\Cac_thu_vien\itext-2.1.7.jar;D:\Ban_va_1_cn\Cac_thu_vien\itext-2.1.7.js4-sources.jar;D:\Ban_va_1_cn\Cac_thu_vien\itext-2.1.7.js6-sources.jar;D:\Ban_va_1_cn\Cac_thu_vien\itext-asian-5.2.0.jar;D:\Ban_va_1_cn\Cac_thu_vien\itextpdf-5.5.13.4.jar;D:\Ban_va_1_cn\Cac_thu_vien\jasperreports-6.20.0.jar;D:\Ban_va_1_cn\Cac_thu_vien\jasperreports-6.5.1.jar;D:\Ban_va_1_cn\Cac_thu_vien\javax.mail.jar;D:\Ban_va_1_cn\Cac_thu_vien\jcalendar-1.4.jar;D:\Ban_va_1_cn\Cac_thu_vien\jcommon-1.0.0.jar;D:\Ban_va_1_cn\Cac_thu_vien\jfreechart-1.0.1.jar;D:\Ban_va_1_cn\Cac_thu_vien\jsvg-1.4.0.jar;D:\Ban_va_1_cn\Cac_thu_vien\kernel-8.0.5.jar;D:\Ban_va_1_cn\Cac_thu_vien\layout-8.0.5.jar;D:\Ban_va_1_cn\Cac_thu_vien\log4j-1.2-api-2.23.1.jar;D:\Ban_va_1_cn\Cac_thu_vien\log4j-api-2.18.0.jar;D:\Ban_va_1_cn\Cac_thu_vien\log4j-core-2.18.0.jar;D:\Ban_va_1_cn\Cac_thu_vien\log4j-core-2.23.1.jar;D:\Ban_va_1_cn\Cac_thu_vien\mssql-jdbc-12.2.0.jre11.jar;D:\Ban_va_1_cn\Cac_thu_vien\mssql-jdbc-8.2.2.jre8.jar;D:\Ban_va_1_cn\Cac_thu_vien\poi-5.2.3.jar;D:\Ban_va_1_cn\Cac_thu_vien\poi-excelant-5.2.3.jar;D:\Ban_va_1_cn\Cac_thu_vien\poi-ooxml-5.2.3.jar;D:\Ban_va_1_cn\Cac_thu_vien\poi-ooxml-lite-5.2.3.jar;D:\Ban_va_1_cn\Cac_thu_vien\slf4j-api-1.7.36.jar;D:\Ban_va_1_cn\Cac_thu_vien\timingframework-1.0.jar;D:\Ban_va_1_cn\Cac_thu_vien\xmlbeans-5.1.1.jar;D:\Ban_va_1_cn\Cac_thu_vien\mysql-connector-java-8.0.30.jar;D:\Ban_va_1_cn\Cac_thu_vien\flatlaf-fonts-roboto-mono-3.000.jar;D:\Ban_va_1_cn\Cac_thu_vien\flatlaf-3.0.jar;D:\Ban_va_1_cn\Cac_thu_vien\flatlaf-fonts-roboto-2.137.jar;D:\AppSieuThiMini-Java-CNPM\build\classes
Launcher Type: SUN_STANDARD

[Global flags]
     intx CICompilerCount                          = 4                                         {product} {ergonomic}
     uint ConcGCThreads                            = 3                                         {product} {ergonomic}
     uint G1ConcRefinementThreads                  = 10                                        {product} {ergonomic}
   size_t G1HeapRegionSize                         = 1048576                                   {product} {ergonomic}
    uintx GCDrainStackTargetSize                   = 64                                        {product} {ergonomic}
   size_t InitialHeapSize                          = 125829120                                 {product} {ergonomic}
   size_t MarkStackSize                            = 4194304                                   {product} {ergonomic}
   size_t MaxHeapSize                              = 1992294400                                {product} {ergonomic}
   size_t MaxNewSize                               = 1195376640                                {product} {ergonomic}
   size_t MinHeapDeltaBytes                        = 1048576                                   {product} {ergonomic}
   size_t MinHeapSize                              = 8388608                                   {product} {ergonomic}
    uintx NonNMethodCodeHeapSize                   = 5839372                                {pd product} {ergonomic}
    uintx NonProfiledCodeHeapSize                  = 122909434                              {pd product} {ergonomic}
    uintx ProfiledCodeHeapSize                     = 122909434                              {pd product} {ergonomic}
    uintx ReservedCodeCacheSize                    = 251658240                              {pd product} {ergonomic}
     bool SegmentedCodeCache                       = true                                      {product} {ergonomic}
   size_t SoftMaxHeapSize                          = 1992294400                             {manageable} {ergonomic}
     bool UseCompressedOops                        = true                           {product lp64_product} {ergonomic}
     bool UseG1GC                                  = true                                      {product} {ergonomic}
     bool UseLargePagesIndividualAllocation        = false                                  {pd product} {ergonomic}

Logging:
Log output configuration:
 #0: stdout all=warning uptime,level,tags foldmultilines=false
 #1: stderr all=off uptime,level,tags foldmultilines=false

Environment Variables:
PATH=C:\Program Files\Common Files\Oracle\Java\javapath;C:\Program Files\Microsoft\jdk-11.0.12.7-hotspot\bin;C:\Windows\system32;C:\Windows;C:\Windows\System32\Wbem;C:\Windows\System32\WindowsPowerShell\v1.0\;C:\Windows\System32\OpenSSH\;C:\Program Files (x86)\NVIDIA Corporation\PhysX\Common;C:\Program Files\NVIDIA Corporation\NVIDIA NvDLISR;C:\WINDOWS\system32;C:\WINDOWS;C:\WINDOWS\System32\Wbem;C:\WINDOWS\System32\WindowsPowerShell\v1.0\;C:\WINDOWS\System32\OpenSSH\;C:\Program Files (x86)\Microsoft SQL Server\160\Tools\Binn\;C:\Program Files\Microsoft SQL Server\160\Tools\Binn\;C:\Program Files\Microsoft SQL Server\Client SDK\ODBC\170\Tools\Binn\;C:\Program Files\Microsoft SQL Server\160\DTS\Binn\;C:\Program Files (x86)\Microsoft SQL Server\160\DTS\Binn\;C:\Program Files (x86)\Microsoft SQL Server\150\Tools\Binn\;C:\Program Files\Microsoft SQL Server\150\Tools\Binn\;C:\Program Files\Microsoft SQL Server\150\DTS\Binn\;C:\Program Files\Microsoft SQL Server\Client SDK\ODBC\110\Tools\Binn\;C:\Program Files\RedHat\java-17-openjdk-17.0.8.1.1-2\bin;C:\Program Files\dotnet\;C:\Program Files\php-8.2.23;C:\ProgramData\ComposerSetup\bin;C:\Program Files\Git\cmd;D:\Program Files\nodejs\;C:\Users\HOME\AppData\Local\Programs\Python\Python312\Scripts\;C:\Users\HOME\AppData\Local\Programs\Python\Python312\;C:\Users\HOME\AppData\Local\Microsoft\WindowsApps;C:\Program Files\Azure Data Studio\bin;D:\Users\HOME\AppData\Local\Programs\Microsoft VS Code\bin;C:\Program Files\Git\bin;C:\Users\HOME\.dotnet\tools;C:\Users\HOME\AppData\Roaming\Composer\vendor\bin;C:\Users\HOME\AppData\Roaming\npm;D:\Program Files\JetBrains\IntelliJ IDEA 2023.3.6\bin;
USERNAME=HOME
OS=Windows_NT
PROCESSOR_IDENTIFIER=AMD64 Family 23 Model 96 Stepping 1, AuthenticAMD
TMP=C:\Users\HOME\AppData\Local\Temp
TEMP=C:\Users\HOME\AppData\Local\Temp




Periodic native trim disabled

---------------  S Y S T E M  ---------------

OS:
 Windows 11 , 64 bit Build 22621 (10.0.22621.3958)
OS uptime: 0 days 8:38 hours

CPU: total 12 (initial active 12) (12 cores per cpu, 2 threads per core) family 23 model 96 stepping 1 microcode 0x0, cx8, cmov, fxsr, ht, mmx, 3dnowpref, sse, sse2, sse3, ssse3, sse4a, sse4.1, sse4.2, popcnt, lzcnt, tsc, tscinvbit, avx, avx2, aes, clmul, bmi1, bmi2, adx, sha, fma, vzeroupper, clflush, clflushopt, rdtscp, rdpid, f16c
Processor Information for all 12 processors :
  Max Mhz: 3001, Current Mhz: 3001, Mhz Limit: 3001

Memory: 4k page, system-wide physical 7597M (632M free)
TotalPageFile size 31149M (AvailPageFile size 0M)
current process WorkingSet (physical memory assigned to process): 410M, peak: 418M
current process commit charge ("private bytes"): 488M, peak: 496M

vm_info: Java HotSpot(TM) 64-Bit Server VM (21.0.1+12-LTS-29) for windows-amd64 JRE (21.0.1+12-LTS-29), built on 2023-10-05T13:27:09Z by "mach5one" with MS VC++ 17.1 (VS2022)

END.
